[0.245s] Invoking command in '/home/pritam/ros2_WS/build/talker_listener': CMAKE_PREFIX_PATH=${CMAKE_PREFIX_PATH}:/home/pritam/ros2_WS/install/pub_sub:/opt/ros/humble /usr/bin/cmake /home/pritam/ros2_WS/src/talker_listener -DCMAKE_INSTALL_PREFIX=/home/pritam/ros2_WS/install/talker_listener
[0.389s] -- The C compiler identification is GNU 11.4.0
[1.055s] -- The CXX compiler identification is GNU 11.4.0
[1.504s] -- Detecting C compiler ABI info
[1.613s] -- Detecting C compiler ABI info - done
[1.620s] -- Check for working C compiler: /usr/bin/cc - skipped
[1.620s] -- Detecting C compile features
[1.620s] -- Detecting C compile features - done
[1.623s] -- Detecting CXX compiler ABI info
[1.762s] -- Detecting CXX compiler ABI info - done
[1.768s] -- Check for working CXX compiler: /usr/bin/c++ - skipped
[1.769s] -- Detecting CXX compile features
[1.769s] -- Detecting CXX compile features - done
[1.771s] -- Found ament_cmake: 1.3.12 (/opt/ros/humble/share/ament_cmake/cmake)
[1.907s] -- Found Python3: /usr/bin/python3 (found version "3.10.12") found components: Interpreter 
[1.986s] -- Found rclcpp: 16.0.15 (/opt/ros/humble/share/rclcpp/cmake)
[2.242s] -- Found rosidl_generator_c: 3.1.7 (/opt/ros/humble/share/rosidl_generator_c/cmake)
[2.245s] -- Found rosidl_adapter: 3.1.7 (/opt/ros/humble/share/rosidl_adapter/cmake)
[2.251s] -- Found rosidl_generator_cpp: 3.1.7 (/opt/ros/humble/share/rosidl_generator_cpp/cmake)
[2.261s] -- Using all available rosidl_typesupport_c: rosidl_typesupport_fastrtps_c;rosidl_typesupport_introspection_c
[2.273s] -- Using all available rosidl_typesupport_cpp: rosidl_typesupport_fastrtps_cpp;rosidl_typesupport_introspection_cpp
[2.312s] -- Found rmw_implementation_cmake: 6.1.2 (/opt/ros/humble/share/rmw_implementation_cmake/cmake)
[2.314s] -- Found rmw_fastrtps_cpp: 6.2.8 (/opt/ros/humble/share/rmw_fastrtps_cpp/cmake)
[4.183s] -- Found OpenSSL: /usr/lib/x86_64-linux-gnu/libcrypto.so (found version "3.0.2")  
[6.890s] -- Found FastRTPS: /opt/ros/humble/include  
[11.995s] -- Using RMW implementation 'rmw_fastrtps_cpp' as default
[12.005s] -- Looking for pthread.h
[12.211s] -- Looking for pthread.h - found
[12.211s] -- Performing Test CMAKE_HAVE_LIBC_PTHREAD
[12.496s] -- Performing Test CMAKE_HAVE_LIBC_PTHREAD - Success
[12.497s] -- Found Threads: TRUE  
[12.612s] -- Configuring done
[12.622s] -- Generating done
[12.627s] -- Build files have been written to: /home/pritam/ros2_WS/build/talker_listener
[12.638s] Invoked command in '/home/pritam/ros2_WS/build/talker_listener' returned '0': CMAKE_PREFIX_PATH=${CMAKE_PREFIX_PATH}:/home/pritam/ros2_WS/install/pub_sub:/opt/ros/humble /usr/bin/cmake /home/pritam/ros2_WS/src/talker_listener -DCMAKE_INSTALL_PREFIX=/home/pritam/ros2_WS/install/talker_listener
[12.642s] Invoking command in '/home/pritam/ros2_WS/build/talker_listener': CMAKE_PREFIX_PATH=${CMAKE_PREFIX_PATH}:/home/pritam/ros2_WS/install/pub_sub:/opt/ros/humble /usr/bin/cmake --build /home/pritam/ros2_WS/build/talker_listener -- -j12 -l12
[12.687s] [ 50%] [32mBuilding CXX object CMakeFiles/my_listener.dir/src/listener_node.cpp.o[0m
[12.687s] [ 50%] [32mBuilding CXX object CMakeFiles/my_talker.dir/src/talker_node.cpp.o[0m
[16.936s] [ 75%] [32m[1mLinking CXX executable my_talker[0m
[17.173s] [ 75%] Built target my_talker
[20.528s] [100%] [32m[1mLinking CXX executable my_listener[0m
[21.088s] [100%] Built target my_listener
[21.098s] Invoked command in '/home/pritam/ros2_WS/build/talker_listener' returned '0': CMAKE_PREFIX_PATH=${CMAKE_PREFIX_PATH}:/home/pritam/ros2_WS/install/pub_sub:/opt/ros/humble /usr/bin/cmake --build /home/pritam/ros2_WS/build/talker_listener -- -j12 -l12
[21.101s] Invoking command in '/home/pritam/ros2_WS/build/talker_listener': CMAKE_PREFIX_PATH=${CMAKE_PREFIX_PATH}:/home/pritam/ros2_WS/install/pub_sub:/opt/ros/humble /usr/bin/cmake --install /home/pritam/ros2_WS/build/talker_listener
[21.107s] -- Install configuration: ""
[21.108s] -- Installing: /home/pritam/ros2_WS/install/talker_listener/lib/talker_listener/my_talker
[21.109s] -- Set runtime path of "/home/pritam/ros2_WS/install/talker_listener/lib/talker_listener/my_talker" to ""
[21.109s] -- Installing: /home/pritam/ros2_WS/install/talker_listener/lib/talker_listener/my_listener
[21.111s] -- Set runtime path of "/home/pritam/ros2_WS/install/talker_listener/lib/talker_listener/my_listener" to ""
[21.111s] -- Installing: /home/pritam/ros2_WS/install/talker_listener/share/ament_index/resource_index/package_run_dependencies/talker_listener
[21.112s] -- Installing: /home/pritam/ros2_WS/install/talker_listener/share/ament_index/resource_index/parent_prefix_path/talker_listener
[21.112s] -- Installing: /home/pritam/ros2_WS/install/talker_listener/share/talker_listener/environment/ament_prefix_path.sh
[21.112s] -- Installing: /home/pritam/ros2_WS/install/talker_listener/share/talker_listener/environment/ament_prefix_path.dsv
[21.112s] -- Installing: /home/pritam/ros2_WS/install/talker_listener/share/talker_listener/environment/path.sh
[21.112s] -- Installing: /home/pritam/ros2_WS/install/talker_listener/share/talker_listener/environment/path.dsv
[21.113s] -- Installing: /home/pritam/ros2_WS/install/talker_listener/share/talker_listener/local_setup.bash
[21.113s] -- Installing: /home/pritam/ros2_WS/install/talker_listener/share/talker_listener/local_setup.sh
[21.113s] -- Installing: /home/pritam/ros2_WS/install/talker_listener/share/talker_listener/local_setup.zsh
[21.113s] -- Installing: /home/pritam/ros2_WS/install/talker_listener/share/talker_listener/local_setup.dsv
[21.113s] -- Installing: /home/pritam/ros2_WS/install/talker_listener/share/talker_listener/package.dsv
[21.113s] -- Installing: /home/pritam/ros2_WS/install/talker_listener/share/ament_index/resource_index/packages/talker_listener
[21.114s] -- Installing: /home/pritam/ros2_WS/install/talker_listener/share/talker_listener/cmake/talker_listenerConfig.cmake
[21.114s] -- Installing: /home/pritam/ros2_WS/install/talker_listener/share/talker_listener/cmake/talker_listenerConfig-version.cmake
[21.114s] -- Installing: /home/pritam/ros2_WS/install/talker_listener/share/talker_listener/package.xml
[21.116s] Invoked command in '/home/pritam/ros2_WS/build/talker_listener' returned '0': CMAKE_PREFIX_PATH=${CMAKE_PREFIX_PATH}:/home/pritam/ros2_WS/install/pub_sub:/opt/ros/humble /usr/bin/cmake --install /home/pritam/ros2_WS/build/talker_listener
