[1.737s] Invoking command in '/home/pritam/ros2_WS/src/pub_sub': PYTHONPATH=/home/pritam/ros2_WS/build/pub_sub/prefix_override:/usr/lib/python3/dist-packages/colcon_core/task/python/colcon_distutils_commands:/home/pritam/ros2_WS/install/pub_sub/lib/python3.10/site-packages:${PYTHONPATH} /usr/bin/python3 -W ignore:setup.py install is deprecated -W ignore:easy_install command is deprecated setup.py egg_info --egg-base ../../build/pub_sub build --build-base /home/pritam/ros2_WS/build/pub_sub/build install --record /home/pritam/ros2_WS/build/pub_sub/install.log --single-version-externally-managed install_data
[2.168s] running egg_info
[2.169s] writing ../../build/pub_sub/pub_sub.egg-info/PKG-INFO
[2.171s] writing dependency_links to ../../build/pub_sub/pub_sub.egg-info/dependency_links.txt
[2.171s] writing entry points to ../../build/pub_sub/pub_sub.egg-info/entry_points.txt
[2.172s] writing requirements to ../../build/pub_sub/pub_sub.egg-info/requires.txt
[2.172s] writing top-level names to ../../build/pub_sub/pub_sub.egg-info/top_level.txt
[2.174s] reading manifest file '../../build/pub_sub/pub_sub.egg-info/SOURCES.txt'
[2.177s] writing manifest file '../../build/pub_sub/pub_sub.egg-info/SOURCES.txt'
[2.177s] running build
[2.177s] running build_py
[2.178s] copying pub_sub/listener_node.py -> /home/pritam/ros2_WS/build/pub_sub/build/lib/pub_sub
[2.180s] running install
[2.180s] running install_lib
[2.182s] copying /home/pritam/ros2_WS/build/pub_sub/build/lib/pub_sub/listener_node.py -> /home/pritam/ros2_WS/install/pub_sub/lib/python3.10/site-packages/pub_sub
[2.183s] byte-compiling /home/pritam/ros2_WS/install/pub_sub/lib/python3.10/site-packages/pub_sub/listener_node.py to listener_node.cpython-310.pyc
[2.185s] running install_data
[2.185s] running install_egg_info
[2.187s] removing '/home/pritam/ros2_WS/install/pub_sub/lib/python3.10/site-packages/pub_sub-0.0.0-py3.10.egg-info' (and everything under it)
[2.189s] Copying ../../build/pub_sub/pub_sub.egg-info to /home/pritam/ros2_WS/install/pub_sub/lib/python3.10/site-packages/pub_sub-0.0.0-py3.10.egg-info
[2.192s] running install_scripts
[2.244s] Installing listener script to /home/pritam/ros2_WS/install/pub_sub/lib/pub_sub
[2.244s] Installing talker script to /home/pritam/ros2_WS/install/pub_sub/lib/pub_sub
[2.244s] writing list of installed files to '/home/pritam/ros2_WS/build/pub_sub/install.log'
[2.284s] Invoked command in '/home/pritam/ros2_WS/src/pub_sub' returned '0': PYTHONPATH=/home/pritam/ros2_WS/build/pub_sub/prefix_override:/usr/lib/python3/dist-packages/colcon_core/task/python/colcon_distutils_commands:/home/pritam/ros2_WS/install/pub_sub/lib/python3.10/site-packages:${PYTHONPATH} /usr/bin/python3 -W ignore:setup.py install is deprecated -W ignore:easy_install command is deprecated setup.py egg_info --egg-base ../../build/pub_sub build --build-base /home/pritam/ros2_WS/build/pub_sub/build install --record /home/pritam/ros2_WS/build/pub_sub/install.log --single-version-externally-managed install_data
