[1.143s] Invoking command in '/home/pritam/ros2_WS/src/pub_sub': PYTHONPATH=/home/pritam/ros2_WS/build/pub_sub/prefix_override:/usr/lib/python3/dist-packages/colcon_core/task/python/colcon_distutils_commands:/home/pritam/ros2_WS/install/pub_sub/lib/python3.10/site-packages:${PYTHONPATH} /usr/bin/python3 -W ignore:setup.py install is deprecated -W ignore:easy_install command is deprecated setup.py egg_info --egg-base ../../build/pub_sub build --build-base /home/pritam/ros2_WS/build/pub_sub/build install --record /home/pritam/ros2_WS/build/pub_sub/install.log --single-version-externally-managed install_data
[1.413s] running egg_info
[1.414s] writing ../../build/pub_sub/pub_sub.egg-info/PKG-INFO
[1.415s] writing dependency_links to ../../build/pub_sub/pub_sub.egg-info/dependency_links.txt
[1.415s] writing entry points to ../../build/pub_sub/pub_sub.egg-info/entry_points.txt
[1.415s] writing requirements to ../../build/pub_sub/pub_sub.egg-info/requires.txt
[1.415s] writing top-level names to ../../build/pub_sub/pub_sub.egg-info/top_level.txt
[1.418s] reading manifest file '../../build/pub_sub/pub_sub.egg-info/SOURCES.txt'
[1.420s] writing manifest file '../../build/pub_sub/pub_sub.egg-info/SOURCES.txt'
[1.420s] running build
[1.420s] running build_py
[1.421s] running install
[1.421s] running install_lib
[1.424s] running install_data
[1.424s] running install_egg_info
[1.426s] removing '/home/pritam/ros2_WS/install/pub_sub/lib/python3.10/site-packages/pub_sub-0.0.0-py3.10.egg-info' (and everything under it)
[1.427s] Copying ../../build/pub_sub/pub_sub.egg-info to /home/pritam/ros2_WS/install/pub_sub/lib/python3.10/site-packages/pub_sub-0.0.0-py3.10.egg-info
[1.428s] running install_scripts
[1.453s] Installing listener script to /home/pritam/ros2_WS/install/pub_sub/lib/pub_sub
[1.453s] Installing talker script to /home/pritam/ros2_WS/install/pub_sub/lib/pub_sub
[1.453s] writing list of installed files to '/home/pritam/ros2_WS/build/pub_sub/install.log'
[1.487s] Invoked command in '/home/pritam/ros2_WS/src/pub_sub' returned '0': PYTHONPATH=/home/pritam/ros2_WS/build/pub_sub/prefix_override:/usr/lib/python3/dist-packages/colcon_core/task/python/colcon_distutils_commands:/home/pritam/ros2_WS/install/pub_sub/lib/python3.10/site-packages:${PYTHONPATH} /usr/bin/python3 -W ignore:setup.py install is deprecated -W ignore:easy_install command is deprecated setup.py egg_info --egg-base ../../build/pub_sub build --build-base /home/pritam/ros2_WS/build/pub_sub/build install --record /home/pritam/ros2_WS/build/pub_sub/install.log --single-version-externally-managed install_data
