running egg_info
creating ../../build/pub_sub/pub_sub.egg-info
writing ../../build/pub_sub/pub_sub.egg-info/PKG-INFO
writing dependency_links to ../../build/pub_sub/pub_sub.egg-info/dependency_links.txt
writing entry points to ../../build/pub_sub/pub_sub.egg-info/entry_points.txt
writing requirements to ../../build/pub_sub/pub_sub.egg-info/requires.txt
writing top-level names to ../../build/pub_sub/pub_sub.egg-info/top_level.txt
writing manifest file '../../build/pub_sub/pub_sub.egg-info/SOURCES.txt'
reading manifest file '../../build/pub_sub/pub_sub.egg-info/SOURCES.txt'
writing manifest file '../../build/pub_sub/pub_sub.egg-info/SOURCES.txt'
running build
running build_py
creating /home/pritam/ros2_WS/build/pub_sub/build
creating /home/pritam/ros2_WS/build/pub_sub/build/lib
creating /home/pritam/ros2_WS/build/pub_sub/build/lib/pub_sub
copying pub_sub/__init__.py -> /home/pritam/ros2_WS/build/pub_sub/build/lib/pub_sub
copying pub_sub/talker_node.py -> /home/pritam/ros2_WS/build/pub_sub/build/lib/pub_sub
copying pub_sub/listener_node.py -> /home/pritam/ros2_WS/build/pub_sub/build/lib/pub_sub
running install
running install_lib
running install_data
running install_egg_info
removing '/home/pritam/ros2_WS/install/pub_sub/lib/python3.10/site-packages/pub_sub-0.0.0-py3.10.egg-info' (and everything under it)
Copying ../../build/pub_sub/pub_sub.egg-info to /home/pritam/ros2_WS/install/pub_sub/lib/python3.10/site-packages/pub_sub-0.0.0-py3.10.egg-info
running install_scripts
Installing listener script to /home/pritam/ros2_WS/install/pub_sub/lib/pub_sub
Installing talker script to /home/pritam/ros2_WS/install/pub_sub/lib/pub_sub
writing list of installed files to '/home/pritam/ros2_WS/build/pub_sub/install.log'
