[0.601s] Invoking command in '/home/pritam/ros2_WS/src/pub_sub': PYTHONPATH=/home/pritam/ros2_WS/build/pub_sub/prefix_override:/usr/lib/python3/dist-packages/colcon_core/task/python/colcon_distutils_commands:/home/pritam/ros2_WS/install/pub_sub/lib/python3.10/site-packages:${PYTHONPATH} /usr/bin/python3 -W ignore:setup.py install is deprecated -W ignore:easy_install command is deprecated setup.py egg_info --egg-base ../../build/pub_sub build --build-base /home/pritam/ros2_WS/build/pub_sub/build install --record /home/pritam/ros2_WS/build/pub_sub/install.log --single-version-externally-managed install_data
[0.826s] running egg_info
[0.827s] creating ../../build/pub_sub/pub_sub.egg-info
[0.827s] writing ../../build/pub_sub/pub_sub.egg-info/PKG-INFO
[0.828s] writing dependency_links to ../../build/pub_sub/pub_sub.egg-info/dependency_links.txt
[0.828s] writing entry points to ../../build/pub_sub/pub_sub.egg-info/entry_points.txt
[0.828s] writing requirements to ../../build/pub_sub/pub_sub.egg-info/requires.txt
[0.828s] writing top-level names to ../../build/pub_sub/pub_sub.egg-info/top_level.txt
[0.828s] writing manifest file '../../build/pub_sub/pub_sub.egg-info/SOURCES.txt'
[0.830s] reading manifest file '../../build/pub_sub/pub_sub.egg-info/SOURCES.txt'
[0.831s] writing manifest file '../../build/pub_sub/pub_sub.egg-info/SOURCES.txt'
[0.831s] running build
[0.831s] running build_py
[0.831s] creating /home/pritam/ros2_WS/build/pub_sub/build
[0.832s] creating /home/pritam/ros2_WS/build/pub_sub/build/lib
[0.832s] creating /home/pritam/ros2_WS/build/pub_sub/build/lib/pub_sub
[0.832s] copying pub_sub/__init__.py -> /home/pritam/ros2_WS/build/pub_sub/build/lib/pub_sub
[0.832s] copying pub_sub/talker_node.py -> /home/pritam/ros2_WS/build/pub_sub/build/lib/pub_sub
[0.832s] copying pub_sub/listener_node.py -> /home/pritam/ros2_WS/build/pub_sub/build/lib/pub_sub
[0.832s] running install
[0.833s] running install_lib
[0.834s] running install_data
[0.834s] running install_egg_info
[0.835s] removing '/home/pritam/ros2_WS/install/pub_sub/lib/python3.10/site-packages/pub_sub-0.0.0-py3.10.egg-info' (and everything under it)
[0.836s] Copying ../../build/pub_sub/pub_sub.egg-info to /home/pritam/ros2_WS/install/pub_sub/lib/python3.10/site-packages/pub_sub-0.0.0-py3.10.egg-info
[0.836s] running install_scripts
[0.855s] Installing listener script to /home/pritam/ros2_WS/install/pub_sub/lib/pub_sub
[0.856s] Installing talker script to /home/pritam/ros2_WS/install/pub_sub/lib/pub_sub
[0.856s] writing list of installed files to '/home/pritam/ros2_WS/build/pub_sub/install.log'
[0.882s] Invoked command in '/home/pritam/ros2_WS/src/pub_sub' returned '0': PYTHONPATH=/home/pritam/ros2_WS/build/pub_sub/prefix_override:/usr/lib/python3/dist-packages/colcon_core/task/python/colcon_distutils_commands:/home/pritam/ros2_WS/install/pub_sub/lib/python3.10/site-packages:${PYTHONPATH} /usr/bin/python3 -W ignore:setup.py install is deprecated -W ignore:easy_install command is deprecated setup.py egg_info --egg-base ../../build/pub_sub build --build-base /home/pritam/ros2_WS/build/pub_sub/build install --record /home/pritam/ros2_WS/build/pub_sub/install.log --single-version-externally-managed install_data
