[0.381s] DEBUG:colcon:Command line arguments: ['/usr/bin/colcon', 'build']
[0.381s] DEBUG:colcon:Parsed command line arguments: Namespace(log_base=None, log_level=None, verb_name='build', build_base='build', install_base='install', merge_install=False, symlink_install=False, test_result_base=None, continue_on_error=False, executor='parallel', parallel_workers=12, event_handlers=None, ignore_user_meta=False, metas=['./colcon.meta'], base_paths=['.'], packages_ignore=None, packages_ignore_regex=None, paths=None, packages_up_to=None, packages_up_to_regex=None, packages_above=None, packages_above_and_dependencies=None, packages_above_depth=None, packages_select_by_dep=None, packages_skip_by_dep=None, packages_skip_up_to=None, packages_select_build_failed=False, packages_skip_build_finished=False, packages_select_test_failures=False, packages_skip_test_passed=False, packages_select=None, packages_skip=None, packages_select_regex=None, packages_skip_regex=None, packages_start=None, packages_end=None, allow_overriding=[], cmake_args=None, cmake_target=None, cmake_target_skip_unavailable=False, cmake_clean_cache=False, cmake_clean_first=False, cmake_force_configure=False, ament_cmake_args=None, catkin_cmake_args=None, catkin_skip_building_tests=False, verb_parser=<colcon_defaults.argument_parser.defaults.DefaultArgumentsDecorator object at 0x7a2737d4cfa0>, verb_extension=<colcon_core.verb.build.BuildVerb object at 0x7a2737ec5c30>, main=<bound method BuildVerb.main of <colcon_core.verb.build.BuildVerb object at 0x7a2737ec5c30>>)
[0.560s] Level 1:colcon.colcon_core.package_discovery:discover_packages(colcon_meta) check parameters
[0.561s] Level 1:colcon.colcon_core.package_discovery:discover_packages(recursive) check parameters
[0.561s] Level 1:colcon.colcon_core.package_discovery:discover_packages(ignore) check parameters
[0.561s] Level 1:colcon.colcon_core.package_discovery:discover_packages(path) check parameters
[0.561s] Level 1:colcon.colcon_core.package_discovery:discover_packages(colcon_meta) discover
[0.561s] Level 1:colcon.colcon_core.package_discovery:discover_packages(recursive) discover
[0.561s] INFO:colcon.colcon_core.package_discovery:Crawling recursively for packages in '/home/pritam/ros2_WS'
[0.561s] Level 1:colcon.colcon_core.package_identification:_identify(.) by extensions ['ignore', 'ignore_ament_install']
[0.561s] Level 1:colcon.colcon_core.package_identification:_identify(.) by extension 'ignore'
[0.561s] Level 1:colcon.colcon_core.package_identification:_identify(.) by extension 'ignore_ament_install'
[0.561s] Level 1:colcon.colcon_core.package_identification:_identify(.) by extensions ['colcon_pkg']
[0.561s] Level 1:colcon.colcon_core.package_identification:_identify(.) by extension 'colcon_pkg'
[0.561s] Level 1:colcon.colcon_core.package_identification:_identify(.) by extensions ['colcon_meta']
[0.561s] Level 1:colcon.colcon_core.package_identification:_identify(.) by extension 'colcon_meta'
[0.561s] Level 1:colcon.colcon_core.package_identification:_identify(.) by extensions ['ros']
[0.561s] Level 1:colcon.colcon_core.package_identification:_identify(.) by extension 'ros'
[0.575s] Level 1:colcon.colcon_core.package_identification:_identify(.) by extensions ['cmake', 'python']
[0.575s] Level 1:colcon.colcon_core.package_identification:_identify(.) by extension 'cmake'
[0.575s] Level 1:colcon.colcon_core.package_identification:_identify(.) by extension 'python'
[0.575s] Level 1:colcon.colcon_core.package_identification:_identify(.) by extensions ['python_setup_py']
[0.575s] Level 1:colcon.colcon_core.package_identification:_identify(.) by extension 'python_setup_py'
[0.576s] Level 1:colcon.colcon_core.package_identification:_identify(build) by extensions ['ignore', 'ignore_ament_install']
[0.576s] Level 1:colcon.colcon_core.package_identification:_identify(build) by extension 'ignore'
[0.576s] Level 1:colcon.colcon_core.package_identification:_identify(build) ignored
[0.576s] Level 1:colcon.colcon_core.package_identification:_identify(install) by extensions ['ignore', 'ignore_ament_install']
[0.576s] Level 1:colcon.colcon_core.package_identification:_identify(install) by extension 'ignore'
[0.576s] Level 1:colcon.colcon_core.package_identification:_identify(install) ignored
[0.576s] Level 1:colcon.colcon_core.package_identification:_identify(log) by extensions ['ignore', 'ignore_ament_install']
[0.576s] Level 1:colcon.colcon_core.package_identification:_identify(log) by extension 'ignore'
[0.576s] Level 1:colcon.colcon_core.package_identification:_identify(log) ignored
[0.577s] Level 1:colcon.colcon_core.package_identification:_identify(src) by extensions ['ignore', 'ignore_ament_install']
[0.577s] Level 1:colcon.colcon_core.package_identification:_identify(src) by extension 'ignore'
[0.577s] Level 1:colcon.colcon_core.package_identification:_identify(src) by extension 'ignore_ament_install'
[0.577s] Level 1:colcon.colcon_core.package_identification:_identify(src) by extensions ['colcon_pkg']
[0.577s] Level 1:colcon.colcon_core.package_identification:_identify(src) by extension 'colcon_pkg'
[0.577s] Level 1:colcon.colcon_core.package_identification:_identify(src) by extensions ['colcon_meta']
[0.577s] Level 1:colcon.colcon_core.package_identification:_identify(src) by extension 'colcon_meta'
[0.577s] Level 1:colcon.colcon_core.package_identification:_identify(src) by extensions ['ros']
[0.577s] Level 1:colcon.colcon_core.package_identification:_identify(src) by extension 'ros'
[0.577s] Level 1:colcon.colcon_core.package_identification:_identify(src) by extensions ['cmake', 'python']
[0.577s] Level 1:colcon.colcon_core.package_identification:_identify(src) by extension 'cmake'
[0.577s] Level 1:colcon.colcon_core.package_identification:_identify(src) by extension 'python'
[0.577s] Level 1:colcon.colcon_core.package_identification:_identify(src) by extensions ['python_setup_py']
[0.577s] Level 1:colcon.colcon_core.package_identification:_identify(src) by extension 'python_setup_py'
[0.577s] Level 1:colcon.colcon_core.package_identification:_identify(src/add_integers) by extensions ['ignore', 'ignore_ament_install']
[0.577s] Level 1:colcon.colcon_core.package_identification:_identify(src/add_integers) by extension 'ignore'
[0.577s] Level 1:colcon.colcon_core.package_identification:_identify(src/add_integers) by extension 'ignore_ament_install'
[0.577s] Level 1:colcon.colcon_core.package_identification:_identify(src/add_integers) by extensions ['colcon_pkg']
[0.577s] Level 1:colcon.colcon_core.package_identification:_identify(src/add_integers) by extension 'colcon_pkg'
[0.577s] Level 1:colcon.colcon_core.package_identification:_identify(src/add_integers) by extensions ['colcon_meta']
[0.577s] Level 1:colcon.colcon_core.package_identification:_identify(src/add_integers) by extension 'colcon_meta'
[0.577s] Level 1:colcon.colcon_core.package_identification:_identify(src/add_integers) by extensions ['ros']
[0.577s] Level 1:colcon.colcon_core.package_identification:_identify(src/add_integers) by extension 'ros'
[0.580s] DEBUG:colcon.colcon_core.package_identification:Package 'src/add_integers' with type 'ros.ament_python' and name 'add_integers'
[0.580s] Level 1:colcon.colcon_core.package_identification:_identify(src/custom_interfaces) by extensions ['ignore', 'ignore_ament_install']
[0.580s] Level 1:colcon.colcon_core.package_identification:_identify(src/custom_interfaces) by extension 'ignore'
[0.580s] Level 1:colcon.colcon_core.package_identification:_identify(src/custom_interfaces) by extension 'ignore_ament_install'
[0.580s] Level 1:colcon.colcon_core.package_identification:_identify(src/custom_interfaces) by extensions ['colcon_pkg']
[0.580s] Level 1:colcon.colcon_core.package_identification:_identify(src/custom_interfaces) by extension 'colcon_pkg'
[0.580s] Level 1:colcon.colcon_core.package_identification:_identify(src/custom_interfaces) by extensions ['colcon_meta']
[0.580s] Level 1:colcon.colcon_core.package_identification:_identify(src/custom_interfaces) by extension 'colcon_meta'
[0.580s] Level 1:colcon.colcon_core.package_identification:_identify(src/custom_interfaces) by extensions ['ros']
[0.580s] Level 1:colcon.colcon_core.package_identification:_identify(src/custom_interfaces) by extension 'ros'
[0.581s] DEBUG:colcon.colcon_core.package_identification:Package 'src/custom_interfaces' with type 'ros.ament_cmake' and name 'custom_interfaces'
[0.581s] Level 1:colcon.colcon_core.package_identification:_identify(src/demo_pkg) by extensions ['ignore', 'ignore_ament_install']
[0.581s] Level 1:colcon.colcon_core.package_identification:_identify(src/demo_pkg) by extension 'ignore'
[0.581s] Level 1:colcon.colcon_core.package_identification:_identify(src/demo_pkg) by extension 'ignore_ament_install'
[0.581s] Level 1:colcon.colcon_core.package_identification:_identify(src/demo_pkg) by extensions ['colcon_pkg']
[0.581s] Level 1:colcon.colcon_core.package_identification:_identify(src/demo_pkg) by extension 'colcon_pkg'
[0.581s] Level 1:colcon.colcon_core.package_identification:_identify(src/demo_pkg) by extensions ['colcon_meta']
[0.581s] Level 1:colcon.colcon_core.package_identification:_identify(src/demo_pkg) by extension 'colcon_meta'
[0.581s] Level 1:colcon.colcon_core.package_identification:_identify(src/demo_pkg) by extensions ['ros']
[0.581s] Level 1:colcon.colcon_core.package_identification:_identify(src/demo_pkg) by extension 'ros'
[0.581s] DEBUG:colcon.colcon_core.package_identification:Package 'src/demo_pkg' with type 'ros.ament_cmake' and name 'demo_pkg'
[0.581s] Level 1:colcon.colcon_core.package_identification:_identify(src/pub_sub) by extensions ['ignore', 'ignore_ament_install']
[0.581s] Level 1:colcon.colcon_core.package_identification:_identify(src/pub_sub) by extension 'ignore'
[0.582s] Level 1:colcon.colcon_core.package_identification:_identify(src/pub_sub) by extension 'ignore_ament_install'
[0.582s] Level 1:colcon.colcon_core.package_identification:_identify(src/pub_sub) by extensions ['colcon_pkg']
[0.582s] Level 1:colcon.colcon_core.package_identification:_identify(src/pub_sub) by extension 'colcon_pkg'
[0.582s] Level 1:colcon.colcon_core.package_identification:_identify(src/pub_sub) by extensions ['colcon_meta']
[0.582s] Level 1:colcon.colcon_core.package_identification:_identify(src/pub_sub) by extension 'colcon_meta'
[0.582s] Level 1:colcon.colcon_core.package_identification:_identify(src/pub_sub) by extensions ['ros']
[0.582s] Level 1:colcon.colcon_core.package_identification:_identify(src/pub_sub) by extension 'ros'
[0.582s] DEBUG:colcon.colcon_core.package_identification:Package 'src/pub_sub' with type 'ros.ament_python' and name 'pub_sub'
[0.582s] Level 1:colcon.colcon_core.package_identification:_identify(src/talker_listener) by extensions ['ignore', 'ignore_ament_install']
[0.583s] Level 1:colcon.colcon_core.package_identification:_identify(src/talker_listener) by extension 'ignore'
[0.583s] Level 1:colcon.colcon_core.package_identification:_identify(src/talker_listener) by extension 'ignore_ament_install'
[0.583s] Level 1:colcon.colcon_core.package_identification:_identify(src/talker_listener) by extensions ['colcon_pkg']
[0.583s] Level 1:colcon.colcon_core.package_identification:_identify(src/talker_listener) by extension 'colcon_pkg'
[0.583s] Level 1:colcon.colcon_core.package_identification:_identify(src/talker_listener) by extensions ['colcon_meta']
[0.583s] Level 1:colcon.colcon_core.package_identification:_identify(src/talker_listener) by extension 'colcon_meta'
[0.583s] Level 1:colcon.colcon_core.package_identification:_identify(src/talker_listener) by extensions ['ros']
[0.583s] Level 1:colcon.colcon_core.package_identification:_identify(src/talker_listener) by extension 'ros'
[0.583s] DEBUG:colcon.colcon_core.package_identification:Package 'src/talker_listener' with type 'ros.ament_cmake' and name 'talker_listener'
[0.583s] Level 1:colcon.colcon_core.package_discovery:discover_packages(recursive) using defaults
[0.583s] Level 1:colcon.colcon_core.package_discovery:discover_packages(ignore) discover
[0.584s] Level 1:colcon.colcon_core.package_discovery:discover_packages(ignore) using defaults
[0.584s] Level 1:colcon.colcon_core.package_discovery:discover_packages(path) discover
[0.584s] Level 1:colcon.colcon_core.package_discovery:discover_packages(path) using defaults
[0.625s] Level 1:colcon.colcon_core.package_discovery:discover_packages(prefix_path) check parameters
[0.625s] Level 1:colcon.colcon_core.package_discovery:discover_packages(prefix_path) discover
[0.627s] DEBUG:colcon.colcon_installed_package_information.package_discovery:Found 5 installed packages in /home/pritam/ros2_WS/install
[0.629s] DEBUG:colcon.colcon_installed_package_information.package_discovery:Found 271 installed packages in /opt/ros/humble
[0.631s] Level 1:colcon.colcon_core.package_discovery:discover_packages(prefix_path) using defaults
[0.673s] Level 5:colcon.colcon_core.verb:set package 'custom_interfaces' build argument 'cmake_args' from command line to 'None'
[0.673s] Level 5:colcon.colcon_core.verb:set package 'custom_interfaces' build argument 'cmake_target' from command line to 'None'
[0.673s] Level 5:colcon.colcon_core.verb:set package 'custom_interfaces' build argument 'cmake_target_skip_unavailable' from command line to 'False'
[0.674s] Level 5:colcon.colcon_core.verb:set package 'custom_interfaces' build argument 'cmake_clean_cache' from command line to 'False'
[0.674s] Level 5:colcon.colcon_core.verb:set package 'custom_interfaces' build argument 'cmake_clean_first' from command line to 'False'
[0.674s] Level 5:colcon.colcon_core.verb:set package 'custom_interfaces' build argument 'cmake_force_configure' from command line to 'False'
[0.674s] Level 5:colcon.colcon_core.verb:set package 'custom_interfaces' build argument 'ament_cmake_args' from command line to 'None'
[0.674s] Level 5:colcon.colcon_core.verb:set package 'custom_interfaces' build argument 'catkin_cmake_args' from command line to 'None'
[0.674s] Level 5:colcon.colcon_core.verb:set package 'custom_interfaces' build argument 'catkin_skip_building_tests' from command line to 'False'
[0.674s] DEBUG:colcon.colcon_core.verb:Building package 'custom_interfaces' with the following arguments: {'ament_cmake_args': None, 'build_base': '/home/pritam/ros2_WS/build/custom_interfaces', 'catkin_cmake_args': None, 'catkin_skip_building_tests': False, 'cmake_args': None, 'cmake_clean_cache': False, 'cmake_clean_first': False, 'cmake_force_configure': False, 'cmake_target': None, 'cmake_target_skip_unavailable': False, 'install_base': '/home/pritam/ros2_WS/install/custom_interfaces', 'merge_install': False, 'path': '/home/pritam/ros2_WS/src/custom_interfaces', 'symlink_install': False, 'test_result_base': None}
[0.674s] Level 5:colcon.colcon_core.verb:set package 'demo_pkg' build argument 'cmake_args' from command line to 'None'
[0.675s] Level 5:colcon.colcon_core.verb:set package 'demo_pkg' build argument 'cmake_target' from command line to 'None'
[0.675s] Level 5:colcon.colcon_core.verb:set package 'demo_pkg' build argument 'cmake_target_skip_unavailable' from command line to 'False'
[0.675s] Level 5:colcon.colcon_core.verb:set package 'demo_pkg' build argument 'cmake_clean_cache' from command line to 'False'
[0.675s] Level 5:colcon.colcon_core.verb:set package 'demo_pkg' build argument 'cmake_clean_first' from command line to 'False'
[0.675s] Level 5:colcon.colcon_core.verb:set package 'demo_pkg' build argument 'cmake_force_configure' from command line to 'False'
[0.675s] Level 5:colcon.colcon_core.verb:set package 'demo_pkg' build argument 'ament_cmake_args' from command line to 'None'
[0.675s] Level 5:colcon.colcon_core.verb:set package 'demo_pkg' build argument 'catkin_cmake_args' from command line to 'None'
[0.675s] Level 5:colcon.colcon_core.verb:set package 'demo_pkg' build argument 'catkin_skip_building_tests' from command line to 'False'
[0.675s] DEBUG:colcon.colcon_core.verb:Building package 'demo_pkg' with the following arguments: {'ament_cmake_args': None, 'build_base': '/home/pritam/ros2_WS/build/demo_pkg', 'catkin_cmake_args': None, 'catkin_skip_building_tests': False, 'cmake_args': None, 'cmake_clean_cache': False, 'cmake_clean_first': False, 'cmake_force_configure': False, 'cmake_target': None, 'cmake_target_skip_unavailable': False, 'install_base': '/home/pritam/ros2_WS/install/demo_pkg', 'merge_install': False, 'path': '/home/pritam/ros2_WS/src/demo_pkg', 'symlink_install': False, 'test_result_base': None}
[0.675s] Level 5:colcon.colcon_core.verb:set package 'pub_sub' build argument 'cmake_args' from command line to 'None'
[0.675s] Level 5:colcon.colcon_core.verb:set package 'pub_sub' build argument 'cmake_target' from command line to 'None'
[0.675s] Level 5:colcon.colcon_core.verb:set package 'pub_sub' build argument 'cmake_target_skip_unavailable' from command line to 'False'
[0.675s] Level 5:colcon.colcon_core.verb:set package 'pub_sub' build argument 'cmake_clean_cache' from command line to 'False'
[0.675s] Level 5:colcon.colcon_core.verb:set package 'pub_sub' build argument 'cmake_clean_first' from command line to 'False'
[0.675s] Level 5:colcon.colcon_core.verb:set package 'pub_sub' build argument 'cmake_force_configure' from command line to 'False'
[0.675s] Level 5:colcon.colcon_core.verb:set package 'pub_sub' build argument 'ament_cmake_args' from command line to 'None'
[0.676s] Level 5:colcon.colcon_core.verb:set package 'pub_sub' build argument 'catkin_cmake_args' from command line to 'None'
[0.676s] Level 5:colcon.colcon_core.verb:set package 'pub_sub' build argument 'catkin_skip_building_tests' from command line to 'False'
[0.676s] DEBUG:colcon.colcon_core.verb:Building package 'pub_sub' with the following arguments: {'ament_cmake_args': None, 'build_base': '/home/pritam/ros2_WS/build/pub_sub', 'catkin_cmake_args': None, 'catkin_skip_building_tests': False, 'cmake_args': None, 'cmake_clean_cache': False, 'cmake_clean_first': False, 'cmake_force_configure': False, 'cmake_target': None, 'cmake_target_skip_unavailable': False, 'install_base': '/home/pritam/ros2_WS/install/pub_sub', 'merge_install': False, 'path': '/home/pritam/ros2_WS/src/pub_sub', 'symlink_install': False, 'test_result_base': None}
[0.676s] Level 5:colcon.colcon_core.verb:set package 'talker_listener' build argument 'cmake_args' from command line to 'None'
[0.676s] Level 5:colcon.colcon_core.verb:set package 'talker_listener' build argument 'cmake_target' from command line to 'None'
[0.676s] Level 5:colcon.colcon_core.verb:set package 'talker_listener' build argument 'cmake_target_skip_unavailable' from command line to 'False'
[0.676s] Level 5:colcon.colcon_core.verb:set package 'talker_listener' build argument 'cmake_clean_cache' from command line to 'False'
[0.677s] Level 5:colcon.colcon_core.verb:set package 'talker_listener' build argument 'cmake_clean_first' from command line to 'False'
[0.677s] Level 5:colcon.colcon_core.verb:set package 'talker_listener' build argument 'cmake_force_configure' from command line to 'False'
[0.677s] Level 5:colcon.colcon_core.verb:set package 'talker_listener' build argument 'ament_cmake_args' from command line to 'None'
[0.677s] Level 5:colcon.colcon_core.verb:set package 'talker_listener' build argument 'catkin_cmake_args' from command line to 'None'
[0.677s] Level 5:colcon.colcon_core.verb:set package 'talker_listener' build argument 'catkin_skip_building_tests' from command line to 'False'
[0.677s] DEBUG:colcon.colcon_core.verb:Building package 'talker_listener' with the following arguments: {'ament_cmake_args': None, 'build_base': '/home/pritam/ros2_WS/build/talker_listener', 'catkin_cmake_args': None, 'catkin_skip_building_tests': False, 'cmake_args': None, 'cmake_clean_cache': False, 'cmake_clean_first': False, 'cmake_force_configure': False, 'cmake_target': None, 'cmake_target_skip_unavailable': False, 'install_base': '/home/pritam/ros2_WS/install/talker_listener', 'merge_install': False, 'path': '/home/pritam/ros2_WS/src/talker_listener', 'symlink_install': False, 'test_result_base': None}
[0.677s] Level 5:colcon.colcon_core.verb:set package 'add_integers' build argument 'cmake_args' from command line to 'None'
[0.677s] Level 5:colcon.colcon_core.verb:set package 'add_integers' build argument 'cmake_target' from command line to 'None'
[0.677s] Level 5:colcon.colcon_core.verb:set package 'add_integers' build argument 'cmake_target_skip_unavailable' from command line to 'False'
[0.677s] Level 5:colcon.colcon_core.verb:set package 'add_integers' build argument 'cmake_clean_cache' from command line to 'False'
[0.677s] Level 5:colcon.colcon_core.verb:set package 'add_integers' build argument 'cmake_clean_first' from command line to 'False'
[0.677s] Level 5:colcon.colcon_core.verb:set package 'add_integers' build argument 'cmake_force_configure' from command line to 'False'
[0.677s] Level 5:colcon.colcon_core.verb:set package 'add_integers' build argument 'ament_cmake_args' from command line to 'None'
[0.677s] Level 5:colcon.colcon_core.verb:set package 'add_integers' build argument 'catkin_cmake_args' from command line to 'None'
[0.677s] Level 5:colcon.colcon_core.verb:set package 'add_integers' build argument 'catkin_skip_building_tests' from command line to 'False'
[0.677s] DEBUG:colcon.colcon_core.verb:Building package 'add_integers' with the following arguments: {'ament_cmake_args': None, 'build_base': '/home/pritam/ros2_WS/build/add_integers', 'catkin_cmake_args': None, 'catkin_skip_building_tests': False, 'cmake_args': None, 'cmake_clean_cache': False, 'cmake_clean_first': False, 'cmake_force_configure': False, 'cmake_target': None, 'cmake_target_skip_unavailable': False, 'install_base': '/home/pritam/ros2_WS/install/add_integers', 'merge_install': False, 'path': '/home/pritam/ros2_WS/src/add_integers', 'symlink_install': False, 'test_result_base': None}
[0.678s] INFO:colcon.colcon_core.executor:Executing jobs using 'parallel' executor
[0.679s] DEBUG:colcon.colcon_parallel_executor.executor.parallel:run_until_complete
[0.680s] INFO:colcon.colcon_ros.task.ament_cmake.build:Building ROS package in '/home/pritam/ros2_WS/src/custom_interfaces' with build type 'ament_cmake'
[0.680s] INFO:colcon.colcon_cmake.task.cmake.build:Building CMake package in '/home/pritam/ros2_WS/src/custom_interfaces'
[0.684s] INFO:colcon.colcon_core.plugin_system:Skipping extension 'colcon_core.shell.bat': Not used on non-Windows systems
[0.684s] INFO:colcon.colcon_core.shell:Skip shell extension 'powershell' for command environment: Not usable outside of PowerShell
[0.684s] DEBUG:colcon.colcon_core.shell:Skip shell extension 'dsv' for command environment
[0.689s] INFO:colcon.colcon_ros.task.ament_cmake.build:Building ROS package in '/home/pritam/ros2_WS/src/demo_pkg' with build type 'ament_cmake'
[0.689s] INFO:colcon.colcon_cmake.task.cmake.build:Building CMake package in '/home/pritam/ros2_WS/src/demo_pkg'
[0.690s] INFO:colcon.colcon_core.shell:Skip shell extension 'powershell' for command environment: Not usable outside of PowerShell
[0.690s] DEBUG:colcon.colcon_core.shell:Skip shell extension 'dsv' for command environment
[0.697s] INFO:colcon.colcon_ros.task.ament_python.build:Building ROS package in '/home/pritam/ros2_WS/src/pub_sub' with build type 'ament_python'
[0.697s] Level 1:colcon.colcon_core.shell:create_environment_hook('pub_sub', 'ament_prefix_path')
[0.699s] INFO:colcon.colcon_core.shell:Creating environment hook '/home/pritam/ros2_WS/install/pub_sub/share/pub_sub/hook/ament_prefix_path.ps1'
[0.703s] INFO:colcon.colcon_core.shell:Creating environment descriptor '/home/pritam/ros2_WS/install/pub_sub/share/pub_sub/hook/ament_prefix_path.dsv'
[0.704s] INFO:colcon.colcon_core.shell:Creating environment hook '/home/pritam/ros2_WS/install/pub_sub/share/pub_sub/hook/ament_prefix_path.sh'
[0.705s] INFO:colcon.colcon_core.shell:Skip shell extension 'powershell' for command environment: Not usable outside of PowerShell
[0.705s] DEBUG:colcon.colcon_core.shell:Skip shell extension 'dsv' for command environment
[0.709s] INFO:colcon.colcon_ros.task.ament_cmake.build:Building ROS package in '/home/pritam/ros2_WS/src/talker_listener' with build type 'ament_cmake'
[0.710s] INFO:colcon.colcon_cmake.task.cmake.build:Building CMake package in '/home/pritam/ros2_WS/src/talker_listener'
[0.710s] INFO:colcon.colcon_core.shell:Skip shell extension 'powershell' for command environment: Not usable outside of PowerShell
[0.710s] DEBUG:colcon.colcon_core.shell:Skip shell extension 'dsv' for command environment
[0.726s] DEBUG:colcon.colcon_core.event_handler.log_command:Invoking command in '/home/pritam/ros2_WS/build/custom_interfaces': CMAKE_PREFIX_PATH=${CMAKE_PREFIX_PATH}:/home/pritam/ros2_WS/install/pub_sub:/home/pritam/ros2_WS/install/add_integers:/opt/ros/humble /usr/bin/cmake --build /home/pritam/ros2_WS/build/custom_interfaces -- -j12 -l12
[0.732s] DEBUG:colcon.colcon_core.event_handler.log_command:Invoking command in '/home/pritam/ros2_WS/build/demo_pkg': CMAKE_PREFIX_PATH=${CMAKE_PREFIX_PATH}:/home/pritam/ros2_WS/install/pub_sub:/home/pritam/ros2_WS/install/add_integers:/opt/ros/humble /usr/bin/cmake --build /home/pritam/ros2_WS/build/demo_pkg -- -j12 -l12
[1.041s] INFO:colcon.colcon_core.task.python.build:Building Python package in '/home/pritam/ros2_WS/src/pub_sub'
[1.041s] INFO:colcon.colcon_core.shell:Skip shell extension 'powershell' for command environment: Not usable outside of PowerShell
[1.041s] DEBUG:colcon.colcon_core.shell:Skip shell extension 'dsv' for command environment
[1.054s] DEBUG:colcon.colcon_core.event_handler.log_command:Invoking command in '/home/pritam/ros2_WS/build/talker_listener': CMAKE_PREFIX_PATH=${CMAKE_PREFIX_PATH}:/home/pritam/ros2_WS/install/pub_sub:/home/pritam/ros2_WS/install/add_integers:/opt/ros/humble /usr/bin/cmake --build /home/pritam/ros2_WS/build/talker_listener -- -j12 -l12
[1.055s] DEBUG:colcon.colcon_core.event_handler.log_command:Invoked command in '/home/pritam/ros2_WS/build/demo_pkg' returned '0': CMAKE_PREFIX_PATH=${CMAKE_PREFIX_PATH}:/home/pritam/ros2_WS/install/pub_sub:/home/pritam/ros2_WS/install/add_integers:/opt/ros/humble /usr/bin/cmake --build /home/pritam/ros2_WS/build/demo_pkg -- -j12 -l12
[1.068s] DEBUG:colcon.colcon_core.event_handler.log_command:Invoking command in '/home/pritam/ros2_WS/build/demo_pkg': CMAKE_PREFIX_PATH=${CMAKE_PREFIX_PATH}:/home/pritam/ros2_WS/install/pub_sub:/home/pritam/ros2_WS/install/add_integers:/opt/ros/humble /usr/bin/cmake --install /home/pritam/ros2_WS/build/demo_pkg
[1.081s] Level 1:colcon.colcon_core.environment:create_environment_scripts_only(demo_pkg)
[1.083s] DEBUG:colcon.colcon_core.event_handler.log_command:Invoked command in '/home/pritam/ros2_WS/build/demo_pkg' returned '0': CMAKE_PREFIX_PATH=${CMAKE_PREFIX_PATH}:/home/pritam/ros2_WS/install/pub_sub:/home/pritam/ros2_WS/install/add_integers:/opt/ros/humble /usr/bin/cmake --install /home/pritam/ros2_WS/build/demo_pkg
[1.089s] Level 1:colcon.colcon_core.environment:checking '/home/pritam/ros2_WS/install/demo_pkg' for CMake module files
[1.089s] Level 1:colcon.colcon_core.environment:checking '/home/pritam/ros2_WS/install/demo_pkg' for CMake config files
[1.090s] Level 1:colcon.colcon_core.shell:create_environment_hook('demo_pkg', 'cmake_prefix_path')
[1.090s] INFO:colcon.colcon_core.shell:Creating environment hook '/home/pritam/ros2_WS/install/demo_pkg/share/demo_pkg/hook/cmake_prefix_path.ps1'
[1.091s] INFO:colcon.colcon_core.shell:Creating environment descriptor '/home/pritam/ros2_WS/install/demo_pkg/share/demo_pkg/hook/cmake_prefix_path.dsv'
[1.092s] INFO:colcon.colcon_core.shell:Creating environment hook '/home/pritam/ros2_WS/install/demo_pkg/share/demo_pkg/hook/cmake_prefix_path.sh'
[1.092s] Level 1:colcon.colcon_core.environment:checking '/home/pritam/ros2_WS/install/demo_pkg/lib'
[1.093s] Level 1:colcon.colcon_core.environment:checking '/home/pritam/ros2_WS/install/demo_pkg/bin'
[1.093s] Level 1:colcon.colcon_core.environment:checking '/home/pritam/ros2_WS/install/demo_pkg/lib/pkgconfig/demo_pkg.pc'
[1.093s] Level 1:colcon.colcon_core.environment:checking '/home/pritam/ros2_WS/install/demo_pkg/lib/python3.10/site-packages'
[1.093s] Level 1:colcon.colcon_core.environment:checking '/home/pritam/ros2_WS/install/demo_pkg/bin'
[1.094s] INFO:colcon.colcon_core.shell:Creating package script '/home/pritam/ros2_WS/install/demo_pkg/share/demo_pkg/package.ps1'
[1.095s] INFO:colcon.colcon_core.shell:Creating package descriptor '/home/pritam/ros2_WS/install/demo_pkg/share/demo_pkg/package.dsv'
[1.096s] INFO:colcon.colcon_core.shell:Creating package script '/home/pritam/ros2_WS/install/demo_pkg/share/demo_pkg/package.sh'
[1.097s] INFO:colcon.colcon_core.shell:Creating package script '/home/pritam/ros2_WS/install/demo_pkg/share/demo_pkg/package.bash'
[1.099s] INFO:colcon.colcon_core.shell:Creating package script '/home/pritam/ros2_WS/install/demo_pkg/share/demo_pkg/package.zsh'
[1.099s] Level 1:colcon.colcon_core.environment:create_file_with_runtime_dependencies(/home/pritam/ros2_WS/install/demo_pkg/share/colcon-core/packages/demo_pkg)
[1.100s] Level 1:colcon.colcon_core.environment:create_environment_scripts_only(demo_pkg)
[1.100s] Level 1:colcon.colcon_core.environment:checking '/home/pritam/ros2_WS/install/demo_pkg' for CMake module files
[1.101s] Level 1:colcon.colcon_core.environment:checking '/home/pritam/ros2_WS/install/demo_pkg' for CMake config files
[1.101s] Level 1:colcon.colcon_core.shell:create_environment_hook('demo_pkg', 'cmake_prefix_path')
[1.102s] INFO:colcon.colcon_core.shell:Creating environment hook '/home/pritam/ros2_WS/install/demo_pkg/share/demo_pkg/hook/cmake_prefix_path.ps1'
[1.103s] INFO:colcon.colcon_core.shell:Creating environment descriptor '/home/pritam/ros2_WS/install/demo_pkg/share/demo_pkg/hook/cmake_prefix_path.dsv'
[1.103s] INFO:colcon.colcon_core.shell:Creating environment hook '/home/pritam/ros2_WS/install/demo_pkg/share/demo_pkg/hook/cmake_prefix_path.sh'
[1.104s] Level 1:colcon.colcon_core.environment:checking '/home/pritam/ros2_WS/install/demo_pkg/lib'
[1.104s] Level 1:colcon.colcon_core.environment:checking '/home/pritam/ros2_WS/install/demo_pkg/bin'
[1.104s] Level 1:colcon.colcon_core.environment:checking '/home/pritam/ros2_WS/install/demo_pkg/lib/pkgconfig/demo_pkg.pc'
[1.104s] Level 1:colcon.colcon_core.environment:checking '/home/pritam/ros2_WS/install/demo_pkg/lib/python3.10/site-packages'
[1.104s] Level 1:colcon.colcon_core.environment:checking '/home/pritam/ros2_WS/install/demo_pkg/bin'
[1.105s] INFO:colcon.colcon_core.shell:Creating package script '/home/pritam/ros2_WS/install/demo_pkg/share/demo_pkg/package.ps1'
[1.105s] INFO:colcon.colcon_core.shell:Creating package descriptor '/home/pritam/ros2_WS/install/demo_pkg/share/demo_pkg/package.dsv'
[1.106s] INFO:colcon.colcon_core.shell:Creating package script '/home/pritam/ros2_WS/install/demo_pkg/share/demo_pkg/package.sh'
[1.106s] INFO:colcon.colcon_core.shell:Creating package script '/home/pritam/ros2_WS/install/demo_pkg/share/demo_pkg/package.bash'
[1.107s] INFO:colcon.colcon_core.shell:Creating package script '/home/pritam/ros2_WS/install/demo_pkg/share/demo_pkg/package.zsh'
[1.107s] Level 1:colcon.colcon_core.environment:create_file_with_runtime_dependencies(/home/pritam/ros2_WS/install/demo_pkg/share/colcon-core/packages/demo_pkg)
[1.131s] DEBUG:colcon.colcon_core.event_handler.log_command:Invoked command in '/home/pritam/ros2_WS/build/talker_listener' returned '0': CMAKE_PREFIX_PATH=${CMAKE_PREFIX_PATH}:/home/pritam/ros2_WS/install/pub_sub:/home/pritam/ros2_WS/install/add_integers:/opt/ros/humble /usr/bin/cmake --build /home/pritam/ros2_WS/build/talker_listener -- -j12 -l12
[1.133s] DEBUG:colcon.colcon_core.event_handler.log_command:Invoking command in '/home/pritam/ros2_WS/build/talker_listener': CMAKE_PREFIX_PATH=${CMAKE_PREFIX_PATH}:/home/pritam/ros2_WS/install/pub_sub:/home/pritam/ros2_WS/install/add_integers:/opt/ros/humble /usr/bin/cmake --install /home/pritam/ros2_WS/build/talker_listener
[1.136s] DEBUG:colcon.colcon_core.event_handler.log_command:Invoked command in '/home/pritam/ros2_WS/build/custom_interfaces' returned '0': CMAKE_PREFIX_PATH=${CMAKE_PREFIX_PATH}:/home/pritam/ros2_WS/install/pub_sub:/home/pritam/ros2_WS/install/add_integers:/opt/ros/humble /usr/bin/cmake --build /home/pritam/ros2_WS/build/custom_interfaces -- -j12 -l12
[1.139s] DEBUG:colcon.colcon_core.event_handler.log_command:Invoking command in '/home/pritam/ros2_WS/build/custom_interfaces': CMAKE_PREFIX_PATH=${CMAKE_PREFIX_PATH}:/home/pritam/ros2_WS/install/pub_sub:/home/pritam/ros2_WS/install/add_integers:/opt/ros/humble /usr/bin/cmake --install /home/pritam/ros2_WS/build/custom_interfaces
[1.144s] Level 1:colcon.colcon_core.environment:create_environment_scripts_only(talker_listener)
[1.145s] Level 1:colcon.colcon_core.environment:checking '/home/pritam/ros2_WS/install/talker_listener' for CMake module files
[1.145s] DEBUG:colcon.colcon_core.event_handler.log_command:Invoked command in '/home/pritam/ros2_WS/build/talker_listener' returned '0': CMAKE_PREFIX_PATH=${CMAKE_PREFIX_PATH}:/home/pritam/ros2_WS/install/pub_sub:/home/pritam/ros2_WS/install/add_integers:/opt/ros/humble /usr/bin/cmake --install /home/pritam/ros2_WS/build/talker_listener
[1.145s] Level 1:colcon.colcon_core.environment:checking '/home/pritam/ros2_WS/install/talker_listener' for CMake config files
[1.146s] Level 1:colcon.colcon_core.shell:create_environment_hook('talker_listener', 'cmake_prefix_path')
[1.146s] INFO:colcon.colcon_core.shell:Creating environment hook '/home/pritam/ros2_WS/install/talker_listener/share/talker_listener/hook/cmake_prefix_path.ps1'
[1.147s] INFO:colcon.colcon_core.shell:Creating environment descriptor '/home/pritam/ros2_WS/install/talker_listener/share/talker_listener/hook/cmake_prefix_path.dsv'
[1.147s] INFO:colcon.colcon_core.shell:Creating environment hook '/home/pritam/ros2_WS/install/talker_listener/share/talker_listener/hook/cmake_prefix_path.sh'
[1.149s] Level 1:colcon.colcon_core.environment:checking '/home/pritam/ros2_WS/install/talker_listener/lib'
[1.151s] Level 1:colcon.colcon_core.environment:checking '/home/pritam/ros2_WS/install/talker_listener/bin'
[1.152s] Level 1:colcon.colcon_core.environment:checking '/home/pritam/ros2_WS/install/talker_listener/lib/pkgconfig/talker_listener.pc'
[1.153s] Level 1:colcon.colcon_core.environment:checking '/home/pritam/ros2_WS/install/talker_listener/lib/python3.10/site-packages'
[1.153s] Level 1:colcon.colcon_core.environment:checking '/home/pritam/ros2_WS/install/talker_listener/bin'
[1.153s] INFO:colcon.colcon_core.shell:Creating package script '/home/pritam/ros2_WS/install/talker_listener/share/talker_listener/package.ps1'
[1.162s] INFO:colcon.colcon_core.shell:Creating package descriptor '/home/pritam/ros2_WS/install/talker_listener/share/talker_listener/package.dsv'
[1.162s] INFO:colcon.colcon_core.shell:Creating package script '/home/pritam/ros2_WS/install/talker_listener/share/talker_listener/package.sh'
[1.163s] INFO:colcon.colcon_core.shell:Creating package script '/home/pritam/ros2_WS/install/talker_listener/share/talker_listener/package.bash'
[1.163s] INFO:colcon.colcon_core.shell:Creating package script '/home/pritam/ros2_WS/install/talker_listener/share/talker_listener/package.zsh'
[1.163s] Level 1:colcon.colcon_core.environment:create_file_with_runtime_dependencies(/home/pritam/ros2_WS/install/talker_listener/share/colcon-core/packages/talker_listener)
[1.164s] Level 1:colcon.colcon_core.environment:create_environment_scripts_only(talker_listener)
[1.164s] Level 1:colcon.colcon_core.environment:checking '/home/pritam/ros2_WS/install/talker_listener' for CMake module files
[1.165s] Level 1:colcon.colcon_core.environment:checking '/home/pritam/ros2_WS/install/talker_listener' for CMake config files
[1.165s] Level 1:colcon.colcon_core.shell:create_environment_hook('talker_listener', 'cmake_prefix_path')
[1.165s] INFO:colcon.colcon_core.shell:Creating environment hook '/home/pritam/ros2_WS/install/talker_listener/share/talker_listener/hook/cmake_prefix_path.ps1'
[1.166s] INFO:colcon.colcon_core.shell:Creating environment descriptor '/home/pritam/ros2_WS/install/talker_listener/share/talker_listener/hook/cmake_prefix_path.dsv'
[1.167s] INFO:colcon.colcon_core.shell:Creating environment hook '/home/pritam/ros2_WS/install/talker_listener/share/talker_listener/hook/cmake_prefix_path.sh'
[1.167s] Level 1:colcon.colcon_core.environment:checking '/home/pritam/ros2_WS/install/talker_listener/lib'
[1.168s] Level 1:colcon.colcon_core.environment:checking '/home/pritam/ros2_WS/install/talker_listener/bin'
[1.168s] Level 1:colcon.colcon_core.environment:checking '/home/pritam/ros2_WS/install/talker_listener/lib/pkgconfig/talker_listener.pc'
[1.168s] Level 1:colcon.colcon_core.environment:checking '/home/pritam/ros2_WS/install/talker_listener/lib/python3.10/site-packages'
[1.168s] Level 1:colcon.colcon_core.environment:checking '/home/pritam/ros2_WS/install/talker_listener/bin'
[1.169s] INFO:colcon.colcon_core.shell:Creating package script '/home/pritam/ros2_WS/install/talker_listener/share/talker_listener/package.ps1'
[1.170s] INFO:colcon.colcon_core.shell:Creating package descriptor '/home/pritam/ros2_WS/install/talker_listener/share/talker_listener/package.dsv'
[1.170s] INFO:colcon.colcon_core.shell:Creating package script '/home/pritam/ros2_WS/install/talker_listener/share/talker_listener/package.sh'
[1.171s] INFO:colcon.colcon_core.shell:Creating package script '/home/pritam/ros2_WS/install/talker_listener/share/talker_listener/package.bash'
[1.171s] INFO:colcon.colcon_core.shell:Creating package script '/home/pritam/ros2_WS/install/talker_listener/share/talker_listener/package.zsh'
[1.172s] Level 1:colcon.colcon_core.environment:create_file_with_runtime_dependencies(/home/pritam/ros2_WS/install/talker_listener/share/colcon-core/packages/talker_listener)
[1.210s] Level 1:colcon.colcon_core.environment:create_environment_scripts_only(custom_interfaces)
[1.210s] Level 1:colcon.colcon_core.environment:checking '/home/pritam/ros2_WS/install/custom_interfaces' for CMake module files
[1.211s] DEBUG:colcon.colcon_core.event_handler.log_command:Invoked command in '/home/pritam/ros2_WS/build/custom_interfaces' returned '0': CMAKE_PREFIX_PATH=${CMAKE_PREFIX_PATH}:/home/pritam/ros2_WS/install/pub_sub:/home/pritam/ros2_WS/install/add_integers:/opt/ros/humble /usr/bin/cmake --install /home/pritam/ros2_WS/build/custom_interfaces
[1.211s] Level 1:colcon.colcon_core.environment:checking '/home/pritam/ros2_WS/install/custom_interfaces' for CMake config files
[1.212s] Level 1:colcon.colcon_core.shell:create_environment_hook('custom_interfaces', 'cmake_prefix_path')
[1.212s] INFO:colcon.colcon_core.shell:Creating environment hook '/home/pritam/ros2_WS/install/custom_interfaces/share/custom_interfaces/hook/cmake_prefix_path.ps1'
[1.212s] INFO:colcon.colcon_core.shell:Creating environment descriptor '/home/pritam/ros2_WS/install/custom_interfaces/share/custom_interfaces/hook/cmake_prefix_path.dsv'
[1.213s] INFO:colcon.colcon_core.shell:Creating environment hook '/home/pritam/ros2_WS/install/custom_interfaces/share/custom_interfaces/hook/cmake_prefix_path.sh'
[1.213s] Level 1:colcon.colcon_core.environment:checking '/home/pritam/ros2_WS/install/custom_interfaces/lib'
[1.214s] Level 1:colcon.colcon_core.shell:create_environment_hook('custom_interfaces', 'ld_library_path_lib')
[1.214s] INFO:colcon.colcon_core.shell:Creating environment hook '/home/pritam/ros2_WS/install/custom_interfaces/share/custom_interfaces/hook/ld_library_path_lib.ps1'
[1.214s] INFO:colcon.colcon_core.shell:Creating environment descriptor '/home/pritam/ros2_WS/install/custom_interfaces/share/custom_interfaces/hook/ld_library_path_lib.dsv'
[1.215s] INFO:colcon.colcon_core.shell:Creating environment hook '/home/pritam/ros2_WS/install/custom_interfaces/share/custom_interfaces/hook/ld_library_path_lib.sh'
[1.215s] Level 1:colcon.colcon_core.environment:checking '/home/pritam/ros2_WS/install/custom_interfaces/bin'
[1.215s] Level 1:colcon.colcon_core.environment:checking '/home/pritam/ros2_WS/install/custom_interfaces/lib/pkgconfig/custom_interfaces.pc'
[1.215s] Level 1:colcon.colcon_core.environment:checking '/home/pritam/ros2_WS/install/custom_interfaces/lib/python3.10/site-packages'
[1.215s] Level 1:colcon.colcon_core.environment:checking '/home/pritam/ros2_WS/install/custom_interfaces/bin'
[1.216s] INFO:colcon.colcon_core.shell:Creating package script '/home/pritam/ros2_WS/install/custom_interfaces/share/custom_interfaces/package.ps1'
[1.216s] INFO:colcon.colcon_core.shell:Creating package descriptor '/home/pritam/ros2_WS/install/custom_interfaces/share/custom_interfaces/package.dsv'
[1.216s] INFO:colcon.colcon_core.shell:Creating package script '/home/pritam/ros2_WS/install/custom_interfaces/share/custom_interfaces/package.sh'
[1.217s] INFO:colcon.colcon_core.shell:Creating package script '/home/pritam/ros2_WS/install/custom_interfaces/share/custom_interfaces/package.bash'
[1.217s] INFO:colcon.colcon_core.shell:Creating package script '/home/pritam/ros2_WS/install/custom_interfaces/share/custom_interfaces/package.zsh'
[1.217s] Level 1:colcon.colcon_core.environment:create_file_with_runtime_dependencies(/home/pritam/ros2_WS/install/custom_interfaces/share/colcon-core/packages/custom_interfaces)
[1.218s] Level 1:colcon.colcon_core.environment:create_environment_scripts_only(custom_interfaces)
[1.218s] Level 1:colcon.colcon_core.environment:checking '/home/pritam/ros2_WS/install/custom_interfaces' for CMake module files
[1.219s] Level 1:colcon.colcon_core.environment:checking '/home/pritam/ros2_WS/install/custom_interfaces' for CMake config files
[1.219s] Level 1:colcon.colcon_core.shell:create_environment_hook('custom_interfaces', 'cmake_prefix_path')
[1.219s] INFO:colcon.colcon_core.shell:Creating environment hook '/home/pritam/ros2_WS/install/custom_interfaces/share/custom_interfaces/hook/cmake_prefix_path.ps1'
[1.220s] INFO:colcon.colcon_core.shell:Creating environment descriptor '/home/pritam/ros2_WS/install/custom_interfaces/share/custom_interfaces/hook/cmake_prefix_path.dsv'
[1.220s] INFO:colcon.colcon_core.shell:Creating environment hook '/home/pritam/ros2_WS/install/custom_interfaces/share/custom_interfaces/hook/cmake_prefix_path.sh'
[1.221s] Level 1:colcon.colcon_core.environment:checking '/home/pritam/ros2_WS/install/custom_interfaces/lib'
[1.221s] Level 1:colcon.colcon_core.shell:create_environment_hook('custom_interfaces', 'ld_library_path_lib')
[1.221s] INFO:colcon.colcon_core.shell:Creating environment hook '/home/pritam/ros2_WS/install/custom_interfaces/share/custom_interfaces/hook/ld_library_path_lib.ps1'
[1.221s] INFO:colcon.colcon_core.shell:Creating environment descriptor '/home/pritam/ros2_WS/install/custom_interfaces/share/custom_interfaces/hook/ld_library_path_lib.dsv'
[1.222s] INFO:colcon.colcon_core.shell:Creating environment hook '/home/pritam/ros2_WS/install/custom_interfaces/share/custom_interfaces/hook/ld_library_path_lib.sh'
[1.222s] Level 1:colcon.colcon_core.environment:checking '/home/pritam/ros2_WS/install/custom_interfaces/bin'
[1.222s] Level 1:colcon.colcon_core.environment:checking '/home/pritam/ros2_WS/install/custom_interfaces/lib/pkgconfig/custom_interfaces.pc'
[1.223s] Level 1:colcon.colcon_core.environment:checking '/home/pritam/ros2_WS/install/custom_interfaces/lib/python3.10/site-packages'
[1.223s] Level 1:colcon.colcon_core.environment:checking '/home/pritam/ros2_WS/install/custom_interfaces/bin'
[1.223s] INFO:colcon.colcon_core.shell:Creating package script '/home/pritam/ros2_WS/install/custom_interfaces/share/custom_interfaces/package.ps1'
[1.224s] INFO:colcon.colcon_core.shell:Creating package descriptor '/home/pritam/ros2_WS/install/custom_interfaces/share/custom_interfaces/package.dsv'
[1.224s] INFO:colcon.colcon_core.shell:Creating package script '/home/pritam/ros2_WS/install/custom_interfaces/share/custom_interfaces/package.sh'
[1.224s] INFO:colcon.colcon_core.shell:Creating package script '/home/pritam/ros2_WS/install/custom_interfaces/share/custom_interfaces/package.bash'
[1.225s] INFO:colcon.colcon_core.shell:Creating package script '/home/pritam/ros2_WS/install/custom_interfaces/share/custom_interfaces/package.zsh'
[1.225s] Level 1:colcon.colcon_core.environment:create_file_with_runtime_dependencies(/home/pritam/ros2_WS/install/custom_interfaces/share/colcon-core/packages/custom_interfaces)
[1.226s] INFO:colcon.colcon_ros.task.ament_python.build:Building ROS package in '/home/pritam/ros2_WS/src/add_integers' with build type 'ament_python'
[1.226s] Level 1:colcon.colcon_core.shell:create_environment_hook('add_integers', 'ament_prefix_path')
[1.226s] INFO:colcon.colcon_core.shell:Creating environment hook '/home/pritam/ros2_WS/install/add_integers/share/add_integers/hook/ament_prefix_path.ps1'
[1.227s] INFO:colcon.colcon_core.shell:Creating environment descriptor '/home/pritam/ros2_WS/install/add_integers/share/add_integers/hook/ament_prefix_path.dsv'
[1.228s] INFO:colcon.colcon_core.shell:Creating environment hook '/home/pritam/ros2_WS/install/add_integers/share/add_integers/hook/ament_prefix_path.sh'
[1.228s] INFO:colcon.colcon_core.shell:Skip shell extension 'powershell' for command environment: Not usable outside of PowerShell
[1.228s] DEBUG:colcon.colcon_core.shell:Skip shell extension 'dsv' for command environment
[1.669s] INFO:colcon.colcon_core.task.python.build:Building Python package in '/home/pritam/ros2_WS/src/add_integers'
[1.670s] INFO:colcon.colcon_core.shell:Skip shell extension 'powershell' for command environment: Not usable outside of PowerShell
[1.670s] DEBUG:colcon.colcon_core.shell:Skip shell extension 'dsv' for command environment
[1.679s] DEBUG:colcon.colcon_core.event_handler.log_command:Invoking command in '/home/pritam/ros2_WS/src/pub_sub': PYTHONPATH=/home/pritam/ros2_WS/build/pub_sub/prefix_override:/usr/lib/python3/dist-packages/colcon_core/task/python/colcon_distutils_commands:/home/pritam/ros2_WS/install/pub_sub/lib/python3.10/site-packages:${PYTHONPATH} /usr/bin/python3 -W ignore:setup.py install is deprecated -W ignore:easy_install command is deprecated setup.py egg_info --egg-base ../../build/pub_sub build --build-base /home/pritam/ros2_WS/build/pub_sub/build install --record /home/pritam/ros2_WS/build/pub_sub/install.log --single-version-externally-managed install_data
[2.001s] Level 1:colcon.colcon_core.environment:checking '/home/pritam/ros2_WS/install/pub_sub' for CMake module files
[2.002s] DEBUG:colcon.colcon_core.event_handler.log_command:Invoked command in '/home/pritam/ros2_WS/src/pub_sub' returned '0': PYTHONPATH=/home/pritam/ros2_WS/build/pub_sub/prefix_override:/usr/lib/python3/dist-packages/colcon_core/task/python/colcon_distutils_commands:/home/pritam/ros2_WS/install/pub_sub/lib/python3.10/site-packages:${PYTHONPATH} /usr/bin/python3 -W ignore:setup.py install is deprecated -W ignore:easy_install command is deprecated setup.py egg_info --egg-base ../../build/pub_sub build --build-base /home/pritam/ros2_WS/build/pub_sub/build install --record /home/pritam/ros2_WS/build/pub_sub/install.log --single-version-externally-managed install_data
[2.002s] Level 1:colcon.colcon_core.environment:checking '/home/pritam/ros2_WS/install/pub_sub' for CMake config files
[2.003s] Level 1:colcon.colcon_core.environment:checking '/home/pritam/ros2_WS/install/pub_sub/lib'
[2.003s] Level 1:colcon.colcon_core.environment:checking '/home/pritam/ros2_WS/install/pub_sub/bin'
[2.003s] Level 1:colcon.colcon_core.environment:checking '/home/pritam/ros2_WS/install/pub_sub/lib/pkgconfig/pub_sub.pc'
[2.003s] Level 1:colcon.colcon_core.environment:checking '/home/pritam/ros2_WS/install/pub_sub/lib/python3.10/site-packages'
[2.003s] Level 1:colcon.colcon_core.shell:create_environment_hook('pub_sub', 'pythonpath')
[2.003s] INFO:colcon.colcon_core.shell:Creating environment hook '/home/pritam/ros2_WS/install/pub_sub/share/pub_sub/hook/pythonpath.ps1'
[2.004s] INFO:colcon.colcon_core.shell:Creating environment descriptor '/home/pritam/ros2_WS/install/pub_sub/share/pub_sub/hook/pythonpath.dsv'
[2.004s] INFO:colcon.colcon_core.shell:Creating environment hook '/home/pritam/ros2_WS/install/pub_sub/share/pub_sub/hook/pythonpath.sh'
[2.004s] Level 1:colcon.colcon_core.environment:checking '/home/pritam/ros2_WS/install/pub_sub/bin'
[2.005s] Level 1:colcon.colcon_core.environment:create_environment_scripts_only(pub_sub)
[2.005s] INFO:colcon.colcon_core.shell:Creating package script '/home/pritam/ros2_WS/install/pub_sub/share/pub_sub/package.ps1'
[2.005s] INFO:colcon.colcon_core.shell:Creating package descriptor '/home/pritam/ros2_WS/install/pub_sub/share/pub_sub/package.dsv'
[2.006s] INFO:colcon.colcon_core.shell:Creating package script '/home/pritam/ros2_WS/install/pub_sub/share/pub_sub/package.sh'
[2.006s] INFO:colcon.colcon_core.shell:Creating package script '/home/pritam/ros2_WS/install/pub_sub/share/pub_sub/package.bash'
[2.007s] INFO:colcon.colcon_core.shell:Creating package script '/home/pritam/ros2_WS/install/pub_sub/share/pub_sub/package.zsh'
[2.007s] Level 1:colcon.colcon_core.environment:create_file_with_runtime_dependencies(/home/pritam/ros2_WS/install/pub_sub/share/colcon-core/packages/pub_sub)
[2.265s] DEBUG:colcon.colcon_core.event_handler.log_command:Invoking command in '/home/pritam/ros2_WS/src/add_integers': CMAKE_PREFIX_PATH=/home/pritam/ros2_WS/install/custom_interfaces:/home/pritam/ros2_WS/install/talker_listener:/home/pritam/ros2_WS/install/demo_pkg PYTHONPATH=/home/pritam/ros2_WS/build/add_integers/prefix_override:/usr/lib/python3/dist-packages/colcon_core/task/python/colcon_distutils_commands:/home/pritam/ros2_WS/install/add_integers/lib/python3.10/site-packages:${PYTHONPATH} /usr/bin/python3 -W ignore:setup.py install is deprecated -W ignore:easy_install command is deprecated setup.py egg_info --egg-base ../../build/add_integers build --build-base /home/pritam/ros2_WS/build/add_integers/build install --record /home/pritam/ros2_WS/build/add_integers/install.log --single-version-externally-managed install_data
[2.656s] Level 1:colcon.colcon_core.environment:checking '/home/pritam/ros2_WS/install/add_integers' for CMake module files
[2.657s] DEBUG:colcon.colcon_core.event_handler.log_command:Invoked command in '/home/pritam/ros2_WS/src/add_integers' returned '0': CMAKE_PREFIX_PATH=/home/pritam/ros2_WS/install/custom_interfaces:/home/pritam/ros2_WS/install/talker_listener:/home/pritam/ros2_WS/install/demo_pkg PYTHONPATH=/home/pritam/ros2_WS/build/add_integers/prefix_override:/usr/lib/python3/dist-packages/colcon_core/task/python/colcon_distutils_commands:/home/pritam/ros2_WS/install/add_integers/lib/python3.10/site-packages:${PYTHONPATH} /usr/bin/python3 -W ignore:setup.py install is deprecated -W ignore:easy_install command is deprecated setup.py egg_info --egg-base ../../build/add_integers build --build-base /home/pritam/ros2_WS/build/add_integers/build install --record /home/pritam/ros2_WS/build/add_integers/install.log --single-version-externally-managed install_data
[2.658s] Level 1:colcon.colcon_core.environment:checking '/home/pritam/ros2_WS/install/add_integers' for CMake config files
[2.659s] Level 1:colcon.colcon_core.environment:checking '/home/pritam/ros2_WS/install/add_integers/lib'
[2.659s] Level 1:colcon.colcon_core.environment:checking '/home/pritam/ros2_WS/install/add_integers/bin'
[2.659s] Level 1:colcon.colcon_core.environment:checking '/home/pritam/ros2_WS/install/add_integers/lib/pkgconfig/add_integers.pc'
[2.659s] Level 1:colcon.colcon_core.environment:checking '/home/pritam/ros2_WS/install/add_integers/lib/python3.10/site-packages'
[2.659s] Level 1:colcon.colcon_core.shell:create_environment_hook('add_integers', 'pythonpath')
[2.660s] INFO:colcon.colcon_core.shell:Creating environment hook '/home/pritam/ros2_WS/install/add_integers/share/add_integers/hook/pythonpath.ps1'
[2.660s] INFO:colcon.colcon_core.shell:Creating environment descriptor '/home/pritam/ros2_WS/install/add_integers/share/add_integers/hook/pythonpath.dsv'
[2.661s] INFO:colcon.colcon_core.shell:Creating environment hook '/home/pritam/ros2_WS/install/add_integers/share/add_integers/hook/pythonpath.sh'
[2.661s] Level 1:colcon.colcon_core.environment:checking '/home/pritam/ros2_WS/install/add_integers/bin'
[2.661s] Level 1:colcon.colcon_core.environment:create_environment_scripts_only(add_integers)
[2.662s] INFO:colcon.colcon_core.shell:Creating package script '/home/pritam/ros2_WS/install/add_integers/share/add_integers/package.ps1'
[2.662s] INFO:colcon.colcon_core.shell:Creating package descriptor '/home/pritam/ros2_WS/install/add_integers/share/add_integers/package.dsv'
[2.663s] INFO:colcon.colcon_core.shell:Creating package script '/home/pritam/ros2_WS/install/add_integers/share/add_integers/package.sh'
[2.663s] INFO:colcon.colcon_core.shell:Creating package script '/home/pritam/ros2_WS/install/add_integers/share/add_integers/package.bash'
[2.664s] INFO:colcon.colcon_core.shell:Creating package script '/home/pritam/ros2_WS/install/add_integers/share/add_integers/package.zsh'
[2.664s] Level 1:colcon.colcon_core.environment:create_file_with_runtime_dependencies(/home/pritam/ros2_WS/install/add_integers/share/colcon-core/packages/add_integers)
[2.664s] DEBUG:colcon.colcon_parallel_executor.executor.parallel:closing loop
[2.665s] DEBUG:colcon.colcon_parallel_executor.executor.parallel:loop closed
[2.665s] DEBUG:colcon.colcon_parallel_executor.executor.parallel:run_until_complete finished with '0'
[2.665s] DEBUG:colcon.colcon_core.event_reactor:joining thread
[2.819s] INFO:colcon.colcon_core.plugin_system:Skipping extension 'colcon_notification.desktop_notification.notify_send': Could not find 'notify-send'
[2.819s] INFO:colcon.colcon_core.plugin_system:Skipping extension 'colcon_notification.desktop_notification.terminal_notifier': Not used on non-Darwin systems
[2.819s] INFO:colcon.colcon_core.plugin_system:Skipping extension 'colcon_notification.desktop_notification.win32': Not used on non-Windows systems
[2.819s] INFO:colcon.colcon_notification.desktop_notification:Sending desktop notification using 'notify2'
[2.819s] DEBUG:colcon.colcon_notification.desktop_notification.notify2:Failed to initialize notify2: org.freedesktop.DBus.Error.FileNotFound: Failed to connect to socket /run/user/1000/bus: No such file or directory
[2.820s] DEBUG:colcon.colcon_core.event_reactor:joined thread
[2.820s] INFO:colcon.colcon_core.shell:Creating prefix script '/home/pritam/ros2_WS/install/local_setup.ps1'
[2.822s] INFO:colcon.colcon_core.shell:Creating prefix util module '/home/pritam/ros2_WS/install/_local_setup_util_ps1.py'
[2.824s] INFO:colcon.colcon_core.shell:Creating prefix chain script '/home/pritam/ros2_WS/install/setup.ps1'
[2.826s] INFO:colcon.colcon_core.shell:Creating prefix script '/home/pritam/ros2_WS/install/local_setup.sh'
[2.827s] INFO:colcon.colcon_core.shell:Creating prefix util module '/home/pritam/ros2_WS/install/_local_setup_util_sh.py'
[2.828s] INFO:colcon.colcon_core.shell:Creating prefix chain script '/home/pritam/ros2_WS/install/setup.sh'
[2.830s] INFO:colcon.colcon_core.shell:Creating prefix script '/home/pritam/ros2_WS/install/local_setup.bash'
[2.830s] INFO:colcon.colcon_core.shell:Creating prefix chain script '/home/pritam/ros2_WS/install/setup.bash'
[2.832s] INFO:colcon.colcon_core.shell:Creating prefix script '/home/pritam/ros2_WS/install/local_setup.zsh'
[2.833s] INFO:colcon.colcon_core.shell:Creating prefix chain script '/home/pritam/ros2_WS/install/setup.zsh'
