[0.650s] Invoking command in '/home/pritam/ros2_WS/src/pub_sub': PYTHONPATH=/home/pritam/ros2_WS/build/pub_sub/prefix_override:/usr/lib/python3/dist-packages/colcon_core/task/python/colcon_distutils_commands:/home/pritam/ros2_WS/install/pub_sub/lib/python3.10/site-packages:${PYTHONPATH} /usr/bin/python3 -W ignore:setup.py install is deprecated -W ignore:easy_install command is deprecated setup.py egg_info --egg-base ../../build/pub_sub build --build-base /home/pritam/ros2_WS/build/pub_sub/build install --record /home/pritam/ros2_WS/build/pub_sub/install.log --single-version-externally-managed install_data
[0.848s] running egg_info
[0.848s] writing ../../build/pub_sub/pub_sub.egg-info/PKG-INFO
[0.849s] writing dependency_links to ../../build/pub_sub/pub_sub.egg-info/dependency_links.txt
[0.849s] writing entry points to ../../build/pub_sub/pub_sub.egg-info/entry_points.txt
[0.849s] writing requirements to ../../build/pub_sub/pub_sub.egg-info/requires.txt
[0.849s] writing top-level names to ../../build/pub_sub/pub_sub.egg-info/top_level.txt
[0.850s] reading manifest file '../../build/pub_sub/pub_sub.egg-info/SOURCES.txt'
[0.851s] writing manifest file '../../build/pub_sub/pub_sub.egg-info/SOURCES.txt'
[0.851s] running build
[0.852s] running build_py
[0.852s] running install
[0.852s] running install_lib
[0.853s] running install_data
[0.853s] running install_egg_info
[0.855s] removing '/home/pritam/ros2_WS/install/pub_sub/lib/python3.10/site-packages/pub_sub-0.0.0-py3.10.egg-info' (and everything under it)
[0.855s] Copying ../../build/pub_sub/pub_sub.egg-info to /home/pritam/ros2_WS/install/pub_sub/lib/python3.10/site-packages/pub_sub-0.0.0-py3.10.egg-info
[0.855s] running install_scripts
[0.875s] Installing listener script to /home/pritam/ros2_WS/install/pub_sub/lib/pub_sub
[0.875s] Installing talker script to /home/pritam/ros2_WS/install/pub_sub/lib/pub_sub
[0.876s] writing list of installed files to '/home/pritam/ros2_WS/build/pub_sub/install.log'
[0.912s] Invoked command in '/home/pritam/ros2_WS/src/pub_sub' returned '0': PYTHONPATH=/home/pritam/ros2_WS/build/pub_sub/prefix_override:/usr/lib/python3/dist-packages/colcon_core/task/python/colcon_distutils_commands:/home/pritam/ros2_WS/install/pub_sub/lib/python3.10/site-packages:${PYTHONPATH} /usr/bin/python3 -W ignore:setup.py install is deprecated -W ignore:easy_install command is deprecated setup.py egg_info --egg-base ../../build/pub_sub build --build-base /home/pritam/ros2_WS/build/pub_sub/build install --record /home/pritam/ros2_WS/build/pub_sub/install.log --single-version-externally-managed install_data
