[0.057s] Invoking command in '/home/pritam/ros2_WS/build/custom_interfaces': CMAKE_PREFIX_PATH=/opt/ros/humble /usr/bin/cmake /home/pritam/ros2_WS/src/custom_interfaces -DCMAKE_INSTALL_PREFIX=/home/pritam/ros2_WS/install/custom_interfaces
[0.556s] -- The C compiler identification is GNU 11.4.0
[2.029s] -- The CXX compiler identification is GNU 11.4.0
[3.190s] -- Detecting C compiler ABI info
[3.610s] -- Detecting C compiler ABI info - done
[3.619s] -- Check for working C compiler: /usr/bin/cc - skipped
[3.620s] -- Detecting C compile features
[3.621s] -- Detecting C compile features - done
[3.625s] -- Detecting CXX compiler ABI info
[4.137s] -- Detecting CXX compiler ABI info - done
[4.152s] -- Check for working CXX compiler: /usr/bin/c++ - skipped
[4.152s] -- Detecting CXX compile features
[4.153s] -- Detecting CXX compile features - done
[4.183s] -- Found ament_cmake: 1.3.12 (/opt/ros/humble/share/ament_cmake/cmake)
[4.454s] -- Found Python3: /usr/bin/python3 (found version "3.10.12") found components: Interpreter 
[11.978s] [31mCMake Error at CMakeLists.txt:16 (find_package):
[11.979s]   By not providing "Findrosdil_default_generators.cmake" in CMAKE_MODULE_PATH
[11.979s]   this project has asked CMake to find a package configuration file provided
[11.979s]   by "rosdil_default_generators", but CMake did not find one.
[11.979s] 
[11.979s]   Could not find a package configuration file provided by
[11.979s]   "rosdil_default_generators" with any of the following names:
[11.979s] 
[11.979s]     rosdil_default_generatorsConfig.cmake
[11.979s]     rosdil_default_generators-config.cmake
[11.979s] 
[11.979s]   Add the installation prefix of "rosdil_default_generators" to
[11.979s]   CMAKE_PREFIX_PATH or set "rosdil_default_generators_DIR" to a directory
[11.979s]   containing one of the above files.  If "rosdil_default_generators" provides
[11.979s]   a separate development package or SDK, be sure it has been installed.
[11.979s] 
[11.980s] [0m
[11.980s] -- Configuring incomplete, errors occurred!
[11.980s] See also "/home/pritam/ros2_WS/build/custom_interfaces/CMakeFiles/CMakeOutput.log".
[11.990s] Invoked command in '/home/pritam/ros2_WS/build/custom_interfaces' returned '1': CMAKE_PREFIX_PATH=/opt/ros/humble /usr/bin/cmake /home/pritam/ros2_WS/src/custom_interfaces -DCMAKE_INSTALL_PREFIX=/home/pritam/ros2_WS/install/custom_interfaces
