[0.043s] Invoking command in '/home/pritam/ros2_WS/build/custom_interfaces': CMAKE_PREFIX_PATH=/opt/ros/humble /usr/bin/cmake /home/pritam/ros2_WS/src/custom_interfaces -DCMAKE_INSTALL_PREFIX=/home/pritam/ros2_WS/install/custom_interfaces
[0.384s] -- Found ament_cmake: 1.3.12 (/opt/ros/humble/share/ament_cmake/cmake)
[0.385s] -- Found rosidl_default_generators: 1.2.0 (/opt/ros/humble/share/rosidl_default_generators/cmake)
[0.385s] -- Using all available rosidl_typesupport_c: rosidl_typesupport_fastrtps_c;rosidl_typesupport_introspection_c
[0.385s] -- Found rosidl_adapter: 3.1.7 (/opt/ros/humble/share/rosidl_adapter/cmake)
[0.627s] -- Using all available rosidl_typesupport_cpp: rosidl_typesupport_fastrtps_cpp;rosidl_typesupport_introspection_cpp
[0.677s] [31mCMake Error at CMakeLists.txt:18 (rosidl_generate_interfaces):
[0.677s]   Syntax error in cmake code at
[0.677s] 
[0.677s]     /home/pritam/ros2_WS/src/custom_interfaces/CMakeLists.txt:18
[0.677s] 
[0.677s]   when parsing string
[0.677s] 
[0.677s]     ${PROJECT
[0.677s] 
[0.677s]   There is an unterminated variable reference.
[0.678s] 
[0.678s] [0m
[0.678s] -- Configuring incomplete, errors occurred!
[0.678s] See also "/home/pritam/ros2_WS/build/custom_interfaces/CMakeFiles/CMakeOutput.log".
[0.683s] Invoked command in '/home/pritam/ros2_WS/build/custom_interfaces' returned '1': CMAKE_PREFIX_PATH=/opt/ros/humble /usr/bin/cmake /home/pritam/ros2_WS/src/custom_interfaces -DCMAKE_INSTALL_PREFIX=/home/pritam/ros2_WS/install/custom_interfaces
