[0.027s] Invoking command in '/home/pritam/ros2_WS/build/talker_listener': CMAKE_PREFIX_PATH=/opt/ros/humble /usr/bin/cmake --build /home/pritam/ros2_WS/build/talker_listener -- -j12 -l12
[0.060s] [35m[1mConsolidate compiler generated dependencies of target my_listener[0m
[0.075s] [ 75%] Built target my_talker
[0.075s] [100%] Built target my_listener
[0.086s] Invoked command in '/home/pritam/ros2_WS/build/talker_listener' returned '0': CMAKE_PREFIX_PATH=/opt/ros/humble /usr/bin/cmake --build /home/pritam/ros2_WS/build/talker_listener -- -j12 -l12
[0.088s] Invoking command in '/home/pritam/ros2_WS/build/talker_listener': CMAKE_PREFIX_PATH=/opt/ros/humble /usr/bin/cmake --install /home/pritam/ros2_WS/build/talker_listener
[0.094s] -- Install configuration: ""
[0.094s] -- Up-to-date: /home/pritam/ros2_WS/install/talker_listener/lib/talker_listener/my_talker
[0.094s] -- Up-to-date: /home/pritam/ros2_WS/install/talker_listener/lib/talker_listener/my_listener
[0.094s] -- Up-to-date: /home/pritam/ros2_WS/install/talker_listener/share/ament_index/resource_index/package_run_dependencies/talker_listener
[0.095s] -- Up-to-date: /home/pritam/ros2_WS/install/talker_listener/share/ament_index/resource_index/parent_prefix_path/talker_listener
[0.095s] -- Up-to-date: /home/pritam/ros2_WS/install/talker_listener/share/talker_listener/environment/ament_prefix_path.sh
[0.095s] -- Up-to-date: /home/pritam/ros2_WS/install/talker_listener/share/talker_listener/environment/ament_prefix_path.dsv
[0.095s] -- Up-to-date: /home/pritam/ros2_WS/install/talker_listener/share/talker_listener/environment/path.sh
[0.095s] -- Up-to-date: /home/pritam/ros2_WS/install/talker_listener/share/talker_listener/environment/path.dsv
[0.095s] -- Up-to-date: /home/pritam/ros2_WS/install/talker_listener/share/talker_listener/local_setup.bash
[0.095s] -- Up-to-date: /home/pritam/ros2_WS/install/talker_listener/share/talker_listener/local_setup.sh
[0.095s] -- Up-to-date: /home/pritam/ros2_WS/install/talker_listener/share/talker_listener/local_setup.zsh
[0.096s] -- Up-to-date: /home/pritam/ros2_WS/install/talker_listener/share/talker_listener/local_setup.dsv
[0.096s] -- Installing: /home/pritam/ros2_WS/install/talker_listener/share/talker_listener/package.dsv
[0.096s] -- Up-to-date: /home/pritam/ros2_WS/install/talker_listener/share/ament_index/resource_index/packages/talker_listener
[0.096s] -- Up-to-date: /home/pritam/ros2_WS/install/talker_listener/share/talker_listener/cmake/talker_listenerConfig.cmake
[0.096s] -- Up-to-date: /home/pritam/ros2_WS/install/talker_listener/share/talker_listener/cmake/talker_listenerConfig-version.cmake
[0.096s] -- Up-to-date: /home/pritam/ros2_WS/install/talker_listener/share/talker_listener/package.xml
[0.098s] Invoked command in '/home/pritam/ros2_WS/build/talker_listener' returned '0': CMAKE_PREFIX_PATH=/opt/ros/humble /usr/bin/cmake --install /home/pritam/ros2_WS/build/talker_listener
