[0.614s] Invoking command in '/home/pritam/ros2_WS/src/pub_sub': PYTHONPATH=/home/pritam/ros2_WS/build/pub_sub/prefix_override:/usr/lib/python3/dist-packages/colcon_core/task/python/colcon_distutils_commands:/home/pritam/ros2_WS/install/pub_sub/lib/python3.10/site-packages:${PYTHONPATH} /usr/bin/python3 -W ignore:setup.py install is deprecated -W ignore:easy_install command is deprecated setup.py egg_info --egg-base ../../build/pub_sub build --build-base /home/pritam/ros2_WS/build/pub_sub/build install --record /home/pritam/ros2_WS/build/pub_sub/install.log --single-version-externally-managed install_data
[0.848s] running egg_info
[0.849s] creating ../../build/pub_sub/pub_sub.egg-info
[0.849s] writing ../../build/pub_sub/pub_sub.egg-info/PKG-INFO
[0.849s] writing dependency_links to ../../build/pub_sub/pub_sub.egg-info/dependency_links.txt
[0.850s] writing entry points to ../../build/pub_sub/pub_sub.egg-info/entry_points.txt
[0.850s] writing requirements to ../../build/pub_sub/pub_sub.egg-info/requires.txt
[0.850s] writing top-level names to ../../build/pub_sub/pub_sub.egg-info/top_level.txt
[0.850s] writing manifest file '../../build/pub_sub/pub_sub.egg-info/SOURCES.txt'
[0.852s] reading manifest file '../../build/pub_sub/pub_sub.egg-info/SOURCES.txt'
[0.854s] writing manifest file '../../build/pub_sub/pub_sub.egg-info/SOURCES.txt'
[0.854s] running build
[0.855s] running build_py
[0.855s] creating /home/pritam/ros2_WS/build/pub_sub/build
[0.855s] creating /home/pritam/ros2_WS/build/pub_sub/build/lib
[0.855s] creating /home/pritam/ros2_WS/build/pub_sub/build/lib/pub_sub
[0.855s] copying pub_sub/__init__.py -> /home/pritam/ros2_WS/build/pub_sub/build/lib/pub_sub
[0.856s] copying pub_sub/talker_node.py -> /home/pritam/ros2_WS/build/pub_sub/build/lib/pub_sub
[0.856s] copying pub_sub/listener_node.py -> /home/pritam/ros2_WS/build/pub_sub/build/lib/pub_sub
[0.856s] running install
[0.856s] running install_lib
[0.857s] creating /home/pritam/ros2_WS/install/pub_sub/lib/python3.10/site-packages/pub_sub
[0.857s] copying /home/pritam/ros2_WS/build/pub_sub/build/lib/pub_sub/__init__.py -> /home/pritam/ros2_WS/install/pub_sub/lib/python3.10/site-packages/pub_sub
[0.857s] copying /home/pritam/ros2_WS/build/pub_sub/build/lib/pub_sub/talker_node.py -> /home/pritam/ros2_WS/install/pub_sub/lib/python3.10/site-packages/pub_sub
[0.857s] copying /home/pritam/ros2_WS/build/pub_sub/build/lib/pub_sub/listener_node.py -> /home/pritam/ros2_WS/install/pub_sub/lib/python3.10/site-packages/pub_sub
[0.858s] byte-compiling /home/pritam/ros2_WS/install/pub_sub/lib/python3.10/site-packages/pub_sub/__init__.py to __init__.cpython-310.pyc
[0.859s] byte-compiling /home/pritam/ros2_WS/install/pub_sub/lib/python3.10/site-packages/pub_sub/talker_node.py to talker_node.cpython-310.pyc
[0.860s] byte-compiling /home/pritam/ros2_WS/install/pub_sub/lib/python3.10/site-packages/pub_sub/listener_node.py to listener_node.cpython-310.pyc
[0.861s] running install_data
[0.862s] creating /home/pritam/ros2_WS/install/pub_sub/share/ament_index
[0.862s] creating /home/pritam/ros2_WS/install/pub_sub/share/ament_index/resource_index
[0.863s] creating /home/pritam/ros2_WS/install/pub_sub/share/ament_index/resource_index/packages
[0.863s] copying resource/pub_sub -> /home/pritam/ros2_WS/install/pub_sub/share/ament_index/resource_index/packages
[0.863s] copying package.xml -> /home/pritam/ros2_WS/install/pub_sub/share/pub_sub
[0.864s] running install_egg_info
[0.865s] Copying ../../build/pub_sub/pub_sub.egg-info to /home/pritam/ros2_WS/install/pub_sub/lib/python3.10/site-packages/pub_sub-0.0.0-py3.10.egg-info
[0.868s] running install_scripts
[0.890s] Installing listener script to /home/pritam/ros2_WS/install/pub_sub/lib/pub_sub
[0.891s] Installing talker script to /home/pritam/ros2_WS/install/pub_sub/lib/pub_sub
[0.891s] writing list of installed files to '/home/pritam/ros2_WS/build/pub_sub/install.log'
[0.925s] Invoked command in '/home/pritam/ros2_WS/src/pub_sub' returned '0': PYTHONPATH=/home/pritam/ros2_WS/build/pub_sub/prefix_override:/usr/lib/python3/dist-packages/colcon_core/task/python/colcon_distutils_commands:/home/pritam/ros2_WS/install/pub_sub/lib/python3.10/site-packages:${PYTHONPATH} /usr/bin/python3 -W ignore:setup.py install is deprecated -W ignore:easy_install command is deprecated setup.py egg_info --egg-base ../../build/pub_sub build --build-base /home/pritam/ros2_WS/build/pub_sub/build install --record /home/pritam/ros2_WS/build/pub_sub/install.log --single-version-externally-managed install_data
