[100%] Built target my_talker
[100%] Built target my_listener
-- Install configuration: ""
-- Up-to-date: /home/pritam/ros2_WS/install/talker_listener/lib/talker_listener/my_talker
-- Up-to-date: /home/pritam/ros2_WS/install/talker_listener/lib/talker_listener/my_listener
-- Up-to-date: /home/pritam/ros2_WS/install/talker_listener/share/ament_index/resource_index/package_run_dependencies/talker_listener
-- Up-to-date: /home/pritam/ros2_WS/install/talker_listener/share/ament_index/resource_index/parent_prefix_path/talker_listener
-- Up-to-date: /home/pritam/ros2_WS/install/talker_listener/share/talker_listener/environment/ament_prefix_path.sh
-- Up-to-date: /home/pritam/ros2_WS/install/talker_listener/share/talker_listener/environment/ament_prefix_path.dsv
-- Up-to-date: /home/pritam/ros2_WS/install/talker_listener/share/talker_listener/environment/path.sh
-- Up-to-date: /home/pritam/ros2_WS/install/talker_listener/share/talker_listener/environment/path.dsv
-- Up-to-date: /home/pritam/ros2_WS/install/talker_listener/share/talker_listener/local_setup.bash
-- Up-to-date: /home/pritam/ros2_WS/install/talker_listener/share/talker_listener/local_setup.sh
-- Up-to-date: /home/pritam/ros2_WS/install/talker_listener/share/talker_listener/local_setup.zsh
-- Up-to-date: /home/pritam/ros2_WS/install/talker_listener/share/talker_listener/local_setup.dsv
-- Installing: /home/pritam/ros2_WS/install/talker_listener/share/talker_listener/package.dsv
-- Up-to-date: /home/pritam/ros2_WS/install/talker_listener/share/ament_index/resource_index/packages/talker_listener
-- Up-to-date: /home/pritam/ros2_WS/install/talker_listener/share/talker_listener/cmake/talker_listenerConfig.cmake
-- Up-to-date: /home/pritam/ros2_WS/install/talker_listener/share/talker_listener/cmake/talker_listenerConfig-version.cmake
-- Up-to-date: /home/pritam/ros2_WS/install/talker_listener/share/talker_listener/package.xml
