[0.173s] DEBUG:colcon:Command line arguments: ['/usr/bin/colcon', 'build']
[0.173s] DEBUG:colcon:Parsed command line arguments: Namespace(log_base=None, log_level=None, verb_name='build', build_base='build', install_base='install', merge_install=False, symlink_install=False, test_result_base=None, continue_on_error=False, executor='parallel', parallel_workers=12, event_handlers=None, ignore_user_meta=False, metas=['./colcon.meta'], base_paths=['.'], packages_ignore=None, packages_ignore_regex=None, paths=None, packages_up_to=None, packages_up_to_regex=None, packages_above=None, packages_above_and_dependencies=None, packages_above_depth=None, packages_select_by_dep=None, packages_skip_by_dep=None, packages_skip_up_to=None, packages_select_build_failed=False, packages_skip_build_finished=False, packages_select_test_failures=False, packages_skip_test_passed=False, packages_select=None, packages_skip=None, packages_select_regex=None, packages_skip_regex=None, packages_start=None, packages_end=None, allow_overriding=[], cmake_args=None, cmake_target=None, cmake_target_skip_unavailable=False, cmake_clean_cache=False, cmake_clean_first=False, cmake_force_configure=False, ament_cmake_args=None, catkin_cmake_args=None, catkin_skip_building_tests=False, verb_parser=<colcon_defaults.argument_parser.defaults.DefaultArgumentsDecorator object at 0x7193afc34f40>, verb_extension=<colcon_core.verb.build.BuildVerb object at 0x7193afdcdbd0>, main=<bound method BuildVerb.main of <colcon_core.verb.build.BuildVerb object at 0x7193afdcdbd0>>)
[0.332s] Level 1:colcon.colcon_core.package_discovery:discover_packages(colcon_meta) check parameters
[0.333s] Level 1:colcon.colcon_core.package_discovery:discover_packages(recursive) check parameters
[0.333s] Level 1:colcon.colcon_core.package_discovery:discover_packages(ignore) check parameters
[0.333s] Level 1:colcon.colcon_core.package_discovery:discover_packages(path) check parameters
[0.333s] Level 1:colcon.colcon_core.package_discovery:discover_packages(colcon_meta) discover
[0.333s] Level 1:colcon.colcon_core.package_discovery:discover_packages(recursive) discover
[0.333s] INFO:colcon.colcon_core.package_discovery:Crawling recursively for packages in '/home/pritam/ros2_WS'
[0.333s] Level 1:colcon.colcon_core.package_identification:_identify(.) by extensions ['ignore', 'ignore_ament_install']
[0.333s] Level 1:colcon.colcon_core.package_identification:_identify(.) by extension 'ignore'
[0.333s] Level 1:colcon.colcon_core.package_identification:_identify(.) by extension 'ignore_ament_install'
[0.333s] Level 1:colcon.colcon_core.package_identification:_identify(.) by extensions ['colcon_pkg']
[0.333s] Level 1:colcon.colcon_core.package_identification:_identify(.) by extension 'colcon_pkg'
[0.333s] Level 1:colcon.colcon_core.package_identification:_identify(.) by extensions ['colcon_meta']
[0.333s] Level 1:colcon.colcon_core.package_identification:_identify(.) by extension 'colcon_meta'
[0.334s] Level 1:colcon.colcon_core.package_identification:_identify(.) by extensions ['ros']
[0.334s] Level 1:colcon.colcon_core.package_identification:_identify(.) by extension 'ros'
[0.349s] Level 1:colcon.colcon_core.package_identification:_identify(.) by extensions ['cmake', 'python']
[0.349s] Level 1:colcon.colcon_core.package_identification:_identify(.) by extension 'cmake'
[0.349s] Level 1:colcon.colcon_core.package_identification:_identify(.) by extension 'python'
[0.349s] Level 1:colcon.colcon_core.package_identification:_identify(.) by extensions ['python_setup_py']
[0.349s] Level 1:colcon.colcon_core.package_identification:_identify(.) by extension 'python_setup_py'
[0.349s] Level 1:colcon.colcon_core.package_identification:_identify(build) by extensions ['ignore', 'ignore_ament_install']
[0.349s] Level 1:colcon.colcon_core.package_identification:_identify(build) by extension 'ignore'
[0.349s] Level 1:colcon.colcon_core.package_identification:_identify(build) ignored
[0.350s] Level 1:colcon.colcon_core.package_identification:_identify(install) by extensions ['ignore', 'ignore_ament_install']
[0.350s] Level 1:colcon.colcon_core.package_identification:_identify(install) by extension 'ignore'
[0.350s] Level 1:colcon.colcon_core.package_identification:_identify(install) ignored
[0.350s] Level 1:colcon.colcon_core.package_identification:_identify(log) by extensions ['ignore', 'ignore_ament_install']
[0.350s] Level 1:colcon.colcon_core.package_identification:_identify(log) by extension 'ignore'
[0.350s] Level 1:colcon.colcon_core.package_identification:_identify(log) ignored
[0.350s] Level 1:colcon.colcon_core.package_identification:_identify(src) by extensions ['ignore', 'ignore_ament_install']
[0.350s] Level 1:colcon.colcon_core.package_identification:_identify(src) by extension 'ignore'
[0.350s] Level 1:colcon.colcon_core.package_identification:_identify(src) by extension 'ignore_ament_install'
[0.350s] Level 1:colcon.colcon_core.package_identification:_identify(src) by extensions ['colcon_pkg']
[0.350s] Level 1:colcon.colcon_core.package_identification:_identify(src) by extension 'colcon_pkg'
[0.350s] Level 1:colcon.colcon_core.package_identification:_identify(src) by extensions ['colcon_meta']
[0.350s] Level 1:colcon.colcon_core.package_identification:_identify(src) by extension 'colcon_meta'
[0.350s] Level 1:colcon.colcon_core.package_identification:_identify(src) by extensions ['ros']
[0.350s] Level 1:colcon.colcon_core.package_identification:_identify(src) by extension 'ros'
[0.350s] Level 1:colcon.colcon_core.package_identification:_identify(src) by extensions ['cmake', 'python']
[0.350s] Level 1:colcon.colcon_core.package_identification:_identify(src) by extension 'cmake'
[0.350s] Level 1:colcon.colcon_core.package_identification:_identify(src) by extension 'python'
[0.350s] Level 1:colcon.colcon_core.package_identification:_identify(src) by extensions ['python_setup_py']
[0.350s] Level 1:colcon.colcon_core.package_identification:_identify(src) by extension 'python_setup_py'
[0.350s] Level 1:colcon.colcon_core.package_identification:_identify(src/add_integers) by extensions ['ignore', 'ignore_ament_install']
[0.351s] Level 1:colcon.colcon_core.package_identification:_identify(src/add_integers) by extension 'ignore'
[0.351s] Level 1:colcon.colcon_core.package_identification:_identify(src/add_integers) by extension 'ignore_ament_install'
[0.351s] Level 1:colcon.colcon_core.package_identification:_identify(src/add_integers) by extensions ['colcon_pkg']
[0.351s] Level 1:colcon.colcon_core.package_identification:_identify(src/add_integers) by extension 'colcon_pkg'
[0.351s] Level 1:colcon.colcon_core.package_identification:_identify(src/add_integers) by extensions ['colcon_meta']
[0.351s] Level 1:colcon.colcon_core.package_identification:_identify(src/add_integers) by extension 'colcon_meta'
[0.351s] Level 1:colcon.colcon_core.package_identification:_identify(src/add_integers) by extensions ['ros']
[0.351s] Level 1:colcon.colcon_core.package_identification:_identify(src/add_integers) by extension 'ros'
[0.353s] DEBUG:colcon.colcon_core.package_identification:Package 'src/add_integers' with type 'ros.ament_python' and name 'add_integers'
[0.353s] Level 1:colcon.colcon_core.package_identification:_identify(src/custom_interfaces) by extensions ['ignore', 'ignore_ament_install']
[0.353s] Level 1:colcon.colcon_core.package_identification:_identify(src/custom_interfaces) by extension 'ignore'
[0.353s] Level 1:colcon.colcon_core.package_identification:_identify(src/custom_interfaces) by extension 'ignore_ament_install'
[0.353s] Level 1:colcon.colcon_core.package_identification:_identify(src/custom_interfaces) by extensions ['colcon_pkg']
[0.353s] Level 1:colcon.colcon_core.package_identification:_identify(src/custom_interfaces) by extension 'colcon_pkg'
[0.354s] Level 1:colcon.colcon_core.package_identification:_identify(src/custom_interfaces) by extensions ['colcon_meta']
[0.354s] Level 1:colcon.colcon_core.package_identification:_identify(src/custom_interfaces) by extension 'colcon_meta'
[0.354s] Level 1:colcon.colcon_core.package_identification:_identify(src/custom_interfaces) by extensions ['ros']
[0.354s] Level 1:colcon.colcon_core.package_identification:_identify(src/custom_interfaces) by extension 'ros'
[0.354s] DEBUG:colcon.colcon_core.package_identification:Package 'src/custom_interfaces' with type 'ros.ament_cmake' and name 'custom_interfaces'
[0.354s] Level 1:colcon.colcon_core.package_identification:_identify(src/demo_pkg) by extensions ['ignore', 'ignore_ament_install']
[0.354s] Level 1:colcon.colcon_core.package_identification:_identify(src/demo_pkg) by extension 'ignore'
[0.354s] Level 1:colcon.colcon_core.package_identification:_identify(src/demo_pkg) by extension 'ignore_ament_install'
[0.354s] Level 1:colcon.colcon_core.package_identification:_identify(src/demo_pkg) by extensions ['colcon_pkg']
[0.354s] Level 1:colcon.colcon_core.package_identification:_identify(src/demo_pkg) by extension 'colcon_pkg'
[0.354s] Level 1:colcon.colcon_core.package_identification:_identify(src/demo_pkg) by extensions ['colcon_meta']
[0.354s] Level 1:colcon.colcon_core.package_identification:_identify(src/demo_pkg) by extension 'colcon_meta'
[0.354s] Level 1:colcon.colcon_core.package_identification:_identify(src/demo_pkg) by extensions ['ros']
[0.355s] Level 1:colcon.colcon_core.package_identification:_identify(src/demo_pkg) by extension 'ros'
[0.355s] DEBUG:colcon.colcon_core.package_identification:Package 'src/demo_pkg' with type 'ros.ament_cmake' and name 'demo_pkg'
[0.355s] Level 1:colcon.colcon_core.package_identification:_identify(src/pub_sub) by extensions ['ignore', 'ignore_ament_install']
[0.355s] Level 1:colcon.colcon_core.package_identification:_identify(src/pub_sub) by extension 'ignore'
[0.355s] Level 1:colcon.colcon_core.package_identification:_identify(src/pub_sub) by extension 'ignore_ament_install'
[0.355s] Level 1:colcon.colcon_core.package_identification:_identify(src/pub_sub) by extensions ['colcon_pkg']
[0.355s] Level 1:colcon.colcon_core.package_identification:_identify(src/pub_sub) by extension 'colcon_pkg'
[0.355s] Level 1:colcon.colcon_core.package_identification:_identify(src/pub_sub) by extensions ['colcon_meta']
[0.355s] Level 1:colcon.colcon_core.package_identification:_identify(src/pub_sub) by extension 'colcon_meta'
[0.355s] Level 1:colcon.colcon_core.package_identification:_identify(src/pub_sub) by extensions ['ros']
[0.355s] Level 1:colcon.colcon_core.package_identification:_identify(src/pub_sub) by extension 'ros'
[0.356s] DEBUG:colcon.colcon_core.package_identification:Package 'src/pub_sub' with type 'ros.ament_python' and name 'pub_sub'
[0.356s] Level 1:colcon.colcon_core.package_identification:_identify(src/talker_listener) by extensions ['ignore', 'ignore_ament_install']
[0.356s] Level 1:colcon.colcon_core.package_identification:_identify(src/talker_listener) by extension 'ignore'
[0.356s] Level 1:colcon.colcon_core.package_identification:_identify(src/talker_listener) by extension 'ignore_ament_install'
[0.356s] Level 1:colcon.colcon_core.package_identification:_identify(src/talker_listener) by extensions ['colcon_pkg']
[0.356s] Level 1:colcon.colcon_core.package_identification:_identify(src/talker_listener) by extension 'colcon_pkg'
[0.356s] Level 1:colcon.colcon_core.package_identification:_identify(src/talker_listener) by extensions ['colcon_meta']
[0.356s] Level 1:colcon.colcon_core.package_identification:_identify(src/talker_listener) by extension 'colcon_meta'
[0.356s] Level 1:colcon.colcon_core.package_identification:_identify(src/talker_listener) by extensions ['ros']
[0.356s] Level 1:colcon.colcon_core.package_identification:_identify(src/talker_listener) by extension 'ros'
[0.357s] DEBUG:colcon.colcon_core.package_identification:Package 'src/talker_listener' with type 'ros.ament_cmake' and name 'talker_listener'
[0.357s] Level 1:colcon.colcon_core.package_discovery:discover_packages(recursive) using defaults
[0.357s] Level 1:colcon.colcon_core.package_discovery:discover_packages(ignore) discover
[0.357s] Level 1:colcon.colcon_core.package_discovery:discover_packages(ignore) using defaults
[0.357s] Level 1:colcon.colcon_core.package_discovery:discover_packages(path) discover
[0.357s] Level 1:colcon.colcon_core.package_discovery:discover_packages(path) using defaults
[0.387s] Level 1:colcon.colcon_core.package_discovery:discover_packages(prefix_path) check parameters
[0.387s] Level 1:colcon.colcon_core.package_discovery:discover_packages(prefix_path) discover
[0.389s] DEBUG:colcon.colcon_installed_package_information.package_discovery:Found 5 installed packages in /home/pritam/ros2_WS/install
[0.391s] DEBUG:colcon.colcon_installed_package_information.package_discovery:Found 271 installed packages in /opt/ros/humble
[0.392s] Level 1:colcon.colcon_core.package_discovery:discover_packages(prefix_path) using defaults
[0.421s] Level 5:colcon.colcon_core.verb:set package 'custom_interfaces' build argument 'cmake_args' from command line to 'None'
[0.421s] Level 5:colcon.colcon_core.verb:set package 'custom_interfaces' build argument 'cmake_target' from command line to 'None'
[0.421s] Level 5:colcon.colcon_core.verb:set package 'custom_interfaces' build argument 'cmake_target_skip_unavailable' from command line to 'False'
[0.421s] Level 5:colcon.colcon_core.verb:set package 'custom_interfaces' build argument 'cmake_clean_cache' from command line to 'False'
[0.421s] Level 5:colcon.colcon_core.verb:set package 'custom_interfaces' build argument 'cmake_clean_first' from command line to 'False'
[0.421s] Level 5:colcon.colcon_core.verb:set package 'custom_interfaces' build argument 'cmake_force_configure' from command line to 'False'
[0.421s] Level 5:colcon.colcon_core.verb:set package 'custom_interfaces' build argument 'ament_cmake_args' from command line to 'None'
[0.421s] Level 5:colcon.colcon_core.verb:set package 'custom_interfaces' build argument 'catkin_cmake_args' from command line to 'None'
[0.421s] Level 5:colcon.colcon_core.verb:set package 'custom_interfaces' build argument 'catkin_skip_building_tests' from command line to 'False'
[0.421s] DEBUG:colcon.colcon_core.verb:Building package 'custom_interfaces' with the following arguments: {'ament_cmake_args': None, 'build_base': '/home/pritam/ros2_WS/build/custom_interfaces', 'catkin_cmake_args': None, 'catkin_skip_building_tests': False, 'cmake_args': None, 'cmake_clean_cache': False, 'cmake_clean_first': False, 'cmake_force_configure': False, 'cmake_target': None, 'cmake_target_skip_unavailable': False, 'install_base': '/home/pritam/ros2_WS/install/custom_interfaces', 'merge_install': False, 'path': '/home/pritam/ros2_WS/src/custom_interfaces', 'symlink_install': False, 'test_result_base': None}
[0.421s] Level 5:colcon.colcon_core.verb:set package 'demo_pkg' build argument 'cmake_args' from command line to 'None'
[0.421s] Level 5:colcon.colcon_core.verb:set package 'demo_pkg' build argument 'cmake_target' from command line to 'None'
[0.421s] Level 5:colcon.colcon_core.verb:set package 'demo_pkg' build argument 'cmake_target_skip_unavailable' from command line to 'False'
[0.421s] Level 5:colcon.colcon_core.verb:set package 'demo_pkg' build argument 'cmake_clean_cache' from command line to 'False'
[0.421s] Level 5:colcon.colcon_core.verb:set package 'demo_pkg' build argument 'cmake_clean_first' from command line to 'False'
[0.421s] Level 5:colcon.colcon_core.verb:set package 'demo_pkg' build argument 'cmake_force_configure' from command line to 'False'
[0.421s] Level 5:colcon.colcon_core.verb:set package 'demo_pkg' build argument 'ament_cmake_args' from command line to 'None'
[0.421s] Level 5:colcon.colcon_core.verb:set package 'demo_pkg' build argument 'catkin_cmake_args' from command line to 'None'
[0.421s] Level 5:colcon.colcon_core.verb:set package 'demo_pkg' build argument 'catkin_skip_building_tests' from command line to 'False'
[0.421s] DEBUG:colcon.colcon_core.verb:Building package 'demo_pkg' with the following arguments: {'ament_cmake_args': None, 'build_base': '/home/pritam/ros2_WS/build/demo_pkg', 'catkin_cmake_args': None, 'catkin_skip_building_tests': False, 'cmake_args': None, 'cmake_clean_cache': False, 'cmake_clean_first': False, 'cmake_force_configure': False, 'cmake_target': None, 'cmake_target_skip_unavailable': False, 'install_base': '/home/pritam/ros2_WS/install/demo_pkg', 'merge_install': False, 'path': '/home/pritam/ros2_WS/src/demo_pkg', 'symlink_install': False, 'test_result_base': None}
[0.422s] Level 5:colcon.colcon_core.verb:set package 'pub_sub' build argument 'cmake_args' from command line to 'None'
[0.422s] Level 5:colcon.colcon_core.verb:set package 'pub_sub' build argument 'cmake_target' from command line to 'None'
[0.422s] Level 5:colcon.colcon_core.verb:set package 'pub_sub' build argument 'cmake_target_skip_unavailable' from command line to 'False'
[0.422s] Level 5:colcon.colcon_core.verb:set package 'pub_sub' build argument 'cmake_clean_cache' from command line to 'False'
[0.422s] Level 5:colcon.colcon_core.verb:set package 'pub_sub' build argument 'cmake_clean_first' from command line to 'False'
[0.422s] Level 5:colcon.colcon_core.verb:set package 'pub_sub' build argument 'cmake_force_configure' from command line to 'False'
[0.422s] Level 5:colcon.colcon_core.verb:set package 'pub_sub' build argument 'ament_cmake_args' from command line to 'None'
[0.422s] Level 5:colcon.colcon_core.verb:set package 'pub_sub' build argument 'catkin_cmake_args' from command line to 'None'
[0.422s] Level 5:colcon.colcon_core.verb:set package 'pub_sub' build argument 'catkin_skip_building_tests' from command line to 'False'
[0.422s] DEBUG:colcon.colcon_core.verb:Building package 'pub_sub' with the following arguments: {'ament_cmake_args': None, 'build_base': '/home/pritam/ros2_WS/build/pub_sub', 'catkin_cmake_args': None, 'catkin_skip_building_tests': False, 'cmake_args': None, 'cmake_clean_cache': False, 'cmake_clean_first': False, 'cmake_force_configure': False, 'cmake_target': None, 'cmake_target_skip_unavailable': False, 'install_base': '/home/pritam/ros2_WS/install/pub_sub', 'merge_install': False, 'path': '/home/pritam/ros2_WS/src/pub_sub', 'symlink_install': False, 'test_result_base': None}
[0.422s] Level 5:colcon.colcon_core.verb:set package 'talker_listener' build argument 'cmake_args' from command line to 'None'
[0.422s] Level 5:colcon.colcon_core.verb:set package 'talker_listener' build argument 'cmake_target' from command line to 'None'
[0.422s] Level 5:colcon.colcon_core.verb:set package 'talker_listener' build argument 'cmake_target_skip_unavailable' from command line to 'False'
[0.422s] Level 5:colcon.colcon_core.verb:set package 'talker_listener' build argument 'cmake_clean_cache' from command line to 'False'
[0.422s] Level 5:colcon.colcon_core.verb:set package 'talker_listener' build argument 'cmake_clean_first' from command line to 'False'
[0.422s] Level 5:colcon.colcon_core.verb:set package 'talker_listener' build argument 'cmake_force_configure' from command line to 'False'
[0.422s] Level 5:colcon.colcon_core.verb:set package 'talker_listener' build argument 'ament_cmake_args' from command line to 'None'
[0.422s] Level 5:colcon.colcon_core.verb:set package 'talker_listener' build argument 'catkin_cmake_args' from command line to 'None'
[0.422s] Level 5:colcon.colcon_core.verb:set package 'talker_listener' build argument 'catkin_skip_building_tests' from command line to 'False'
[0.422s] DEBUG:colcon.colcon_core.verb:Building package 'talker_listener' with the following arguments: {'ament_cmake_args': None, 'build_base': '/home/pritam/ros2_WS/build/talker_listener', 'catkin_cmake_args': None, 'catkin_skip_building_tests': False, 'cmake_args': None, 'cmake_clean_cache': False, 'cmake_clean_first': False, 'cmake_force_configure': False, 'cmake_target': None, 'cmake_target_skip_unavailable': False, 'install_base': '/home/pritam/ros2_WS/install/talker_listener', 'merge_install': False, 'path': '/home/pritam/ros2_WS/src/talker_listener', 'symlink_install': False, 'test_result_base': None}
[0.422s] Level 5:colcon.colcon_core.verb:set package 'add_integers' build argument 'cmake_args' from command line to 'None'
[0.422s] Level 5:colcon.colcon_core.verb:set package 'add_integers' build argument 'cmake_target' from command line to 'None'
[0.422s] Level 5:colcon.colcon_core.verb:set package 'add_integers' build argument 'cmake_target_skip_unavailable' from command line to 'False'
[0.422s] Level 5:colcon.colcon_core.verb:set package 'add_integers' build argument 'cmake_clean_cache' from command line to 'False'
[0.422s] Level 5:colcon.colcon_core.verb:set package 'add_integers' build argument 'cmake_clean_first' from command line to 'False'
[0.422s] Level 5:colcon.colcon_core.verb:set package 'add_integers' build argument 'cmake_force_configure' from command line to 'False'
[0.422s] Level 5:colcon.colcon_core.verb:set package 'add_integers' build argument 'ament_cmake_args' from command line to 'None'
[0.422s] Level 5:colcon.colcon_core.verb:set package 'add_integers' build argument 'catkin_cmake_args' from command line to 'None'
[0.422s] Level 5:colcon.colcon_core.verb:set package 'add_integers' build argument 'catkin_skip_building_tests' from command line to 'False'
[0.422s] DEBUG:colcon.colcon_core.verb:Building package 'add_integers' with the following arguments: {'ament_cmake_args': None, 'build_base': '/home/pritam/ros2_WS/build/add_integers', 'catkin_cmake_args': None, 'catkin_skip_building_tests': False, 'cmake_args': None, 'cmake_clean_cache': False, 'cmake_clean_first': False, 'cmake_force_configure': False, 'cmake_target': None, 'cmake_target_skip_unavailable': False, 'install_base': '/home/pritam/ros2_WS/install/add_integers', 'merge_install': False, 'path': '/home/pritam/ros2_WS/src/add_integers', 'symlink_install': False, 'test_result_base': None}
[0.423s] INFO:colcon.colcon_core.executor:Executing jobs using 'parallel' executor
[0.424s] DEBUG:colcon.colcon_parallel_executor.executor.parallel:run_until_complete
[0.424s] INFO:colcon.colcon_ros.task.ament_cmake.build:Building ROS package in '/home/pritam/ros2_WS/src/custom_interfaces' with build type 'ament_cmake'
[0.424s] INFO:colcon.colcon_cmake.task.cmake.build:Building CMake package in '/home/pritam/ros2_WS/src/custom_interfaces'
[0.426s] INFO:colcon.colcon_core.plugin_system:Skipping extension 'colcon_core.shell.bat': Not used on non-Windows systems
[0.427s] INFO:colcon.colcon_core.shell:Skip shell extension 'powershell' for command environment: Not usable outside of PowerShell
[0.427s] DEBUG:colcon.colcon_core.shell:Skip shell extension 'dsv' for command environment
[0.430s] INFO:colcon.colcon_ros.task.ament_cmake.build:Building ROS package in '/home/pritam/ros2_WS/src/demo_pkg' with build type 'ament_cmake'
[0.430s] INFO:colcon.colcon_cmake.task.cmake.build:Building CMake package in '/home/pritam/ros2_WS/src/demo_pkg'
[0.430s] INFO:colcon.colcon_core.shell:Skip shell extension 'powershell' for command environment: Not usable outside of PowerShell
[0.431s] DEBUG:colcon.colcon_core.shell:Skip shell extension 'dsv' for command environment
[0.435s] INFO:colcon.colcon_ros.task.ament_python.build:Building ROS package in '/home/pritam/ros2_WS/src/pub_sub' with build type 'ament_python'
[0.435s] Level 1:colcon.colcon_core.shell:create_environment_hook('pub_sub', 'ament_prefix_path')
[0.435s] INFO:colcon.colcon_core.shell:Creating environment hook '/home/pritam/ros2_WS/install/pub_sub/share/pub_sub/hook/ament_prefix_path.ps1'
[0.436s] INFO:colcon.colcon_core.shell:Creating environment descriptor '/home/pritam/ros2_WS/install/pub_sub/share/pub_sub/hook/ament_prefix_path.dsv'
[0.437s] INFO:colcon.colcon_core.shell:Creating environment hook '/home/pritam/ros2_WS/install/pub_sub/share/pub_sub/hook/ament_prefix_path.sh'
[0.438s] INFO:colcon.colcon_core.shell:Skip shell extension 'powershell' for command environment: Not usable outside of PowerShell
[0.438s] DEBUG:colcon.colcon_core.shell:Skip shell extension 'dsv' for command environment
[0.441s] INFO:colcon.colcon_ros.task.ament_cmake.build:Building ROS package in '/home/pritam/ros2_WS/src/talker_listener' with build type 'ament_cmake'
[0.441s] INFO:colcon.colcon_cmake.task.cmake.build:Building CMake package in '/home/pritam/ros2_WS/src/talker_listener'
[0.441s] INFO:colcon.colcon_core.shell:Skip shell extension 'powershell' for command environment: Not usable outside of PowerShell
[0.441s] DEBUG:colcon.colcon_core.shell:Skip shell extension 'dsv' for command environment
[0.459s] DEBUG:colcon.colcon_core.event_handler.log_command:Invoking command in '/home/pritam/ros2_WS/build/custom_interfaces': CMAKE_PREFIX_PATH=${CMAKE_PREFIX_PATH}:/home/pritam/ros2_WS/install/pub_sub:/home/pritam/ros2_WS/install/add_integers:/opt/ros/humble /usr/bin/cmake --build /home/pritam/ros2_WS/build/custom_interfaces -- -j12 -l12
[0.465s] DEBUG:colcon.colcon_core.event_handler.log_command:Invoking command in '/home/pritam/ros2_WS/build/demo_pkg': CMAKE_PREFIX_PATH=${CMAKE_PREFIX_PATH}:/home/pritam/ros2_WS/install/pub_sub:/home/pritam/ros2_WS/install/add_integers:/opt/ros/humble /usr/bin/cmake --build /home/pritam/ros2_WS/build/demo_pkg -- -j12 -l12
[0.699s] INFO:colcon.colcon_core.task.python.build:Building Python package in '/home/pritam/ros2_WS/src/pub_sub'
[0.699s] INFO:colcon.colcon_core.shell:Skip shell extension 'powershell' for command environment: Not usable outside of PowerShell
[0.699s] DEBUG:colcon.colcon_core.shell:Skip shell extension 'dsv' for command environment
[0.707s] DEBUG:colcon.colcon_core.event_handler.log_command:Invoking command in '/home/pritam/ros2_WS/build/talker_listener': CMAKE_PREFIX_PATH=${CMAKE_PREFIX_PATH}:/home/pritam/ros2_WS/install/pub_sub:/home/pritam/ros2_WS/install/add_integers:/opt/ros/humble /usr/bin/cmake --build /home/pritam/ros2_WS/build/talker_listener -- -j12 -l12
[0.712s] DEBUG:colcon.colcon_core.event_handler.log_command:Invoked command in '/home/pritam/ros2_WS/build/demo_pkg' returned '0': CMAKE_PREFIX_PATH=${CMAKE_PREFIX_PATH}:/home/pritam/ros2_WS/install/pub_sub:/home/pritam/ros2_WS/install/add_integers:/opt/ros/humble /usr/bin/cmake --build /home/pritam/ros2_WS/build/demo_pkg -- -j12 -l12
[0.720s] DEBUG:colcon.colcon_core.event_handler.log_command:Invoking command in '/home/pritam/ros2_WS/build/demo_pkg': CMAKE_PREFIX_PATH=${CMAKE_PREFIX_PATH}:/home/pritam/ros2_WS/install/pub_sub:/home/pritam/ros2_WS/install/add_integers:/opt/ros/humble /usr/bin/cmake --install /home/pritam/ros2_WS/build/demo_pkg
[0.731s] Level 1:colcon.colcon_core.environment:create_environment_scripts_only(demo_pkg)
[0.732s] DEBUG:colcon.colcon_core.event_handler.log_command:Invoked command in '/home/pritam/ros2_WS/build/demo_pkg' returned '0': CMAKE_PREFIX_PATH=${CMAKE_PREFIX_PATH}:/home/pritam/ros2_WS/install/pub_sub:/home/pritam/ros2_WS/install/add_integers:/opt/ros/humble /usr/bin/cmake --install /home/pritam/ros2_WS/build/demo_pkg
[0.734s] Level 1:colcon.colcon_core.environment:checking '/home/pritam/ros2_WS/install/demo_pkg' for CMake module files
[0.735s] Level 1:colcon.colcon_core.environment:checking '/home/pritam/ros2_WS/install/demo_pkg' for CMake config files
[0.736s] Level 1:colcon.colcon_core.shell:create_environment_hook('demo_pkg', 'cmake_prefix_path')
[0.736s] INFO:colcon.colcon_core.shell:Creating environment hook '/home/pritam/ros2_WS/install/demo_pkg/share/demo_pkg/hook/cmake_prefix_path.ps1'
[0.738s] INFO:colcon.colcon_core.shell:Creating environment descriptor '/home/pritam/ros2_WS/install/demo_pkg/share/demo_pkg/hook/cmake_prefix_path.dsv'
[0.739s] INFO:colcon.colcon_core.shell:Creating environment hook '/home/pritam/ros2_WS/install/demo_pkg/share/demo_pkg/hook/cmake_prefix_path.sh'
[0.740s] Level 1:colcon.colcon_core.environment:checking '/home/pritam/ros2_WS/install/demo_pkg/lib'
[0.740s] Level 1:colcon.colcon_core.environment:checking '/home/pritam/ros2_WS/install/demo_pkg/bin'
[0.740s] Level 1:colcon.colcon_core.environment:checking '/home/pritam/ros2_WS/install/demo_pkg/lib/pkgconfig/demo_pkg.pc'
[0.740s] Level 1:colcon.colcon_core.environment:checking '/home/pritam/ros2_WS/install/demo_pkg/lib/python3.10/site-packages'
[0.741s] Level 1:colcon.colcon_core.environment:checking '/home/pritam/ros2_WS/install/demo_pkg/bin'
[0.741s] INFO:colcon.colcon_core.shell:Creating package script '/home/pritam/ros2_WS/install/demo_pkg/share/demo_pkg/package.ps1'
[0.743s] INFO:colcon.colcon_core.shell:Creating package descriptor '/home/pritam/ros2_WS/install/demo_pkg/share/demo_pkg/package.dsv'
[0.745s] INFO:colcon.colcon_core.shell:Creating package script '/home/pritam/ros2_WS/install/demo_pkg/share/demo_pkg/package.sh'
[0.746s] INFO:colcon.colcon_core.shell:Creating package script '/home/pritam/ros2_WS/install/demo_pkg/share/demo_pkg/package.bash'
[0.747s] INFO:colcon.colcon_core.shell:Creating package script '/home/pritam/ros2_WS/install/demo_pkg/share/demo_pkg/package.zsh'
[0.747s] Level 1:colcon.colcon_core.environment:create_file_with_runtime_dependencies(/home/pritam/ros2_WS/install/demo_pkg/share/colcon-core/packages/demo_pkg)
[0.748s] Level 1:colcon.colcon_core.environment:create_environment_scripts_only(demo_pkg)
[0.748s] Level 1:colcon.colcon_core.environment:checking '/home/pritam/ros2_WS/install/demo_pkg' for CMake module files
[0.749s] Level 1:colcon.colcon_core.environment:checking '/home/pritam/ros2_WS/install/demo_pkg' for CMake config files
[0.749s] Level 1:colcon.colcon_core.shell:create_environment_hook('demo_pkg', 'cmake_prefix_path')
[0.749s] INFO:colcon.colcon_core.shell:Creating environment hook '/home/pritam/ros2_WS/install/demo_pkg/share/demo_pkg/hook/cmake_prefix_path.ps1'
[0.749s] INFO:colcon.colcon_core.shell:Creating environment descriptor '/home/pritam/ros2_WS/install/demo_pkg/share/demo_pkg/hook/cmake_prefix_path.dsv'
[0.750s] INFO:colcon.colcon_core.shell:Creating environment hook '/home/pritam/ros2_WS/install/demo_pkg/share/demo_pkg/hook/cmake_prefix_path.sh'
[0.750s] Level 1:colcon.colcon_core.environment:checking '/home/pritam/ros2_WS/install/demo_pkg/lib'
[0.751s] Level 1:colcon.colcon_core.environment:checking '/home/pritam/ros2_WS/install/demo_pkg/bin'
[0.751s] Level 1:colcon.colcon_core.environment:checking '/home/pritam/ros2_WS/install/demo_pkg/lib/pkgconfig/demo_pkg.pc'
[0.752s] Level 1:colcon.colcon_core.environment:checking '/home/pritam/ros2_WS/install/demo_pkg/lib/python3.10/site-packages'
[0.752s] Level 1:colcon.colcon_core.environment:checking '/home/pritam/ros2_WS/install/demo_pkg/bin'
[0.753s] INFO:colcon.colcon_core.shell:Creating package script '/home/pritam/ros2_WS/install/demo_pkg/share/demo_pkg/package.ps1'
[0.753s] INFO:colcon.colcon_core.shell:Creating package descriptor '/home/pritam/ros2_WS/install/demo_pkg/share/demo_pkg/package.dsv'
[0.754s] INFO:colcon.colcon_core.shell:Creating package script '/home/pritam/ros2_WS/install/demo_pkg/share/demo_pkg/package.sh'
[0.755s] INFO:colcon.colcon_core.shell:Creating package script '/home/pritam/ros2_WS/install/demo_pkg/share/demo_pkg/package.bash'
[0.755s] INFO:colcon.colcon_core.shell:Creating package script '/home/pritam/ros2_WS/install/demo_pkg/share/demo_pkg/package.zsh'
[0.756s] Level 1:colcon.colcon_core.environment:create_file_with_runtime_dependencies(/home/pritam/ros2_WS/install/demo_pkg/share/colcon-core/packages/demo_pkg)
[0.779s] DEBUG:colcon.colcon_core.event_handler.log_command:Invoked command in '/home/pritam/ros2_WS/build/talker_listener' returned '0': CMAKE_PREFIX_PATH=${CMAKE_PREFIX_PATH}:/home/pritam/ros2_WS/install/pub_sub:/home/pritam/ros2_WS/install/add_integers:/opt/ros/humble /usr/bin/cmake --build /home/pritam/ros2_WS/build/talker_listener -- -j12 -l12
[0.781s] DEBUG:colcon.colcon_core.event_handler.log_command:Invoking command in '/home/pritam/ros2_WS/build/talker_listener': CMAKE_PREFIX_PATH=${CMAKE_PREFIX_PATH}:/home/pritam/ros2_WS/install/pub_sub:/home/pritam/ros2_WS/install/add_integers:/opt/ros/humble /usr/bin/cmake --install /home/pritam/ros2_WS/build/talker_listener
[0.785s] DEBUG:colcon.colcon_core.event_handler.log_command:Invoked command in '/home/pritam/ros2_WS/build/custom_interfaces' returned '0': CMAKE_PREFIX_PATH=${CMAKE_PREFIX_PATH}:/home/pritam/ros2_WS/install/pub_sub:/home/pritam/ros2_WS/install/add_integers:/opt/ros/humble /usr/bin/cmake --build /home/pritam/ros2_WS/build/custom_interfaces -- -j12 -l12
[0.787s] DEBUG:colcon.colcon_core.event_handler.log_command:Invoking command in '/home/pritam/ros2_WS/build/custom_interfaces': CMAKE_PREFIX_PATH=${CMAKE_PREFIX_PATH}:/home/pritam/ros2_WS/install/pub_sub:/home/pritam/ros2_WS/install/add_integers:/opt/ros/humble /usr/bin/cmake --install /home/pritam/ros2_WS/build/custom_interfaces
[0.792s] Level 1:colcon.colcon_core.environment:create_environment_scripts_only(talker_listener)
[0.792s] DEBUG:colcon.colcon_core.event_handler.log_command:Invoked command in '/home/pritam/ros2_WS/build/talker_listener' returned '0': CMAKE_PREFIX_PATH=${CMAKE_PREFIX_PATH}:/home/pritam/ros2_WS/install/pub_sub:/home/pritam/ros2_WS/install/add_integers:/opt/ros/humble /usr/bin/cmake --install /home/pritam/ros2_WS/build/talker_listener
[0.792s] Level 1:colcon.colcon_core.environment:checking '/home/pritam/ros2_WS/install/talker_listener' for CMake module files
[0.793s] Level 1:colcon.colcon_core.environment:checking '/home/pritam/ros2_WS/install/talker_listener' for CMake config files
[0.793s] Level 1:colcon.colcon_core.shell:create_environment_hook('talker_listener', 'cmake_prefix_path')
[0.793s] INFO:colcon.colcon_core.shell:Creating environment hook '/home/pritam/ros2_WS/install/talker_listener/share/talker_listener/hook/cmake_prefix_path.ps1'
[0.797s] INFO:colcon.colcon_core.shell:Creating environment descriptor '/home/pritam/ros2_WS/install/talker_listener/share/talker_listener/hook/cmake_prefix_path.dsv'
[0.806s] INFO:colcon.colcon_core.shell:Creating environment hook '/home/pritam/ros2_WS/install/talker_listener/share/talker_listener/hook/cmake_prefix_path.sh'
[0.807s] Level 1:colcon.colcon_core.environment:checking '/home/pritam/ros2_WS/install/talker_listener/lib'
[0.807s] Level 1:colcon.colcon_core.environment:checking '/home/pritam/ros2_WS/install/talker_listener/bin'
[0.807s] Level 1:colcon.colcon_core.environment:checking '/home/pritam/ros2_WS/install/talker_listener/lib/pkgconfig/talker_listener.pc'
[0.807s] Level 1:colcon.colcon_core.environment:checking '/home/pritam/ros2_WS/install/talker_listener/lib/python3.10/site-packages'
[0.807s] Level 1:colcon.colcon_core.environment:checking '/home/pritam/ros2_WS/install/talker_listener/bin'
[0.808s] INFO:colcon.colcon_core.shell:Creating package script '/home/pritam/ros2_WS/install/talker_listener/share/talker_listener/package.ps1'
[0.808s] INFO:colcon.colcon_core.shell:Creating package descriptor '/home/pritam/ros2_WS/install/talker_listener/share/talker_listener/package.dsv'
[0.808s] INFO:colcon.colcon_core.shell:Creating package script '/home/pritam/ros2_WS/install/talker_listener/share/talker_listener/package.sh'
[0.809s] INFO:colcon.colcon_core.shell:Creating package script '/home/pritam/ros2_WS/install/talker_listener/share/talker_listener/package.bash'
[0.809s] INFO:colcon.colcon_core.shell:Creating package script '/home/pritam/ros2_WS/install/talker_listener/share/talker_listener/package.zsh'
[0.809s] Level 1:colcon.colcon_core.environment:create_file_with_runtime_dependencies(/home/pritam/ros2_WS/install/talker_listener/share/colcon-core/packages/talker_listener)
[0.810s] Level 1:colcon.colcon_core.environment:create_environment_scripts_only(talker_listener)
[0.810s] Level 1:colcon.colcon_core.environment:checking '/home/pritam/ros2_WS/install/talker_listener' for CMake module files
[0.810s] Level 1:colcon.colcon_core.environment:checking '/home/pritam/ros2_WS/install/talker_listener' for CMake config files
[0.811s] Level 1:colcon.colcon_core.shell:create_environment_hook('talker_listener', 'cmake_prefix_path')
[0.811s] INFO:colcon.colcon_core.shell:Creating environment hook '/home/pritam/ros2_WS/install/talker_listener/share/talker_listener/hook/cmake_prefix_path.ps1'
[0.811s] INFO:colcon.colcon_core.shell:Creating environment descriptor '/home/pritam/ros2_WS/install/talker_listener/share/talker_listener/hook/cmake_prefix_path.dsv'
[0.811s] INFO:colcon.colcon_core.shell:Creating environment hook '/home/pritam/ros2_WS/install/talker_listener/share/talker_listener/hook/cmake_prefix_path.sh'
[0.812s] Level 1:colcon.colcon_core.environment:checking '/home/pritam/ros2_WS/install/talker_listener/lib'
[0.812s] Level 1:colcon.colcon_core.environment:checking '/home/pritam/ros2_WS/install/talker_listener/bin'
[0.812s] Level 1:colcon.colcon_core.environment:checking '/home/pritam/ros2_WS/install/talker_listener/lib/pkgconfig/talker_listener.pc'
[0.812s] Level 1:colcon.colcon_core.environment:checking '/home/pritam/ros2_WS/install/talker_listener/lib/python3.10/site-packages'
[0.812s] Level 1:colcon.colcon_core.environment:checking '/home/pritam/ros2_WS/install/talker_listener/bin'
[0.812s] INFO:colcon.colcon_core.shell:Creating package script '/home/pritam/ros2_WS/install/talker_listener/share/talker_listener/package.ps1'
[0.813s] INFO:colcon.colcon_core.shell:Creating package descriptor '/home/pritam/ros2_WS/install/talker_listener/share/talker_listener/package.dsv'
[0.813s] INFO:colcon.colcon_core.shell:Creating package script '/home/pritam/ros2_WS/install/talker_listener/share/talker_listener/package.sh'
[0.814s] INFO:colcon.colcon_core.shell:Creating package script '/home/pritam/ros2_WS/install/talker_listener/share/talker_listener/package.bash'
[0.814s] INFO:colcon.colcon_core.shell:Creating package script '/home/pritam/ros2_WS/install/talker_listener/share/talker_listener/package.zsh'
[0.814s] Level 1:colcon.colcon_core.environment:create_file_with_runtime_dependencies(/home/pritam/ros2_WS/install/talker_listener/share/colcon-core/packages/talker_listener)
[0.843s] Level 1:colcon.colcon_core.environment:create_environment_scripts_only(custom_interfaces)
[0.844s] Level 1:colcon.colcon_core.environment:checking '/home/pritam/ros2_WS/install/custom_interfaces' for CMake module files
[0.844s] DEBUG:colcon.colcon_core.event_handler.log_command:Invoked command in '/home/pritam/ros2_WS/build/custom_interfaces' returned '0': CMAKE_PREFIX_PATH=${CMAKE_PREFIX_PATH}:/home/pritam/ros2_WS/install/pub_sub:/home/pritam/ros2_WS/install/add_integers:/opt/ros/humble /usr/bin/cmake --install /home/pritam/ros2_WS/build/custom_interfaces
[0.845s] Level 1:colcon.colcon_core.environment:checking '/home/pritam/ros2_WS/install/custom_interfaces' for CMake config files
[0.846s] Level 1:colcon.colcon_core.shell:create_environment_hook('custom_interfaces', 'cmake_prefix_path')
[0.846s] INFO:colcon.colcon_core.shell:Creating environment hook '/home/pritam/ros2_WS/install/custom_interfaces/share/custom_interfaces/hook/cmake_prefix_path.ps1'
[0.847s] INFO:colcon.colcon_core.shell:Creating environment descriptor '/home/pritam/ros2_WS/install/custom_interfaces/share/custom_interfaces/hook/cmake_prefix_path.dsv'
[0.847s] INFO:colcon.colcon_core.shell:Creating environment hook '/home/pritam/ros2_WS/install/custom_interfaces/share/custom_interfaces/hook/cmake_prefix_path.sh'
[0.847s] Level 1:colcon.colcon_core.environment:checking '/home/pritam/ros2_WS/install/custom_interfaces/lib'
[0.848s] Level 1:colcon.colcon_core.shell:create_environment_hook('custom_interfaces', 'ld_library_path_lib')
[0.848s] INFO:colcon.colcon_core.shell:Creating environment hook '/home/pritam/ros2_WS/install/custom_interfaces/share/custom_interfaces/hook/ld_library_path_lib.ps1'
[0.848s] INFO:colcon.colcon_core.shell:Creating environment descriptor '/home/pritam/ros2_WS/install/custom_interfaces/share/custom_interfaces/hook/ld_library_path_lib.dsv'
[0.848s] INFO:colcon.colcon_core.shell:Creating environment hook '/home/pritam/ros2_WS/install/custom_interfaces/share/custom_interfaces/hook/ld_library_path_lib.sh'
[0.849s] Level 1:colcon.colcon_core.environment:checking '/home/pritam/ros2_WS/install/custom_interfaces/bin'
[0.849s] Level 1:colcon.colcon_core.environment:checking '/home/pritam/ros2_WS/install/custom_interfaces/lib/pkgconfig/custom_interfaces.pc'
[0.849s] Level 1:colcon.colcon_core.environment:checking '/home/pritam/ros2_WS/install/custom_interfaces/lib/python3.10/site-packages'
[0.849s] Level 1:colcon.colcon_core.environment:checking '/home/pritam/ros2_WS/install/custom_interfaces/bin'
[0.849s] INFO:colcon.colcon_core.shell:Creating package script '/home/pritam/ros2_WS/install/custom_interfaces/share/custom_interfaces/package.ps1'
[0.850s] INFO:colcon.colcon_core.shell:Creating package descriptor '/home/pritam/ros2_WS/install/custom_interfaces/share/custom_interfaces/package.dsv'
[0.850s] INFO:colcon.colcon_core.shell:Creating package script '/home/pritam/ros2_WS/install/custom_interfaces/share/custom_interfaces/package.sh'
[0.851s] INFO:colcon.colcon_core.shell:Creating package script '/home/pritam/ros2_WS/install/custom_interfaces/share/custom_interfaces/package.bash'
[0.851s] INFO:colcon.colcon_core.shell:Creating package script '/home/pritam/ros2_WS/install/custom_interfaces/share/custom_interfaces/package.zsh'
[0.851s] Level 1:colcon.colcon_core.environment:create_file_with_runtime_dependencies(/home/pritam/ros2_WS/install/custom_interfaces/share/colcon-core/packages/custom_interfaces)
[0.852s] Level 1:colcon.colcon_core.environment:create_environment_scripts_only(custom_interfaces)
[0.852s] Level 1:colcon.colcon_core.environment:checking '/home/pritam/ros2_WS/install/custom_interfaces' for CMake module files
[0.853s] Level 1:colcon.colcon_core.environment:checking '/home/pritam/ros2_WS/install/custom_interfaces' for CMake config files
[0.853s] Level 1:colcon.colcon_core.shell:create_environment_hook('custom_interfaces', 'cmake_prefix_path')
[0.853s] INFO:colcon.colcon_core.shell:Creating environment hook '/home/pritam/ros2_WS/install/custom_interfaces/share/custom_interfaces/hook/cmake_prefix_path.ps1'
[0.854s] INFO:colcon.colcon_core.shell:Creating environment descriptor '/home/pritam/ros2_WS/install/custom_interfaces/share/custom_interfaces/hook/cmake_prefix_path.dsv'
[0.854s] INFO:colcon.colcon_core.shell:Creating environment hook '/home/pritam/ros2_WS/install/custom_interfaces/share/custom_interfaces/hook/cmake_prefix_path.sh'
[0.855s] Level 1:colcon.colcon_core.environment:checking '/home/pritam/ros2_WS/install/custom_interfaces/lib'
[0.855s] Level 1:colcon.colcon_core.shell:create_environment_hook('custom_interfaces', 'ld_library_path_lib')
[0.855s] INFO:colcon.colcon_core.shell:Creating environment hook '/home/pritam/ros2_WS/install/custom_interfaces/share/custom_interfaces/hook/ld_library_path_lib.ps1'
[0.855s] INFO:colcon.colcon_core.shell:Creating environment descriptor '/home/pritam/ros2_WS/install/custom_interfaces/share/custom_interfaces/hook/ld_library_path_lib.dsv'
[0.856s] INFO:colcon.colcon_core.shell:Creating environment hook '/home/pritam/ros2_WS/install/custom_interfaces/share/custom_interfaces/hook/ld_library_path_lib.sh'
[0.856s] Level 1:colcon.colcon_core.environment:checking '/home/pritam/ros2_WS/install/custom_interfaces/bin'
[0.856s] Level 1:colcon.colcon_core.environment:checking '/home/pritam/ros2_WS/install/custom_interfaces/lib/pkgconfig/custom_interfaces.pc'
[0.856s] Level 1:colcon.colcon_core.environment:checking '/home/pritam/ros2_WS/install/custom_interfaces/lib/python3.10/site-packages'
[0.856s] Level 1:colcon.colcon_core.environment:checking '/home/pritam/ros2_WS/install/custom_interfaces/bin'
[0.856s] INFO:colcon.colcon_core.shell:Creating package script '/home/pritam/ros2_WS/install/custom_interfaces/share/custom_interfaces/package.ps1'
[0.857s] INFO:colcon.colcon_core.shell:Creating package descriptor '/home/pritam/ros2_WS/install/custom_interfaces/share/custom_interfaces/package.dsv'
[0.857s] INFO:colcon.colcon_core.shell:Creating package script '/home/pritam/ros2_WS/install/custom_interfaces/share/custom_interfaces/package.sh'
[0.858s] INFO:colcon.colcon_core.shell:Creating package script '/home/pritam/ros2_WS/install/custom_interfaces/share/custom_interfaces/package.bash'
[0.858s] INFO:colcon.colcon_core.shell:Creating package script '/home/pritam/ros2_WS/install/custom_interfaces/share/custom_interfaces/package.zsh'
[0.858s] Level 1:colcon.colcon_core.environment:create_file_with_runtime_dependencies(/home/pritam/ros2_WS/install/custom_interfaces/share/colcon-core/packages/custom_interfaces)
[0.859s] INFO:colcon.colcon_ros.task.ament_python.build:Building ROS package in '/home/pritam/ros2_WS/src/add_integers' with build type 'ament_python'
[0.859s] Level 1:colcon.colcon_core.shell:create_environment_hook('add_integers', 'ament_prefix_path')
[0.859s] INFO:colcon.colcon_core.shell:Creating environment hook '/home/pritam/ros2_WS/install/add_integers/share/add_integers/hook/ament_prefix_path.ps1'
[0.860s] INFO:colcon.colcon_core.shell:Creating environment descriptor '/home/pritam/ros2_WS/install/add_integers/share/add_integers/hook/ament_prefix_path.dsv'
[0.861s] INFO:colcon.colcon_core.shell:Creating environment hook '/home/pritam/ros2_WS/install/add_integers/share/add_integers/hook/ament_prefix_path.sh'
[0.861s] INFO:colcon.colcon_core.shell:Skip shell extension 'powershell' for command environment: Not usable outside of PowerShell
[0.861s] DEBUG:colcon.colcon_core.shell:Skip shell extension 'dsv' for command environment
[1.201s] INFO:colcon.colcon_core.task.python.build:Building Python package in '/home/pritam/ros2_WS/src/add_integers'
[1.201s] INFO:colcon.colcon_core.shell:Skip shell extension 'powershell' for command environment: Not usable outside of PowerShell
[1.201s] DEBUG:colcon.colcon_core.shell:Skip shell extension 'dsv' for command environment
[1.209s] DEBUG:colcon.colcon_core.event_handler.log_command:Invoking command in '/home/pritam/ros2_WS/src/pub_sub': PYTHONPATH=/home/pritam/ros2_WS/build/pub_sub/prefix_override:/usr/lib/python3/dist-packages/colcon_core/task/python/colcon_distutils_commands:/home/pritam/ros2_WS/install/pub_sub/lib/python3.10/site-packages:${PYTHONPATH} /usr/bin/python3 -W ignore:setup.py install is deprecated -W ignore:easy_install command is deprecated setup.py egg_info --egg-base ../../build/pub_sub build --build-base /home/pritam/ros2_WS/build/pub_sub/build install --record /home/pritam/ros2_WS/build/pub_sub/install.log --single-version-externally-managed install_data
[1.481s] Level 1:colcon.colcon_core.environment:checking '/home/pritam/ros2_WS/install/pub_sub' for CMake module files
[1.481s] DEBUG:colcon.colcon_core.event_handler.log_command:Invoked command in '/home/pritam/ros2_WS/src/pub_sub' returned '0': PYTHONPATH=/home/pritam/ros2_WS/build/pub_sub/prefix_override:/usr/lib/python3/dist-packages/colcon_core/task/python/colcon_distutils_commands:/home/pritam/ros2_WS/install/pub_sub/lib/python3.10/site-packages:${PYTHONPATH} /usr/bin/python3 -W ignore:setup.py install is deprecated -W ignore:easy_install command is deprecated setup.py egg_info --egg-base ../../build/pub_sub build --build-base /home/pritam/ros2_WS/build/pub_sub/build install --record /home/pritam/ros2_WS/build/pub_sub/install.log --single-version-externally-managed install_data
[1.482s] Level 1:colcon.colcon_core.environment:checking '/home/pritam/ros2_WS/install/pub_sub' for CMake config files
[1.482s] Level 1:colcon.colcon_core.environment:checking '/home/pritam/ros2_WS/install/pub_sub/lib'
[1.482s] Level 1:colcon.colcon_core.environment:checking '/home/pritam/ros2_WS/install/pub_sub/bin'
[1.482s] Level 1:colcon.colcon_core.environment:checking '/home/pritam/ros2_WS/install/pub_sub/lib/pkgconfig/pub_sub.pc'
[1.482s] Level 1:colcon.colcon_core.environment:checking '/home/pritam/ros2_WS/install/pub_sub/lib/python3.10/site-packages'
[1.482s] Level 1:colcon.colcon_core.shell:create_environment_hook('pub_sub', 'pythonpath')
[1.483s] INFO:colcon.colcon_core.shell:Creating environment hook '/home/pritam/ros2_WS/install/pub_sub/share/pub_sub/hook/pythonpath.ps1'
[1.483s] INFO:colcon.colcon_core.shell:Creating environment descriptor '/home/pritam/ros2_WS/install/pub_sub/share/pub_sub/hook/pythonpath.dsv'
[1.483s] INFO:colcon.colcon_core.shell:Creating environment hook '/home/pritam/ros2_WS/install/pub_sub/share/pub_sub/hook/pythonpath.sh'
[1.484s] Level 1:colcon.colcon_core.environment:checking '/home/pritam/ros2_WS/install/pub_sub/bin'
[1.484s] Level 1:colcon.colcon_core.environment:create_environment_scripts_only(pub_sub)
[1.484s] INFO:colcon.colcon_core.shell:Creating package script '/home/pritam/ros2_WS/install/pub_sub/share/pub_sub/package.ps1'
[1.484s] INFO:colcon.colcon_core.shell:Creating package descriptor '/home/pritam/ros2_WS/install/pub_sub/share/pub_sub/package.dsv'
[1.485s] INFO:colcon.colcon_core.shell:Creating package script '/home/pritam/ros2_WS/install/pub_sub/share/pub_sub/package.sh'
[1.485s] INFO:colcon.colcon_core.shell:Creating package script '/home/pritam/ros2_WS/install/pub_sub/share/pub_sub/package.bash'
[1.485s] INFO:colcon.colcon_core.shell:Creating package script '/home/pritam/ros2_WS/install/pub_sub/share/pub_sub/package.zsh'
[1.486s] Level 1:colcon.colcon_core.environment:create_file_with_runtime_dependencies(/home/pritam/ros2_WS/install/pub_sub/share/colcon-core/packages/pub_sub)
[1.627s] DEBUG:colcon.colcon_core.event_handler.log_command:Invoking command in '/home/pritam/ros2_WS/src/add_integers': CMAKE_PREFIX_PATH=/home/pritam/ros2_WS/install/custom_interfaces:/home/pritam/ros2_WS/install/talker_listener:/home/pritam/ros2_WS/install/demo_pkg PYTHONPATH=/home/pritam/ros2_WS/build/add_integers/prefix_override:/usr/lib/python3/dist-packages/colcon_core/task/python/colcon_distutils_commands:/home/pritam/ros2_WS/install/add_integers/lib/python3.10/site-packages:${PYTHONPATH} /usr/bin/python3 -W ignore:setup.py install is deprecated -W ignore:easy_install command is deprecated setup.py egg_info --egg-base ../../build/add_integers build --build-base /home/pritam/ros2_WS/build/add_integers/build install --record /home/pritam/ros2_WS/build/add_integers/install.log --single-version-externally-managed install_data
[1.929s] Level 1:colcon.colcon_core.environment:checking '/home/pritam/ros2_WS/install/add_integers' for CMake module files
[1.930s] DEBUG:colcon.colcon_core.event_handler.log_command:Invoked command in '/home/pritam/ros2_WS/src/add_integers' returned '0': CMAKE_PREFIX_PATH=/home/pritam/ros2_WS/install/custom_interfaces:/home/pritam/ros2_WS/install/talker_listener:/home/pritam/ros2_WS/install/demo_pkg PYTHONPATH=/home/pritam/ros2_WS/build/add_integers/prefix_override:/usr/lib/python3/dist-packages/colcon_core/task/python/colcon_distutils_commands:/home/pritam/ros2_WS/install/add_integers/lib/python3.10/site-packages:${PYTHONPATH} /usr/bin/python3 -W ignore:setup.py install is deprecated -W ignore:easy_install command is deprecated setup.py egg_info --egg-base ../../build/add_integers build --build-base /home/pritam/ros2_WS/build/add_integers/build install --record /home/pritam/ros2_WS/build/add_integers/install.log --single-version-externally-managed install_data
[1.930s] Level 1:colcon.colcon_core.environment:checking '/home/pritam/ros2_WS/install/add_integers' for CMake config files
[1.931s] Level 1:colcon.colcon_core.environment:checking '/home/pritam/ros2_WS/install/add_integers/lib'
[1.931s] Level 1:colcon.colcon_core.environment:checking '/home/pritam/ros2_WS/install/add_integers/bin'
[1.931s] Level 1:colcon.colcon_core.environment:checking '/home/pritam/ros2_WS/install/add_integers/lib/pkgconfig/add_integers.pc'
[1.931s] Level 1:colcon.colcon_core.environment:checking '/home/pritam/ros2_WS/install/add_integers/lib/python3.10/site-packages'
[1.931s] Level 1:colcon.colcon_core.shell:create_environment_hook('add_integers', 'pythonpath')
[1.931s] INFO:colcon.colcon_core.shell:Creating environment hook '/home/pritam/ros2_WS/install/add_integers/share/add_integers/hook/pythonpath.ps1'
[1.932s] INFO:colcon.colcon_core.shell:Creating environment descriptor '/home/pritam/ros2_WS/install/add_integers/share/add_integers/hook/pythonpath.dsv'
[1.932s] INFO:colcon.colcon_core.shell:Creating environment hook '/home/pritam/ros2_WS/install/add_integers/share/add_integers/hook/pythonpath.sh'
[1.932s] Level 1:colcon.colcon_core.environment:checking '/home/pritam/ros2_WS/install/add_integers/bin'
[1.932s] Level 1:colcon.colcon_core.environment:create_environment_scripts_only(add_integers)
[1.933s] INFO:colcon.colcon_core.shell:Creating package script '/home/pritam/ros2_WS/install/add_integers/share/add_integers/package.ps1'
[1.933s] INFO:colcon.colcon_core.shell:Creating package descriptor '/home/pritam/ros2_WS/install/add_integers/share/add_integers/package.dsv'
[1.933s] INFO:colcon.colcon_core.shell:Creating package script '/home/pritam/ros2_WS/install/add_integers/share/add_integers/package.sh'
[1.934s] INFO:colcon.colcon_core.shell:Creating package script '/home/pritam/ros2_WS/install/add_integers/share/add_integers/package.bash'
[1.934s] INFO:colcon.colcon_core.shell:Creating package script '/home/pritam/ros2_WS/install/add_integers/share/add_integers/package.zsh'
[1.934s] Level 1:colcon.colcon_core.environment:create_file_with_runtime_dependencies(/home/pritam/ros2_WS/install/add_integers/share/colcon-core/packages/add_integers)
[1.935s] DEBUG:colcon.colcon_parallel_executor.executor.parallel:closing loop
[1.935s] DEBUG:colcon.colcon_parallel_executor.executor.parallel:loop closed
[1.935s] DEBUG:colcon.colcon_parallel_executor.executor.parallel:run_until_complete finished with '0'
[1.935s] DEBUG:colcon.colcon_core.event_reactor:joining thread
[1.983s] INFO:colcon.colcon_core.plugin_system:Skipping extension 'colcon_notification.desktop_notification.notify_send': Could not find 'notify-send'
[1.984s] INFO:colcon.colcon_core.plugin_system:Skipping extension 'colcon_notification.desktop_notification.terminal_notifier': Not used on non-Darwin systems
[1.984s] INFO:colcon.colcon_core.plugin_system:Skipping extension 'colcon_notification.desktop_notification.win32': Not used on non-Windows systems
[1.984s] INFO:colcon.colcon_notification.desktop_notification:Sending desktop notification using 'notify2'
[1.984s] DEBUG:colcon.colcon_notification.desktop_notification.notify2:Failed to initialize notify2: org.freedesktop.DBus.Error.FileNotFound: Failed to connect to socket /run/user/1000/bus: No such file or directory
[1.984s] DEBUG:colcon.colcon_core.event_reactor:joined thread
[1.984s] INFO:colcon.colcon_core.shell:Creating prefix script '/home/pritam/ros2_WS/install/local_setup.ps1'
[1.985s] INFO:colcon.colcon_core.shell:Creating prefix util module '/home/pritam/ros2_WS/install/_local_setup_util_ps1.py'
[1.987s] INFO:colcon.colcon_core.shell:Creating prefix chain script '/home/pritam/ros2_WS/install/setup.ps1'
[1.988s] INFO:colcon.colcon_core.shell:Creating prefix script '/home/pritam/ros2_WS/install/local_setup.sh'
[1.989s] INFO:colcon.colcon_core.shell:Creating prefix util module '/home/pritam/ros2_WS/install/_local_setup_util_sh.py'
[1.989s] INFO:colcon.colcon_core.shell:Creating prefix chain script '/home/pritam/ros2_WS/install/setup.sh'
[1.990s] INFO:colcon.colcon_core.shell:Creating prefix script '/home/pritam/ros2_WS/install/local_setup.bash'
[1.990s] INFO:colcon.colcon_core.shell:Creating prefix chain script '/home/pritam/ros2_WS/install/setup.bash'
[1.991s] INFO:colcon.colcon_core.shell:Creating prefix script '/home/pritam/ros2_WS/install/local_setup.zsh'
[1.991s] INFO:colcon.colcon_core.shell:Creating prefix chain script '/home/pritam/ros2_WS/install/setup.zsh'
