[0.043s] Invoking command in '/home/pritam/ros2_WS/build/custom_interfaces': CMAKE_PREFIX_PATH=/opt/ros/humble /usr/bin/cmake --build /home/pritam/ros2_WS/build/custom_interfaces -- -j12 -l12
[0.324s] [35m[1mConsolidate compiler generated dependencies of target custom_interfaces__rosidl_generator_c[0m
[0.324s] [  3%] Built target custom_interfaces__cpp
[0.324s] [ 12%] Built target custom_interfaces__rosidl_generator_c
[0.324s] [35m[1mConsolidate compiler generated dependencies of target custom_interfaces__rosidl_typesupport_fastrtps_cpp[0m
[0.324s] [35m[1mConsolidate compiler generated dependencies of target custom_interfaces__rosidl_typesupport_fastrtps_c[0m
[0.324s] [35m[1mConsolidate compiler generated dependencies of target custom_interfaces__rosidl_typesupport_cpp[0m
[0.324s] [ 12%] Built target ament_cmake_python_copy_custom_interfaces
[0.324s] [35m[1mConsolidate compiler generated dependencies of target custom_interfaces__rosidl_typesupport_introspection_c[0m
[0.325s] [35m[1mConsolidate compiler generated dependencies of target custom_interfaces__rosidl_typesupport_introspection_cpp[0m
[0.325s] [35m[1mConsolidate compiler generated dependencies of target custom_interfaces__rosidl_typesupport_c[0m
[0.325s] [ 22%] Built target custom_interfaces__rosidl_typesupport_introspection_cpp
[0.325s] [ 41%] Built target custom_interfaces__rosidl_typesupport_cpp
[0.325s] [ 41%] Built target custom_interfaces__rosidl_typesupport_fastrtps_c
[0.325s] [ 51%] Built target custom_interfaces__rosidl_typesupport_introspection_c
[0.326s] [ 67%] Built target custom_interfaces__rosidl_typesupport_c
[0.326s] [ 70%] Built target custom_interfaces__rosidl_typesupport_fastrtps_cpp
[0.326s] [ 70%] Built target custom_interfaces
[0.326s] [ 74%] Built target custom_interfaces__py
[0.326s] [35m[1mConsolidate compiler generated dependencies of target custom_interfaces__rosidl_generator_py[0m
[0.326s] [ 80%] Built target custom_interfaces__rosidl_generator_py
[0.326s] [35m[1mConsolidate compiler generated dependencies of target custom_interfaces__rosidl_typesupport_c__pyext[0m
[0.327s] [35m[1mConsolidate compiler generated dependencies of target custom_interfaces__rosidl_typesupport_fastrtps_c__pyext[0m
[0.327s] [35m[1mConsolidate compiler generated dependencies of target custom_interfaces__rosidl_typesupport_introspection_c__pyext[0m
[0.327s] [ 87%] Built target custom_interfaces__rosidl_typesupport_fastrtps_c__pyext
[0.327s] [ 93%] Built target custom_interfaces__rosidl_typesupport_c__pyext
[0.327s] [100%] Built target custom_interfaces__rosidl_typesupport_introspection_c__pyext
[0.373s] running egg_info
[0.374s] writing custom_interfaces.egg-info/PKG-INFO
[0.375s] writing dependency_links to custom_interfaces.egg-info/dependency_links.txt
[0.376s] writing top-level names to custom_interfaces.egg-info/top_level.txt
[0.379s] reading manifest file 'custom_interfaces.egg-info/SOURCES.txt'
[0.379s] writing manifest file 'custom_interfaces.egg-info/SOURCES.txt'
[0.412s] [100%] Built target ament_cmake_python_build_custom_interfaces_egg
[0.425s] Invoked command in '/home/pritam/ros2_WS/build/custom_interfaces' returned '0': CMAKE_PREFIX_PATH=/opt/ros/humble /usr/bin/cmake --build /home/pritam/ros2_WS/build/custom_interfaces -- -j12 -l12
[0.432s] Invoking command in '/home/pritam/ros2_WS/build/custom_interfaces': CMAKE_PREFIX_PATH=/opt/ros/humble /usr/bin/cmake --install /home/pritam/ros2_WS/build/custom_interfaces
[0.441s] -- Install configuration: ""
[0.441s] -- Up-to-date: /home/pritam/ros2_WS/install/custom_interfaces/share/ament_index/resource_index/rosidl_interfaces/custom_interfaces
[0.441s] -- Up-to-date: /home/pritam/ros2_WS/install/custom_interfaces/include/custom_interfaces/custom_interfaces
[0.442s] -- Up-to-date: /home/pritam/ros2_WS/install/custom_interfaces/include/custom_interfaces/custom_interfaces/msg
[0.444s] -- Up-to-date: /home/pritam/ros2_WS/install/custom_interfaces/include/custom_interfaces/custom_interfaces/msg/rosidl_generator_c__visibility_control.h
[0.444s] -- Up-to-date: /home/pritam/ros2_WS/install/custom_interfaces/include/custom_interfaces/custom_interfaces/srv
[0.444s] -- Up-to-date: /home/pritam/ros2_WS/install/custom_interfaces/include/custom_interfaces/custom_interfaces/srv/detail
[0.445s] -- Up-to-date: /home/pritam/ros2_WS/install/custom_interfaces/include/custom_interfaces/custom_interfaces/srv/detail/add_two_ints__functions.h
[0.446s] -- Up-to-date: /home/pritam/ros2_WS/install/custom_interfaces/include/custom_interfaces/custom_interfaces/srv/detail/add_two_ints__struct.h
[0.446s] -- Up-to-date: /home/pritam/ros2_WS/install/custom_interfaces/include/custom_interfaces/custom_interfaces/srv/detail/add_two_ints__type_support.h
[0.446s] -- Up-to-date: /home/pritam/ros2_WS/install/custom_interfaces/include/custom_interfaces/custom_interfaces/srv/detail/add_two_ints__functions.c
[0.446s] -- Up-to-date: /home/pritam/ros2_WS/install/custom_interfaces/include/custom_interfaces/custom_interfaces/srv/add_two_ints.h
[0.447s] -- Up-to-date: /home/pritam/ros2_WS/install/custom_interfaces/share/custom_interfaces/environment/library_path.sh
[0.447s] -- Up-to-date: /home/pritam/ros2_WS/install/custom_interfaces/share/custom_interfaces/environment/library_path.dsv
[0.447s] -- Up-to-date: /home/pritam/ros2_WS/install/custom_interfaces/lib/libcustom_interfaces__rosidl_generator_c.so
[0.447s] -- Up-to-date: /home/pritam/ros2_WS/install/custom_interfaces/include/custom_interfaces/custom_interfaces
[0.447s] -- Up-to-date: /home/pritam/ros2_WS/install/custom_interfaces/include/custom_interfaces/custom_interfaces/msg
[0.447s] -- Up-to-date: /home/pritam/ros2_WS/install/custom_interfaces/include/custom_interfaces/custom_interfaces/msg/rosidl_typesupport_fastrtps_c__visibility_control.h
[0.447s] -- Up-to-date: /home/pritam/ros2_WS/install/custom_interfaces/include/custom_interfaces/custom_interfaces/srv
[0.448s] -- Up-to-date: /home/pritam/ros2_WS/install/custom_interfaces/include/custom_interfaces/custom_interfaces/srv/detail
[0.448s] -- Up-to-date: /home/pritam/ros2_WS/install/custom_interfaces/include/custom_interfaces/custom_interfaces/srv/detail/add_two_ints__rosidl_typesupport_fastrtps_c.h
[0.448s] -- Up-to-date: /home/pritam/ros2_WS/install/custom_interfaces/lib/libcustom_interfaces__rosidl_typesupport_fastrtps_c.so
[0.449s] -- Up-to-date: /home/pritam/ros2_WS/install/custom_interfaces/include/custom_interfaces/custom_interfaces
[0.449s] -- Up-to-date: /home/pritam/ros2_WS/install/custom_interfaces/include/custom_interfaces/custom_interfaces/msg
[0.449s] -- Up-to-date: /home/pritam/ros2_WS/install/custom_interfaces/include/custom_interfaces/custom_interfaces/msg/rosidl_typesupport_introspection_c__visibility_control.h
[0.449s] -- Up-to-date: /home/pritam/ros2_WS/install/custom_interfaces/include/custom_interfaces/custom_interfaces/srv
[0.450s] -- Up-to-date: /home/pritam/ros2_WS/install/custom_interfaces/include/custom_interfaces/custom_interfaces/srv/detail
[0.450s] -- Up-to-date: /home/pritam/ros2_WS/install/custom_interfaces/include/custom_interfaces/custom_interfaces/srv/detail/add_two_ints__rosidl_typesupport_introspection_c.h
[0.450s] -- Up-to-date: /home/pritam/ros2_WS/install/custom_interfaces/include/custom_interfaces/custom_interfaces/srv/detail/add_two_ints__type_support.c
[0.451s] -- Up-to-date: /home/pritam/ros2_WS/install/custom_interfaces/lib/libcustom_interfaces__rosidl_typesupport_introspection_c.so
[0.451s] -- Up-to-date: /home/pritam/ros2_WS/install/custom_interfaces/lib/libcustom_interfaces__rosidl_typesupport_c.so
[0.451s] -- Up-to-date: /home/pritam/ros2_WS/install/custom_interfaces/include/custom_interfaces/custom_interfaces
[0.452s] -- Up-to-date: /home/pritam/ros2_WS/install/custom_interfaces/include/custom_interfaces/custom_interfaces/msg
[0.453s] -- Up-to-date: /home/pritam/ros2_WS/install/custom_interfaces/include/custom_interfaces/custom_interfaces/msg/rosidl_generator_cpp__visibility_control.hpp
[0.453s] -- Up-to-date: /home/pritam/ros2_WS/install/custom_interfaces/include/custom_interfaces/custom_interfaces/srv
[0.453s] -- Up-to-date: /home/pritam/ros2_WS/install/custom_interfaces/include/custom_interfaces/custom_interfaces/srv/add_two_ints.hpp
[0.454s] -- Up-to-date: /home/pritam/ros2_WS/install/custom_interfaces/include/custom_interfaces/custom_interfaces/srv/detail
[0.454s] -- Up-to-date: /home/pritam/ros2_WS/install/custom_interfaces/include/custom_interfaces/custom_interfaces/srv/detail/add_two_ints__traits.hpp
[0.454s] -- Up-to-date: /home/pritam/ros2_WS/install/custom_interfaces/include/custom_interfaces/custom_interfaces/srv/detail/add_two_ints__struct.hpp
[0.455s] -- Up-to-date: /home/pritam/ros2_WS/install/custom_interfaces/include/custom_interfaces/custom_interfaces/srv/detail/add_two_ints__builder.hpp
[0.455s] -- Up-to-date: /home/pritam/ros2_WS/install/custom_interfaces/include/custom_interfaces/custom_interfaces/srv/detail/add_two_ints__type_support.hpp
[0.455s] -- Up-to-date: /home/pritam/ros2_WS/install/custom_interfaces/include/custom_interfaces/custom_interfaces
[0.455s] -- Up-to-date: /home/pritam/ros2_WS/install/custom_interfaces/include/custom_interfaces/custom_interfaces/msg
[0.455s] -- Up-to-date: /home/pritam/ros2_WS/install/custom_interfaces/include/custom_interfaces/custom_interfaces/msg/rosidl_typesupport_fastrtps_cpp__visibility_control.h
[0.455s] -- Up-to-date: /home/pritam/ros2_WS/install/custom_interfaces/include/custom_interfaces/custom_interfaces/srv
[0.455s] -- Up-to-date: /home/pritam/ros2_WS/install/custom_interfaces/include/custom_interfaces/custom_interfaces/srv/detail
[0.455s] -- Up-to-date: /home/pritam/ros2_WS/install/custom_interfaces/include/custom_interfaces/custom_interfaces/srv/detail/add_two_ints__rosidl_typesupport_fastrtps_cpp.hpp
[0.456s] -- Up-to-date: /home/pritam/ros2_WS/install/custom_interfaces/include/custom_interfaces/custom_interfaces/srv/detail/dds_fastrtps
[0.456s] -- Up-to-date: /home/pritam/ros2_WS/install/custom_interfaces/lib/libcustom_interfaces__rosidl_typesupport_fastrtps_cpp.so
[0.457s] -- Up-to-date: /home/pritam/ros2_WS/install/custom_interfaces/include/custom_interfaces/custom_interfaces
[0.457s] -- Up-to-date: /home/pritam/ros2_WS/install/custom_interfaces/include/custom_interfaces/custom_interfaces/srv
[0.457s] -- Up-to-date: /home/pritam/ros2_WS/install/custom_interfaces/include/custom_interfaces/custom_interfaces/srv/detail
[0.457s] -- Up-to-date: /home/pritam/ros2_WS/install/custom_interfaces/include/custom_interfaces/custom_interfaces/srv/detail/add_two_ints__type_support.cpp
[0.458s] -- Up-to-date: /home/pritam/ros2_WS/install/custom_interfaces/include/custom_interfaces/custom_interfaces/srv/detail/add_two_ints__rosidl_typesupport_introspection_cpp.hpp
[0.458s] -- Up-to-date: /home/pritam/ros2_WS/install/custom_interfaces/lib/libcustom_interfaces__rosidl_typesupport_introspection_cpp.so
[0.458s] -- Up-to-date: /home/pritam/ros2_WS/install/custom_interfaces/lib/libcustom_interfaces__rosidl_typesupport_cpp.so
[0.458s] -- Up-to-date: /home/pritam/ros2_WS/install/custom_interfaces/share/custom_interfaces/environment/pythonpath.sh
[0.458s] -- Up-to-date: /home/pritam/ros2_WS/install/custom_interfaces/share/custom_interfaces/environment/pythonpath.dsv
[0.458s] -- Up-to-date: /home/pritam/ros2_WS/install/custom_interfaces/local/lib/python3.10/dist-packages/custom_interfaces-0.0.0-py3.10.egg-info
[0.458s] -- Installing: /home/pritam/ros2_WS/install/custom_interfaces/local/lib/python3.10/dist-packages/custom_interfaces-0.0.0-py3.10.egg-info/top_level.txt
[0.458s] -- Installing: /home/pritam/ros2_WS/install/custom_interfaces/local/lib/python3.10/dist-packages/custom_interfaces-0.0.0-py3.10.egg-info/PKG-INFO
[0.459s] -- Installing: /home/pritam/ros2_WS/install/custom_interfaces/local/lib/python3.10/dist-packages/custom_interfaces-0.0.0-py3.10.egg-info/dependency_links.txt
[0.459s] -- Installing: /home/pritam/ros2_WS/install/custom_interfaces/local/lib/python3.10/dist-packages/custom_interfaces-0.0.0-py3.10.egg-info/SOURCES.txt
[0.459s] -- Up-to-date: /home/pritam/ros2_WS/install/custom_interfaces/local/lib/python3.10/dist-packages/custom_interfaces
[0.459s] -- Up-to-date: /home/pritam/ros2_WS/install/custom_interfaces/local/lib/python3.10/dist-packages/custom_interfaces/__init__.py
[0.459s] -- Up-to-date: /home/pritam/ros2_WS/install/custom_interfaces/local/lib/python3.10/dist-packages/custom_interfaces/custom_interfaces_s__rosidl_typesupport_fastrtps_c.cpython-310-x86_64-linux-gnu.so
[0.460s] -- Up-to-date: /home/pritam/ros2_WS/install/custom_interfaces/local/lib/python3.10/dist-packages/custom_interfaces/_custom_interfaces_s.ep.rosidl_typesupport_c.c
[0.460s] -- Up-to-date: /home/pritam/ros2_WS/install/custom_interfaces/local/lib/python3.10/dist-packages/custom_interfaces/_custom_interfaces_s.ep.rosidl_typesupport_introspection_c.c
[0.460s] -- Up-to-date: /home/pritam/ros2_WS/install/custom_interfaces/local/lib/python3.10/dist-packages/custom_interfaces/srv
[0.460s] -- Up-to-date: /home/pritam/ros2_WS/install/custom_interfaces/local/lib/python3.10/dist-packages/custom_interfaces/srv/__init__.py
[0.460s] -- Up-to-date: /home/pritam/ros2_WS/install/custom_interfaces/local/lib/python3.10/dist-packages/custom_interfaces/srv/_add_two_ints.py
[0.460s] -- Up-to-date: /home/pritam/ros2_WS/install/custom_interfaces/local/lib/python3.10/dist-packages/custom_interfaces/srv/_add_two_ints_s.c
[0.461s] -- Up-to-date: /home/pritam/ros2_WS/install/custom_interfaces/local/lib/python3.10/dist-packages/custom_interfaces/_custom_interfaces_s.ep.rosidl_typesupport_fastrtps_c.c
[0.461s] -- Up-to-date: /home/pritam/ros2_WS/install/custom_interfaces/local/lib/python3.10/dist-packages/custom_interfaces/custom_interfaces_s__rosidl_typesupport_introspection_c.cpython-310-x86_64-linux-gnu.so
[0.461s] -- Up-to-date: /home/pritam/ros2_WS/install/custom_interfaces/local/lib/python3.10/dist-packages/custom_interfaces/custom_interfaces_s__rosidl_typesupport_c.cpython-310-x86_64-linux-gnu.so
[0.461s] -- Up-to-date: /home/pritam/ros2_WS/install/custom_interfaces/local/lib/python3.10/dist-packages/custom_interfaces/libcustom_interfaces__rosidl_generator_py.so
[0.493s] Listing '/home/pritam/ros2_WS/install/custom_interfaces/local/lib/python3.10/dist-packages/custom_interfaces'...
[0.493s] Listing '/home/pritam/ros2_WS/install/custom_interfaces/local/lib/python3.10/dist-packages/custom_interfaces/srv'...
[0.498s] -- Up-to-date: /home/pritam/ros2_WS/install/custom_interfaces/local/lib/python3.10/dist-packages/custom_interfaces/custom_interfaces_s__rosidl_typesupport_fastrtps_c.cpython-310-x86_64-linux-gnu.so
[0.499s] -- Up-to-date: /home/pritam/ros2_WS/install/custom_interfaces/local/lib/python3.10/dist-packages/custom_interfaces/custom_interfaces_s__rosidl_typesupport_introspection_c.cpython-310-x86_64-linux-gnu.so
[0.499s] -- Up-to-date: /home/pritam/ros2_WS/install/custom_interfaces/local/lib/python3.10/dist-packages/custom_interfaces/custom_interfaces_s__rosidl_typesupport_c.cpython-310-x86_64-linux-gnu.so
[0.500s] -- Up-to-date: /home/pritam/ros2_WS/install/custom_interfaces/lib/libcustom_interfaces__rosidl_generator_py.so
[0.500s] -- Up-to-date: /home/pritam/ros2_WS/install/custom_interfaces/share/custom_interfaces/srv/AddTwoInts.idl
[0.500s] -- Up-to-date: /home/pritam/ros2_WS/install/custom_interfaces/share/custom_interfaces/srv/AddTwoInts.srv
[0.501s] -- Up-to-date: /home/pritam/ros2_WS/install/custom_interfaces/share/custom_interfaces/srv/AddTwoInts_Request.msg
[0.501s] -- Up-to-date: /home/pritam/ros2_WS/install/custom_interfaces/share/custom_interfaces/srv/AddTwoInts_Response.msg
[0.501s] -- Up-to-date: /home/pritam/ros2_WS/install/custom_interfaces/share/ament_index/resource_index/package_run_dependencies/custom_interfaces
[0.501s] -- Up-to-date: /home/pritam/ros2_WS/install/custom_interfaces/share/ament_index/resource_index/parent_prefix_path/custom_interfaces
[0.501s] -- Up-to-date: /home/pritam/ros2_WS/install/custom_interfaces/share/custom_interfaces/environment/ament_prefix_path.sh
[0.501s] -- Up-to-date: /home/pritam/ros2_WS/install/custom_interfaces/share/custom_interfaces/environment/ament_prefix_path.dsv
[0.501s] -- Up-to-date: /home/pritam/ros2_WS/install/custom_interfaces/share/custom_interfaces/environment/path.sh
[0.501s] -- Up-to-date: /home/pritam/ros2_WS/install/custom_interfaces/share/custom_interfaces/environment/path.dsv
[0.501s] -- Up-to-date: /home/pritam/ros2_WS/install/custom_interfaces/share/custom_interfaces/local_setup.bash
[0.501s] -- Up-to-date: /home/pritam/ros2_WS/install/custom_interfaces/share/custom_interfaces/local_setup.sh
[0.502s] -- Up-to-date: /home/pritam/ros2_WS/install/custom_interfaces/share/custom_interfaces/local_setup.zsh
[0.502s] -- Up-to-date: /home/pritam/ros2_WS/install/custom_interfaces/share/custom_interfaces/local_setup.dsv
[0.502s] -- Installing: /home/pritam/ros2_WS/install/custom_interfaces/share/custom_interfaces/package.dsv
[0.502s] -- Up-to-date: /home/pritam/ros2_WS/install/custom_interfaces/share/ament_index/resource_index/packages/custom_interfaces
[0.502s] -- Up-to-date: /home/pritam/ros2_WS/install/custom_interfaces/share/custom_interfaces/cmake/export_custom_interfaces__rosidl_generator_cExport.cmake
[0.502s] -- Up-to-date: /home/pritam/ros2_WS/install/custom_interfaces/share/custom_interfaces/cmake/export_custom_interfaces__rosidl_generator_cExport-noconfig.cmake
[0.502s] -- Up-to-date: /home/pritam/ros2_WS/install/custom_interfaces/share/custom_interfaces/cmake/export_custom_interfaces__rosidl_typesupport_fastrtps_cExport.cmake
[0.503s] -- Up-to-date: /home/pritam/ros2_WS/install/custom_interfaces/share/custom_interfaces/cmake/export_custom_interfaces__rosidl_typesupport_fastrtps_cExport-noconfig.cmake
[0.503s] -- Up-to-date: /home/pritam/ros2_WS/install/custom_interfaces/share/custom_interfaces/cmake/custom_interfaces__rosidl_typesupport_introspection_cExport.cmake
[0.503s] -- Up-to-date: /home/pritam/ros2_WS/install/custom_interfaces/share/custom_interfaces/cmake/custom_interfaces__rosidl_typesupport_introspection_cExport-noconfig.cmake
[0.503s] -- Up-to-date: /home/pritam/ros2_WS/install/custom_interfaces/share/custom_interfaces/cmake/custom_interfaces__rosidl_typesupport_cExport.cmake
[0.503s] -- Up-to-date: /home/pritam/ros2_WS/install/custom_interfaces/share/custom_interfaces/cmake/custom_interfaces__rosidl_typesupport_cExport-noconfig.cmake
[0.504s] -- Up-to-date: /home/pritam/ros2_WS/install/custom_interfaces/share/custom_interfaces/cmake/export_custom_interfaces__rosidl_generator_cppExport.cmake
[0.505s] -- Up-to-date: /home/pritam/ros2_WS/install/custom_interfaces/share/custom_interfaces/cmake/export_custom_interfaces__rosidl_typesupport_fastrtps_cppExport.cmake
[0.505s] -- Up-to-date: /home/pritam/ros2_WS/install/custom_interfaces/share/custom_interfaces/cmake/export_custom_interfaces__rosidl_typesupport_fastrtps_cppExport-noconfig.cmake
[0.505s] -- Up-to-date: /home/pritam/ros2_WS/install/custom_interfaces/share/custom_interfaces/cmake/custom_interfaces__rosidl_typesupport_introspection_cppExport.cmake
[0.505s] -- Up-to-date: /home/pritam/ros2_WS/install/custom_interfaces/share/custom_interfaces/cmake/custom_interfaces__rosidl_typesupport_introspection_cppExport-noconfig.cmake
[0.506s] -- Up-to-date: /home/pritam/ros2_WS/install/custom_interfaces/share/custom_interfaces/cmake/custom_interfaces__rosidl_typesupport_cppExport.cmake
[0.506s] -- Up-to-date: /home/pritam/ros2_WS/install/custom_interfaces/share/custom_interfaces/cmake/custom_interfaces__rosidl_typesupport_cppExport-noconfig.cmake
[0.506s] -- Up-to-date: /home/pritam/ros2_WS/install/custom_interfaces/share/custom_interfaces/cmake/export_custom_interfaces__rosidl_generator_pyExport.cmake
[0.507s] -- Up-to-date: /home/pritam/ros2_WS/install/custom_interfaces/share/custom_interfaces/cmake/export_custom_interfaces__rosidl_generator_pyExport-noconfig.cmake
[0.507s] -- Up-to-date: /home/pritam/ros2_WS/install/custom_interfaces/share/custom_interfaces/cmake/rosidl_cmake-extras.cmake
[0.507s] -- Up-to-date: /home/pritam/ros2_WS/install/custom_interfaces/share/custom_interfaces/cmake/ament_cmake_export_include_directories-extras.cmake
[0.507s] -- Up-to-date: /home/pritam/ros2_WS/install/custom_interfaces/share/custom_interfaces/cmake/ament_cmake_export_libraries-extras.cmake
[0.507s] -- Up-to-date: /home/pritam/ros2_WS/install/custom_interfaces/share/custom_interfaces/cmake/ament_cmake_export_targets-extras.cmake
[0.507s] -- Up-to-date: /home/pritam/ros2_WS/install/custom_interfaces/share/custom_interfaces/cmake/rosidl_cmake_export_typesupport_targets-extras.cmake
[0.507s] -- Up-to-date: /home/pritam/ros2_WS/install/custom_interfaces/share/custom_interfaces/cmake/ament_cmake_export_dependencies-extras.cmake
[0.507s] -- Up-to-date: /home/pritam/ros2_WS/install/custom_interfaces/share/custom_interfaces/cmake/rosidl_cmake_export_typesupport_libraries-extras.cmake
[0.507s] -- Up-to-date: /home/pritam/ros2_WS/install/custom_interfaces/share/custom_interfaces/cmake/custom_interfacesConfig.cmake
[0.507s] -- Up-to-date: /home/pritam/ros2_WS/install/custom_interfaces/share/custom_interfaces/cmake/custom_interfacesConfig-version.cmake
[0.507s] -- Up-to-date: /home/pritam/ros2_WS/install/custom_interfaces/share/custom_interfaces/package.xml
[0.510s] Invoked command in '/home/pritam/ros2_WS/build/custom_interfaces' returned '0': CMAKE_PREFIX_PATH=/opt/ros/humble /usr/bin/cmake --install /home/pritam/ros2_WS/build/custom_interfaces
