[0.045s] Invoking command in '/home/pritam/ros2_WS/build/custom_interfaces': CMAKE_PREFIX_PATH=${CMAKE_PREFIX_PATH}:/home/pritam/ros2_WS/install/pub_sub:/home/pritam/ros2_WS/install/add_integers:/opt/ros/humble /usr/bin/cmake --build /home/pritam/ros2_WS/build/custom_interfaces -- -j12 -l12
[0.365s] [  3%] Built target custom_interfaces__cpp
[0.365s] [ 12%] Built target custom_interfaces__rosidl_generator_c
[0.365s] [ 12%] Built target ament_cmake_python_copy_custom_interfaces
[0.365s] [ 22%] Built target custom_interfaces__rosidl_typesupport_fastrtps_cpp
[0.365s] [ 32%] Built target custom_interfaces__rosidl_typesupport_cpp
[0.365s] [ 41%] Built target custom_interfaces__rosidl_typesupport_introspection_cpp
[0.366s] [ 61%] Built target custom_interfaces__rosidl_typesupport_c
[0.366s] [ 61%] Built target custom_interfaces__rosidl_typesupport_fastrtps_c
[0.366s] [ 70%] Built target custom_interfaces__rosidl_typesupport_introspection_c
[0.367s] [ 70%] Built target custom_interfaces
[0.367s] [ 74%] Built target custom_interfaces__py
[0.367s] [ 80%] Built target custom_interfaces__rosidl_generator_py
[0.367s] [ 87%] Built target custom_interfaces__rosidl_typesupport_introspection_c__pyext
[0.367s] [ 93%] Built target custom_interfaces__rosidl_typesupport_fastrtps_c__pyext
[0.368s] [100%] Built target custom_interfaces__rosidl_typesupport_c__pyext
[0.399s] running egg_info
[0.402s] writing custom_interfaces.egg-info/PKG-INFO
[0.403s] writing dependency_links to custom_interfaces.egg-info/dependency_links.txt
[0.404s] writing top-level names to custom_interfaces.egg-info/top_level.txt
[0.404s] reading manifest file 'custom_interfaces.egg-info/SOURCES.txt'
[0.405s] writing manifest file 'custom_interfaces.egg-info/SOURCES.txt'
[0.442s] [100%] Built target ament_cmake_python_build_custom_interfaces_egg
[0.455s] Invoked command in '/home/pritam/ros2_WS/build/custom_interfaces' returned '0': CMAKE_PREFIX_PATH=${CMAKE_PREFIX_PATH}:/home/pritam/ros2_WS/install/pub_sub:/home/pritam/ros2_WS/install/add_integers:/opt/ros/humble /usr/bin/cmake --build /home/pritam/ros2_WS/build/custom_interfaces -- -j12 -l12
[0.458s] Invoking command in '/home/pritam/ros2_WS/build/custom_interfaces': CMAKE_PREFIX_PATH=${CMAKE_PREFIX_PATH}:/home/pritam/ros2_WS/install/pub_sub:/home/pritam/ros2_WS/install/add_integers:/opt/ros/humble /usr/bin/cmake --install /home/pritam/ros2_WS/build/custom_interfaces
[0.467s] -- Install configuration: ""
[0.467s] -- Up-to-date: /home/pritam/ros2_WS/install/custom_interfaces/share/ament_index/resource_index/rosidl_interfaces/custom_interfaces
[0.467s] -- Up-to-date: /home/pritam/ros2_WS/install/custom_interfaces/include/custom_interfaces/custom_interfaces
[0.467s] -- Up-to-date: /home/pritam/ros2_WS/install/custom_interfaces/include/custom_interfaces/custom_interfaces/msg
[0.468s] -- Up-to-date: /home/pritam/ros2_WS/install/custom_interfaces/include/custom_interfaces/custom_interfaces/msg/rosidl_generator_c__visibility_control.h
[0.468s] -- Up-to-date: /home/pritam/ros2_WS/install/custom_interfaces/include/custom_interfaces/custom_interfaces/srv
[0.468s] -- Up-to-date: /home/pritam/ros2_WS/install/custom_interfaces/include/custom_interfaces/custom_interfaces/srv/detail
[0.468s] -- Up-to-date: /home/pritam/ros2_WS/install/custom_interfaces/include/custom_interfaces/custom_interfaces/srv/detail/add_two_ints__functions.h
[0.468s] -- Up-to-date: /home/pritam/ros2_WS/install/custom_interfaces/include/custom_interfaces/custom_interfaces/srv/detail/add_two_ints__struct.h
[0.468s] -- Up-to-date: /home/pritam/ros2_WS/install/custom_interfaces/include/custom_interfaces/custom_interfaces/srv/detail/add_two_ints__type_support.h
[0.468s] -- Up-to-date: /home/pritam/ros2_WS/install/custom_interfaces/include/custom_interfaces/custom_interfaces/srv/detail/add_two_ints__functions.c
[0.469s] -- Up-to-date: /home/pritam/ros2_WS/install/custom_interfaces/include/custom_interfaces/custom_interfaces/srv/add_two_ints.h
[0.469s] -- Up-to-date: /home/pritam/ros2_WS/install/custom_interfaces/share/custom_interfaces/environment/library_path.sh
[0.469s] -- Up-to-date: /home/pritam/ros2_WS/install/custom_interfaces/share/custom_interfaces/environment/library_path.dsv
[0.469s] -- Up-to-date: /home/pritam/ros2_WS/install/custom_interfaces/lib/libcustom_interfaces__rosidl_generator_c.so
[0.470s] -- Up-to-date: /home/pritam/ros2_WS/install/custom_interfaces/include/custom_interfaces/custom_interfaces
[0.470s] -- Up-to-date: /home/pritam/ros2_WS/install/custom_interfaces/include/custom_interfaces/custom_interfaces/msg
[0.470s] -- Up-to-date: /home/pritam/ros2_WS/install/custom_interfaces/include/custom_interfaces/custom_interfaces/msg/rosidl_typesupport_fastrtps_c__visibility_control.h
[0.471s] -- Up-to-date: /home/pritam/ros2_WS/install/custom_interfaces/include/custom_interfaces/custom_interfaces/srv
[0.471s] -- Up-to-date: /home/pritam/ros2_WS/install/custom_interfaces/include/custom_interfaces/custom_interfaces/srv/detail
[0.471s] -- Up-to-date: /home/pritam/ros2_WS/install/custom_interfaces/include/custom_interfaces/custom_interfaces/srv/detail/add_two_ints__rosidl_typesupport_fastrtps_c.h
[0.471s] -- Up-to-date: /home/pritam/ros2_WS/install/custom_interfaces/lib/libcustom_interfaces__rosidl_typesupport_fastrtps_c.so
[0.473s] -- Up-to-date: /home/pritam/ros2_WS/install/custom_interfaces/include/custom_interfaces/custom_interfaces
[0.473s] -- Up-to-date: /home/pritam/ros2_WS/install/custom_interfaces/include/custom_interfaces/custom_interfaces/msg
[0.473s] -- Up-to-date: /home/pritam/ros2_WS/install/custom_interfaces/include/custom_interfaces/custom_interfaces/msg/rosidl_typesupport_introspection_c__visibility_control.h
[0.473s] -- Up-to-date: /home/pritam/ros2_WS/install/custom_interfaces/include/custom_interfaces/custom_interfaces/srv
[0.474s] -- Up-to-date: /home/pritam/ros2_WS/install/custom_interfaces/include/custom_interfaces/custom_interfaces/srv/detail
[0.474s] -- Up-to-date: /home/pritam/ros2_WS/install/custom_interfaces/include/custom_interfaces/custom_interfaces/srv/detail/add_two_ints__rosidl_typesupport_introspection_c.h
[0.474s] -- Up-to-date: /home/pritam/ros2_WS/install/custom_interfaces/include/custom_interfaces/custom_interfaces/srv/detail/add_two_ints__type_support.c
[0.474s] -- Up-to-date: /home/pritam/ros2_WS/install/custom_interfaces/lib/libcustom_interfaces__rosidl_typesupport_introspection_c.so
[0.474s] -- Up-to-date: /home/pritam/ros2_WS/install/custom_interfaces/lib/libcustom_interfaces__rosidl_typesupport_c.so
[0.474s] -- Up-to-date: /home/pritam/ros2_WS/install/custom_interfaces/include/custom_interfaces/custom_interfaces
[0.474s] -- Up-to-date: /home/pritam/ros2_WS/install/custom_interfaces/include/custom_interfaces/custom_interfaces/msg
[0.475s] -- Up-to-date: /home/pritam/ros2_WS/install/custom_interfaces/include/custom_interfaces/custom_interfaces/msg/rosidl_generator_cpp__visibility_control.hpp
[0.475s] -- Up-to-date: /home/pritam/ros2_WS/install/custom_interfaces/include/custom_interfaces/custom_interfaces/srv
[0.475s] -- Up-to-date: /home/pritam/ros2_WS/install/custom_interfaces/include/custom_interfaces/custom_interfaces/srv/add_two_ints.hpp
[0.475s] -- Up-to-date: /home/pritam/ros2_WS/install/custom_interfaces/include/custom_interfaces/custom_interfaces/srv/detail
[0.475s] -- Up-to-date: /home/pritam/ros2_WS/install/custom_interfaces/include/custom_interfaces/custom_interfaces/srv/detail/add_two_ints__traits.hpp
[0.475s] -- Up-to-date: /home/pritam/ros2_WS/install/custom_interfaces/include/custom_interfaces/custom_interfaces/srv/detail/add_two_ints__struct.hpp
[0.475s] -- Up-to-date: /home/pritam/ros2_WS/install/custom_interfaces/include/custom_interfaces/custom_interfaces/srv/detail/add_two_ints__builder.hpp
[0.476s] -- Up-to-date: /home/pritam/ros2_WS/install/custom_interfaces/include/custom_interfaces/custom_interfaces/srv/detail/add_two_ints__type_support.hpp
[0.476s] -- Up-to-date: /home/pritam/ros2_WS/install/custom_interfaces/include/custom_interfaces/custom_interfaces
[0.476s] -- Up-to-date: /home/pritam/ros2_WS/install/custom_interfaces/include/custom_interfaces/custom_interfaces/msg
[0.476s] -- Up-to-date: /home/pritam/ros2_WS/install/custom_interfaces/include/custom_interfaces/custom_interfaces/msg/rosidl_typesupport_fastrtps_cpp__visibility_control.h
[0.476s] -- Up-to-date: /home/pritam/ros2_WS/install/custom_interfaces/include/custom_interfaces/custom_interfaces/srv
[0.476s] -- Up-to-date: /home/pritam/ros2_WS/install/custom_interfaces/include/custom_interfaces/custom_interfaces/srv/detail
[0.476s] -- Up-to-date: /home/pritam/ros2_WS/install/custom_interfaces/include/custom_interfaces/custom_interfaces/srv/detail/add_two_ints__rosidl_typesupport_fastrtps_cpp.hpp
[0.477s] -- Up-to-date: /home/pritam/ros2_WS/install/custom_interfaces/include/custom_interfaces/custom_interfaces/srv/detail/dds_fastrtps
[0.477s] -- Up-to-date: /home/pritam/ros2_WS/install/custom_interfaces/lib/libcustom_interfaces__rosidl_typesupport_fastrtps_cpp.so
[0.477s] -- Up-to-date: /home/pritam/ros2_WS/install/custom_interfaces/include/custom_interfaces/custom_interfaces
[0.477s] -- Up-to-date: /home/pritam/ros2_WS/install/custom_interfaces/include/custom_interfaces/custom_interfaces/srv
[0.477s] -- Up-to-date: /home/pritam/ros2_WS/install/custom_interfaces/include/custom_interfaces/custom_interfaces/srv/detail
[0.477s] -- Up-to-date: /home/pritam/ros2_WS/install/custom_interfaces/include/custom_interfaces/custom_interfaces/srv/detail/add_two_ints__type_support.cpp
[0.477s] -- Up-to-date: /home/pritam/ros2_WS/install/custom_interfaces/include/custom_interfaces/custom_interfaces/srv/detail/add_two_ints__rosidl_typesupport_introspection_cpp.hpp
[0.478s] -- Up-to-date: /home/pritam/ros2_WS/install/custom_interfaces/lib/libcustom_interfaces__rosidl_typesupport_introspection_cpp.so
[0.478s] -- Up-to-date: /home/pritam/ros2_WS/install/custom_interfaces/lib/libcustom_interfaces__rosidl_typesupport_cpp.so
[0.478s] -- Up-to-date: /home/pritam/ros2_WS/install/custom_interfaces/share/custom_interfaces/environment/pythonpath.sh
[0.478s] -- Up-to-date: /home/pritam/ros2_WS/install/custom_interfaces/share/custom_interfaces/environment/pythonpath.dsv
[0.478s] -- Up-to-date: /home/pritam/ros2_WS/install/custom_interfaces/local/lib/python3.10/dist-packages/custom_interfaces-0.0.0-py3.10.egg-info
[0.478s] -- Installing: /home/pritam/ros2_WS/install/custom_interfaces/local/lib/python3.10/dist-packages/custom_interfaces-0.0.0-py3.10.egg-info/top_level.txt
[0.479s] -- Installing: /home/pritam/ros2_WS/install/custom_interfaces/local/lib/python3.10/dist-packages/custom_interfaces-0.0.0-py3.10.egg-info/PKG-INFO
[0.479s] -- Installing: /home/pritam/ros2_WS/install/custom_interfaces/local/lib/python3.10/dist-packages/custom_interfaces-0.0.0-py3.10.egg-info/dependency_links.txt
[0.479s] -- Installing: /home/pritam/ros2_WS/install/custom_interfaces/local/lib/python3.10/dist-packages/custom_interfaces-0.0.0-py3.10.egg-info/SOURCES.txt
[0.479s] -- Up-to-date: /home/pritam/ros2_WS/install/custom_interfaces/local/lib/python3.10/dist-packages/custom_interfaces
[0.479s] -- Up-to-date: /home/pritam/ros2_WS/install/custom_interfaces/local/lib/python3.10/dist-packages/custom_interfaces/__init__.py
[0.479s] -- Up-to-date: /home/pritam/ros2_WS/install/custom_interfaces/local/lib/python3.10/dist-packages/custom_interfaces/custom_interfaces_s__rosidl_typesupport_fastrtps_c.cpython-310-x86_64-linux-gnu.so
[0.479s] -- Up-to-date: /home/pritam/ros2_WS/install/custom_interfaces/local/lib/python3.10/dist-packages/custom_interfaces/_custom_interfaces_s.ep.rosidl_typesupport_c.c
[0.479s] -- Up-to-date: /home/pritam/ros2_WS/install/custom_interfaces/local/lib/python3.10/dist-packages/custom_interfaces/_custom_interfaces_s.ep.rosidl_typesupport_introspection_c.c
[0.480s] -- Up-to-date: /home/pritam/ros2_WS/install/custom_interfaces/local/lib/python3.10/dist-packages/custom_interfaces/srv
[0.480s] -- Up-to-date: /home/pritam/ros2_WS/install/custom_interfaces/local/lib/python3.10/dist-packages/custom_interfaces/srv/__init__.py
[0.480s] -- Up-to-date: /home/pritam/ros2_WS/install/custom_interfaces/local/lib/python3.10/dist-packages/custom_interfaces/srv/_add_two_ints.py
[0.480s] -- Up-to-date: /home/pritam/ros2_WS/install/custom_interfaces/local/lib/python3.10/dist-packages/custom_interfaces/srv/_add_two_ints_s.c
[0.480s] -- Up-to-date: /home/pritam/ros2_WS/install/custom_interfaces/local/lib/python3.10/dist-packages/custom_interfaces/_custom_interfaces_s.ep.rosidl_typesupport_fastrtps_c.c
[0.480s] -- Up-to-date: /home/pritam/ros2_WS/install/custom_interfaces/local/lib/python3.10/dist-packages/custom_interfaces/custom_interfaces_s__rosidl_typesupport_introspection_c.cpython-310-x86_64-linux-gnu.so
[0.480s] -- Up-to-date: /home/pritam/ros2_WS/install/custom_interfaces/local/lib/python3.10/dist-packages/custom_interfaces/custom_interfaces_s__rosidl_typesupport_c.cpython-310-x86_64-linux-gnu.so
[0.480s] -- Up-to-date: /home/pritam/ros2_WS/install/custom_interfaces/local/lib/python3.10/dist-packages/custom_interfaces/libcustom_interfaces__rosidl_generator_py.so
[0.513s] Listing '/home/pritam/ros2_WS/install/custom_interfaces/local/lib/python3.10/dist-packages/custom_interfaces'...
[0.513s] Listing '/home/pritam/ros2_WS/install/custom_interfaces/local/lib/python3.10/dist-packages/custom_interfaces/srv'...
[0.519s] -- Up-to-date: /home/pritam/ros2_WS/install/custom_interfaces/local/lib/python3.10/dist-packages/custom_interfaces/custom_interfaces_s__rosidl_typesupport_fastrtps_c.cpython-310-x86_64-linux-gnu.so
[0.520s] -- Up-to-date: /home/pritam/ros2_WS/install/custom_interfaces/local/lib/python3.10/dist-packages/custom_interfaces/custom_interfaces_s__rosidl_typesupport_introspection_c.cpython-310-x86_64-linux-gnu.so
[0.520s] -- Up-to-date: /home/pritam/ros2_WS/install/custom_interfaces/local/lib/python3.10/dist-packages/custom_interfaces/custom_interfaces_s__rosidl_typesupport_c.cpython-310-x86_64-linux-gnu.so
[0.521s] -- Up-to-date: /home/pritam/ros2_WS/install/custom_interfaces/lib/libcustom_interfaces__rosidl_generator_py.so
[0.521s] -- Up-to-date: /home/pritam/ros2_WS/install/custom_interfaces/share/custom_interfaces/srv/AddTwoInts.idl
[0.521s] -- Up-to-date: /home/pritam/ros2_WS/install/custom_interfaces/share/custom_interfaces/srv/AddTwoInts.srv
[0.522s] -- Up-to-date: /home/pritam/ros2_WS/install/custom_interfaces/share/custom_interfaces/srv/AddTwoInts_Request.msg
[0.522s] -- Up-to-date: /home/pritam/ros2_WS/install/custom_interfaces/share/custom_interfaces/srv/AddTwoInts_Response.msg
[0.522s] -- Up-to-date: /home/pritam/ros2_WS/install/custom_interfaces/share/ament_index/resource_index/package_run_dependencies/custom_interfaces
[0.522s] -- Up-to-date: /home/pritam/ros2_WS/install/custom_interfaces/share/ament_index/resource_index/parent_prefix_path/custom_interfaces
[0.523s] -- Up-to-date: /home/pritam/ros2_WS/install/custom_interfaces/share/custom_interfaces/environment/ament_prefix_path.sh
[0.523s] -- Up-to-date: /home/pritam/ros2_WS/install/custom_interfaces/share/custom_interfaces/environment/ament_prefix_path.dsv
[0.523s] -- Up-to-date: /home/pritam/ros2_WS/install/custom_interfaces/share/custom_interfaces/environment/path.sh
[0.523s] -- Up-to-date: /home/pritam/ros2_WS/install/custom_interfaces/share/custom_interfaces/environment/path.dsv
[0.524s] -- Up-to-date: /home/pritam/ros2_WS/install/custom_interfaces/share/custom_interfaces/local_setup.bash
[0.524s] -- Up-to-date: /home/pritam/ros2_WS/install/custom_interfaces/share/custom_interfaces/local_setup.sh
[0.524s] -- Up-to-date: /home/pritam/ros2_WS/install/custom_interfaces/share/custom_interfaces/local_setup.zsh
[0.524s] -- Up-to-date: /home/pritam/ros2_WS/install/custom_interfaces/share/custom_interfaces/local_setup.dsv
[0.524s] -- Installing: /home/pritam/ros2_WS/install/custom_interfaces/share/custom_interfaces/package.dsv
[0.524s] -- Up-to-date: /home/pritam/ros2_WS/install/custom_interfaces/share/ament_index/resource_index/packages/custom_interfaces
[0.525s] -- Up-to-date: /home/pritam/ros2_WS/install/custom_interfaces/share/custom_interfaces/cmake/export_custom_interfaces__rosidl_generator_cExport.cmake
[0.525s] -- Up-to-date: /home/pritam/ros2_WS/install/custom_interfaces/share/custom_interfaces/cmake/export_custom_interfaces__rosidl_generator_cExport-noconfig.cmake
[0.525s] -- Up-to-date: /home/pritam/ros2_WS/install/custom_interfaces/share/custom_interfaces/cmake/export_custom_interfaces__rosidl_typesupport_fastrtps_cExport.cmake
[0.525s] -- Up-to-date: /home/pritam/ros2_WS/install/custom_interfaces/share/custom_interfaces/cmake/export_custom_interfaces__rosidl_typesupport_fastrtps_cExport-noconfig.cmake
[0.525s] -- Up-to-date: /home/pritam/ros2_WS/install/custom_interfaces/share/custom_interfaces/cmake/custom_interfaces__rosidl_typesupport_introspection_cExport.cmake
[0.525s] -- Up-to-date: /home/pritam/ros2_WS/install/custom_interfaces/share/custom_interfaces/cmake/custom_interfaces__rosidl_typesupport_introspection_cExport-noconfig.cmake
[0.525s] -- Up-to-date: /home/pritam/ros2_WS/install/custom_interfaces/share/custom_interfaces/cmake/custom_interfaces__rosidl_typesupport_cExport.cmake
[0.525s] -- Up-to-date: /home/pritam/ros2_WS/install/custom_interfaces/share/custom_interfaces/cmake/custom_interfaces__rosidl_typesupport_cExport-noconfig.cmake
[0.525s] -- Up-to-date: /home/pritam/ros2_WS/install/custom_interfaces/share/custom_interfaces/cmake/export_custom_interfaces__rosidl_generator_cppExport.cmake
[0.525s] -- Up-to-date: /home/pritam/ros2_WS/install/custom_interfaces/share/custom_interfaces/cmake/export_custom_interfaces__rosidl_typesupport_fastrtps_cppExport.cmake
[0.525s] -- Up-to-date: /home/pritam/ros2_WS/install/custom_interfaces/share/custom_interfaces/cmake/export_custom_interfaces__rosidl_typesupport_fastrtps_cppExport-noconfig.cmake
[0.525s] -- Up-to-date: /home/pritam/ros2_WS/install/custom_interfaces/share/custom_interfaces/cmake/custom_interfaces__rosidl_typesupport_introspection_cppExport.cmake
[0.525s] -- Up-to-date: /home/pritam/ros2_WS/install/custom_interfaces/share/custom_interfaces/cmake/custom_interfaces__rosidl_typesupport_introspection_cppExport-noconfig.cmake
[0.526s] -- Up-to-date: /home/pritam/ros2_WS/install/custom_interfaces/share/custom_interfaces/cmake/custom_interfaces__rosidl_typesupport_cppExport.cmake
[0.527s] -- Up-to-date: /home/pritam/ros2_WS/install/custom_interfaces/share/custom_interfaces/cmake/custom_interfaces__rosidl_typesupport_cppExport-noconfig.cmake
[0.527s] -- Up-to-date: /home/pritam/ros2_WS/install/custom_interfaces/share/custom_interfaces/cmake/export_custom_interfaces__rosidl_generator_pyExport.cmake
[0.527s] -- Up-to-date: /home/pritam/ros2_WS/install/custom_interfaces/share/custom_interfaces/cmake/export_custom_interfaces__rosidl_generator_pyExport-noconfig.cmake
[0.527s] -- Up-to-date: /home/pritam/ros2_WS/install/custom_interfaces/share/custom_interfaces/cmake/rosidl_cmake-extras.cmake
[0.528s] -- Up-to-date: /home/pritam/ros2_WS/install/custom_interfaces/share/custom_interfaces/cmake/ament_cmake_export_include_directories-extras.cmake
[0.528s] -- Up-to-date: /home/pritam/ros2_WS/install/custom_interfaces/share/custom_interfaces/cmake/ament_cmake_export_libraries-extras.cmake
[0.528s] -- Up-to-date: /home/pritam/ros2_WS/install/custom_interfaces/share/custom_interfaces/cmake/ament_cmake_export_targets-extras.cmake
[0.528s] -- Up-to-date: /home/pritam/ros2_WS/install/custom_interfaces/share/custom_interfaces/cmake/rosidl_cmake_export_typesupport_targets-extras.cmake
[0.528s] -- Up-to-date: /home/pritam/ros2_WS/install/custom_interfaces/share/custom_interfaces/cmake/ament_cmake_export_dependencies-extras.cmake
[0.528s] -- Up-to-date: /home/pritam/ros2_WS/install/custom_interfaces/share/custom_interfaces/cmake/rosidl_cmake_export_typesupport_libraries-extras.cmake
[0.528s] -- Up-to-date: /home/pritam/ros2_WS/install/custom_interfaces/share/custom_interfaces/cmake/custom_interfacesConfig.cmake
[0.528s] -- Up-to-date: /home/pritam/ros2_WS/install/custom_interfaces/share/custom_interfaces/cmake/custom_interfacesConfig-version.cmake
[0.529s] -- Up-to-date: /home/pritam/ros2_WS/install/custom_interfaces/share/custom_interfaces/package.xml
[0.530s] Invoked command in '/home/pritam/ros2_WS/build/custom_interfaces' returned '0': CMAKE_PREFIX_PATH=${CMAKE_PREFIX_PATH}:/home/pritam/ros2_WS/install/pub_sub:/home/pritam/ros2_WS/install/add_integers:/opt/ros/humble /usr/bin/cmake --install /home/pritam/ros2_WS/build/custom_interfaces
