-- Found ament_cmake: 1.3.12 (/opt/ros/humble/share/ament_cmake/cmake)
-- Found rclcpp: 16.0.15 (/opt/ros/humble/share/rclcpp/cmake)
-- Found rosidl_generator_c: 3.1.7 (/opt/ros/humble/share/rosidl_generator_c/cmake)
-- Found rosidl_adapter: 3.1.7 (/opt/ros/humble/share/rosidl_adapter/cmake)
-- Found rosidl_generator_cpp: 3.1.7 (/opt/ros/humble/share/rosidl_generator_cpp/cmake)
-- Using all available rosidl_typesupport_c: rosidl_typesupport_fastrtps_c;rosidl_typesupport_introspection_c
-- Using all available rosidl_typesupport_cpp: rosidl_typesupport_fastrtps_cpp;rosidl_typesupport_introspection_cpp
-- Found rmw_implementation_cmake: 6.1.2 (/opt/ros/humble/share/rmw_implementation_cmake/cmake)
-- Found rmw_fastrtps_cpp: 6.2.8 (/opt/ros/humble/share/rmw_fastrtps_cpp/cmake)
-- Using RMW implementation 'rmw_fastrtps_cpp' as default
-- Configuring done
-- Generating done
-- Build files have been written to: /home/pritam/ros2_WS/build/talker_listener
[35m[1mConsolidate compiler generated dependencies of target my_talker[0m
[ 25%] [32mBuilding CXX object CMakeFiles/my_listener.dir/src/listener_node.cpp.o[0m
[ 75%] Built target my_talker
[01m[K/home/pritam/ros2_WS/src/talker_listener/src/listener_node.cpp:[m[K In constructor ‘[01m[KListener_node::Listener_node()[m[K’:
[01m[K/home/pritam/ros2_WS/src/talker_listener/src/listener_node.cpp:10:94:[m[K [01;31m[Kerror: [m[K‘[01m[KMinimalSubscriber[m[K’ has not been declared
   10 |       subscription_ = this->create_subscription<std_msgs::msg::String>("SUB", 10, std::bind(&[01;31m[KMinimalSubscriber[m[K::topic_callback, this, _1));
      |                                                                                              [01;31m[K^~~~~~~~~~~~~~~~~[m[K
gmake[2]: *** [CMakeFiles/my_listener.dir/build.make:76: CMakeFiles/my_listener.dir/src/listener_node.cpp.o] Error 1
gmake[1]: *** [CMakeFiles/Makefile2:165: CMakeFiles/my_listener.dir/all] Error 2
gmake: *** [Makefile:146: all] Error 2
