[0.022s] Invoking command in '/home/pritam/ros2_WS/build/talker_listener': CMAKE_PREFIX_PATH=${CMAKE_PREFIX_PATH}:/opt/ros/humble /usr/bin/cmake --build /home/pritam/ros2_WS/build/talker_listener -- -j12 -l12
[0.055s] -- Found ament_cmake: 1.3.12 (/opt/ros/humble/share/ament_cmake/cmake)
[0.219s] -- Found rclcpp: 16.0.15 (/opt/ros/humble/share/rclcpp/cmake)
[0.471s] -- Found rosidl_generator_c: 3.1.7 (/opt/ros/humble/share/rosidl_generator_c/cmake)
[0.479s] -- Found rosidl_adapter: 3.1.7 (/opt/ros/humble/share/rosidl_adapter/cmake)
[0.494s] -- Found rosidl_generator_cpp: 3.1.7 (/opt/ros/humble/share/rosidl_generator_cpp/cmake)
[0.512s] -- Using all available rosidl_typesupport_c: rosidl_typesupport_fastrtps_c;rosidl_typesupport_introspection_c
[0.529s] -- Using all available rosidl_typesupport_cpp: rosidl_typesupport_fastrtps_cpp;rosidl_typesupport_introspection_cpp
[0.575s] -- Found rmw_implementation_cmake: 6.1.2 (/opt/ros/humble/share/rmw_implementation_cmake/cmake)
[0.577s] -- Found rmw_fastrtps_cpp: 6.2.8 (/opt/ros/humble/share/rmw_fastrtps_cpp/cmake)
[6.985s] -- Using RMW implementation 'rmw_fastrtps_cpp' as default
[7.125s] -- Configuring done
[7.144s] -- Generating done
[7.149s] -- Build files have been written to: /home/pritam/ros2_WS/build/talker_listener
[7.171s] [35m[1mConsolidate compiler generated dependencies of target my_talker[0m
[7.178s] [ 25%] [32mBuilding CXX object CMakeFiles/my_listener.dir/src/listener_node.cpp.o[0m
[7.184s] [ 75%] Built target my_talker
[9.809s] [01m[K/home/pritam/ros2_WS/src/talker_listener/src/listener_node.cpp:[m[K In constructor ‘[01m[KListener_node::Listener_node()[m[K’:
[9.809s] [01m[K/home/pritam/ros2_WS/src/talker_listener/src/listener_node.cpp:10:94:[m[K [01;31m[Kerror: [m[K‘[01m[KMinimalSubscriber[m[K’ has not been declared
[9.809s]    10 |       subscription_ = this->create_subscription<std_msgs::msg::String>("SUB", 10, std::bind(&[01;31m[KMinimalSubscriber[m[K::topic_callback, this, _1));
[9.809s]       |                                                                                              [01;31m[K^~~~~~~~~~~~~~~~~[m[K
[10.255s] gmake[2]: *** [CMakeFiles/my_listener.dir/build.make:76: CMakeFiles/my_listener.dir/src/listener_node.cpp.o] Error 1
[10.255s] gmake[1]: *** [CMakeFiles/Makefile2:165: CMakeFiles/my_listener.dir/all] Error 2
[10.256s] gmake: *** [Makefile:146: all] Error 2
[10.258s] Invoked command in '/home/pritam/ros2_WS/build/talker_listener' returned '2': CMAKE_PREFIX_PATH=${CMAKE_PREFIX_PATH}:/opt/ros/humble /usr/bin/cmake --build /home/pritam/ros2_WS/build/talker_listener -- -j12 -l12
