[0.578s] Invoking command in '/home/pritam/ros2_WS/src/pub_sub': PYTHONPATH=/home/pritam/ros2_WS/build/pub_sub/prefix_override:/usr/lib/python3/dist-packages/colcon_core/task/python/colcon_distutils_commands:/home/pritam/ros2_WS/install/pub_sub/lib/python3.10/site-packages:${PYTHONPATH} /usr/bin/python3 -W ignore:setup.py install is deprecated -W ignore:easy_install command is deprecated setup.py egg_info --egg-base ../../build/pub_sub build --build-base /home/pritam/ros2_WS/build/pub_sub/build install --record /home/pritam/ros2_WS/build/pub_sub/install.log --single-version-externally-managed install_data
[0.797s] running egg_info
[0.798s] creating ../../build/pub_sub/pub_sub.egg-info
[0.798s] writing ../../build/pub_sub/pub_sub.egg-info/PKG-INFO
[0.799s] writing dependency_links to ../../build/pub_sub/pub_sub.egg-info/dependency_links.txt
[0.799s] writing entry points to ../../build/pub_sub/pub_sub.egg-info/entry_points.txt
[0.799s] writing requirements to ../../build/pub_sub/pub_sub.egg-info/requires.txt
[0.799s] writing top-level names to ../../build/pub_sub/pub_sub.egg-info/top_level.txt
[0.800s] writing manifest file '../../build/pub_sub/pub_sub.egg-info/SOURCES.txt'
[0.802s] reading manifest file '../../build/pub_sub/pub_sub.egg-info/SOURCES.txt'
[0.804s] writing manifest file '../../build/pub_sub/pub_sub.egg-info/SOURCES.txt'
[0.804s] running build
[0.804s] running build_py
[0.804s] creating /home/pritam/ros2_WS/build/pub_sub/build
[0.805s] creating /home/pritam/ros2_WS/build/pub_sub/build/lib
[0.805s] creating /home/pritam/ros2_WS/build/pub_sub/build/lib/pub_sub
[0.806s] copying pub_sub/__init__.py -> /home/pritam/ros2_WS/build/pub_sub/build/lib/pub_sub
[0.806s] copying pub_sub/talker_node.py -> /home/pritam/ros2_WS/build/pub_sub/build/lib/pub_sub
[0.806s] copying pub_sub/listener_node.py -> /home/pritam/ros2_WS/build/pub_sub/build/lib/pub_sub
[0.807s] running install
[0.807s] running install_lib
[0.808s] creating /home/pritam/ros2_WS/install/pub_sub/lib/python3.10/site-packages/pub_sub
[0.808s] copying /home/pritam/ros2_WS/build/pub_sub/build/lib/pub_sub/__init__.py -> /home/pritam/ros2_WS/install/pub_sub/lib/python3.10/site-packages/pub_sub
[0.808s] copying /home/pritam/ros2_WS/build/pub_sub/build/lib/pub_sub/talker_node.py -> /home/pritam/ros2_WS/install/pub_sub/lib/python3.10/site-packages/pub_sub
[0.809s] copying /home/pritam/ros2_WS/build/pub_sub/build/lib/pub_sub/listener_node.py -> /home/pritam/ros2_WS/install/pub_sub/lib/python3.10/site-packages/pub_sub
[0.809s] byte-compiling /home/pritam/ros2_WS/install/pub_sub/lib/python3.10/site-packages/pub_sub/__init__.py to __init__.cpython-310.pyc
[0.811s] byte-compiling /home/pritam/ros2_WS/install/pub_sub/lib/python3.10/site-packages/pub_sub/talker_node.py to talker_node.cpython-310.pyc
[0.811s] byte-compiling /home/pritam/ros2_WS/install/pub_sub/lib/python3.10/site-packages/pub_sub/listener_node.py to listener_node.cpython-310.pyc
[0.813s] running install_data
[0.813s] creating /home/pritam/ros2_WS/install/pub_sub/share/ament_index
[0.813s] creating /home/pritam/ros2_WS/install/pub_sub/share/ament_index/resource_index
[0.813s] creating /home/pritam/ros2_WS/install/pub_sub/share/ament_index/resource_index/packages
[0.814s] copying resource/pub_sub -> /home/pritam/ros2_WS/install/pub_sub/share/ament_index/resource_index/packages
[0.815s] copying package.xml -> /home/pritam/ros2_WS/install/pub_sub/share/pub_sub
[0.815s] running install_egg_info
[0.816s] Copying ../../build/pub_sub/pub_sub.egg-info to /home/pritam/ros2_WS/install/pub_sub/lib/python3.10/site-packages/pub_sub-0.0.0-py3.10.egg-info
[0.820s] running install_scripts
[0.841s] Installing listener script to /home/pritam/ros2_WS/install/pub_sub/lib/pub_sub
[0.841s] Installing talker script to /home/pritam/ros2_WS/install/pub_sub/lib/pub_sub
[0.841s] writing list of installed files to '/home/pritam/ros2_WS/build/pub_sub/install.log'
[0.863s] Invoked command in '/home/pritam/ros2_WS/src/pub_sub' returned '0': PYTHONPATH=/home/pritam/ros2_WS/build/pub_sub/prefix_override:/usr/lib/python3/dist-packages/colcon_core/task/python/colcon_distutils_commands:/home/pritam/ros2_WS/install/pub_sub/lib/python3.10/site-packages:${PYTHONPATH} /usr/bin/python3 -W ignore:setup.py install is deprecated -W ignore:easy_install command is deprecated setup.py egg_info --egg-base ../../build/pub_sub build --build-base /home/pritam/ros2_WS/build/pub_sub/build install --record /home/pritam/ros2_WS/build/pub_sub/install.log --single-version-externally-managed install_data
