[1.683s] Invoking command in '/home/pritam/ros2_WS/src/add_integers': CMAKE_PREFIX_PATH=/home/pritam/ros2_WS/install/custom_interfaces:/home/pritam/ros2_WS/install/talker_listener:/home/pritam/ros2_WS/install/demo_pkg PYTHONPATH=/home/pritam/ros2_WS/build/add_integers/prefix_override:/usr/lib/python3/dist-packages/colcon_core/task/python/colcon_distutils_commands:/home/pritam/ros2_WS/install/add_integers/lib/python3.10/site-packages:${PYTHONPATH} /usr/bin/python3 -W ignore:setup.py install is deprecated -W ignore:easy_install command is deprecated setup.py egg_info --egg-base ../../build/add_integers build --build-base /home/pritam/ros2_WS/build/add_integers/build install --record /home/pritam/ros2_WS/build/add_integers/install.log --single-version-externally-managed install_data
[2.078s] running egg_info
[2.079s] writing ../../build/add_integers/add_integers.egg-info/PKG-INFO
[2.081s] writing dependency_links to ../../build/add_integers/add_integers.egg-info/dependency_links.txt
[2.082s] writing entry points to ../../build/add_integers/add_integers.egg-info/entry_points.txt
[2.082s] writing requirements to ../../build/add_integers/add_integers.egg-info/requires.txt
[2.083s] writing top-level names to ../../build/add_integers/add_integers.egg-info/top_level.txt
[2.088s] reading manifest file '../../build/add_integers/add_integers.egg-info/SOURCES.txt'
[2.091s] writing manifest file '../../build/add_integers/add_integers.egg-info/SOURCES.txt'
[2.091s] running build
[2.091s] running build_py
[2.095s] copying add_integers/client_node.py -> /home/pritam/ros2_WS/build/add_integers/build/lib/add_integers
[2.098s] running install
[2.099s] running install_lib
[2.102s] copying /home/pritam/ros2_WS/build/add_integers/build/lib/add_integers/client_node.py -> /home/pritam/ros2_WS/install/add_integers/lib/python3.10/site-packages/add_integers
[2.104s] byte-compiling /home/pritam/ros2_WS/install/add_integers/lib/python3.10/site-packages/add_integers/client_node.py to client_node.cpython-310.pyc
[2.113s] running install_data
[2.115s] running install_egg_info
[2.118s] removing '/home/pritam/ros2_WS/install/add_integers/lib/python3.10/site-packages/add_integers-0.0.0-py3.10.egg-info' (and everything under it)
[2.119s] Copying ../../build/add_integers/add_integers.egg-info to /home/pritam/ros2_WS/install/add_integers/lib/python3.10/site-packages/add_integers-0.0.0-py3.10.egg-info
[2.120s] running install_scripts
[2.149s] Installing add_cli script to /home/pritam/ros2_WS/install/add_integers/lib/add_integers
[2.149s] Installing add_srv script to /home/pritam/ros2_WS/install/add_integers/lib/add_integers
[2.149s] writing list of installed files to '/home/pritam/ros2_WS/build/add_integers/install.log'
[2.192s] Invoked command in '/home/pritam/ros2_WS/src/add_integers' returned '0': CMAKE_PREFIX_PATH=/home/pritam/ros2_WS/install/custom_interfaces:/home/pritam/ros2_WS/install/talker_listener:/home/pritam/ros2_WS/install/demo_pkg PYTHONPATH=/home/pritam/ros2_WS/build/add_integers/prefix_override:/usr/lib/python3/dist-packages/colcon_core/task/python/colcon_distutils_commands:/home/pritam/ros2_WS/install/add_integers/lib/python3.10/site-packages:${PYTHONPATH} /usr/bin/python3 -W ignore:setup.py install is deprecated -W ignore:easy_install command is deprecated setup.py egg_info --egg-base ../../build/add_integers build --build-base /home/pritam/ros2_WS/build/add_integers/build install --record /home/pritam/ros2_WS/build/add_integers/install.log --single-version-externally-managed install_data
