[1.051s] Invoking command in '/home/pritam/ros2_WS/src/add_integers': CMAKE_PREFIX_PATH=/home/pritam/ros2_WS/install/custom_interfaces:/home/pritam/ros2_WS/install/talker_listener:/home/pritam/ros2_WS/install/demo_pkg PYTHONPATH=/home/pritam/ros2_WS/build/add_integers/prefix_override:/usr/lib/python3/dist-packages/colcon_core/task/python/colcon_distutils_commands:/home/pritam/ros2_WS/install/add_integers/lib/python3.10/site-packages:${PYTHONPATH} /usr/bin/python3 -W ignore:setup.py install is deprecated -W ignore:easy_install command is deprecated setup.py egg_info --egg-base ../../build/add_integers build --build-base /home/pritam/ros2_WS/build/add_integers/build install --record /home/pritam/ros2_WS/build/add_integers/install.log --single-version-externally-managed install_data
[1.285s] running egg_info
[1.285s] writing ../../build/add_integers/add_integers.egg-info/PKG-INFO
[1.285s] writing dependency_links to ../../build/add_integers/add_integers.egg-info/dependency_links.txt
[1.286s] writing entry points to ../../build/add_integers/add_integers.egg-info/entry_points.txt
[1.286s] writing requirements to ../../build/add_integers/add_integers.egg-info/requires.txt
[1.287s] writing top-level names to ../../build/add_integers/add_integers.egg-info/top_level.txt
[1.288s] reading manifest file '../../build/add_integers/add_integers.egg-info/SOURCES.txt'
[1.289s] writing manifest file '../../build/add_integers/add_integers.egg-info/SOURCES.txt'
[1.289s] running build
[1.289s] running build_py
[1.289s] running install
[1.290s] running install_lib
[1.291s] running install_data
[1.291s] running install_egg_info
[1.293s] removing '/home/pritam/ros2_WS/install/add_integers/lib/python3.10/site-packages/add_integers-0.0.0-py3.10.egg-info' (and everything under it)
[1.293s] Copying ../../build/add_integers/add_integers.egg-info to /home/pritam/ros2_WS/install/add_integers/lib/python3.10/site-packages/add_integers-0.0.0-py3.10.egg-info
[1.294s] running install_scripts
[1.313s] Installing add_cli script to /home/pritam/ros2_WS/install/add_integers/lib/add_integers
[1.313s] Installing add_srv script to /home/pritam/ros2_WS/install/add_integers/lib/add_integers
[1.313s] writing list of installed files to '/home/pritam/ros2_WS/build/add_integers/install.log'
[1.342s] Invoked command in '/home/pritam/ros2_WS/src/add_integers' returned '0': CMAKE_PREFIX_PATH=/home/pritam/ros2_WS/install/custom_interfaces:/home/pritam/ros2_WS/install/talker_listener:/home/pritam/ros2_WS/install/demo_pkg PYTHONPATH=/home/pritam/ros2_WS/build/add_integers/prefix_override:/usr/lib/python3/dist-packages/colcon_core/task/python/colcon_distutils_commands:/home/pritam/ros2_WS/install/add_integers/lib/python3.10/site-packages:${PYTHONPATH} /usr/bin/python3 -W ignore:setup.py install is deprecated -W ignore:easy_install command is deprecated setup.py egg_info --egg-base ../../build/add_integers build --build-base /home/pritam/ros2_WS/build/add_integers/build install --record /home/pritam/ros2_WS/build/add_integers/install.log --single-version-externally-managed install_data
