[0.830s] Invoking command in '/home/pritam/ros2_WS/src/pub_sub': PYTHONPATH=/home/pritam/ros2_WS/build/pub_sub/prefix_override:/usr/lib/python3/dist-packages/colcon_core/task/python/colcon_distutils_commands:/home/pritam/ros2_WS/install/pub_sub/lib/python3.10/site-packages:${PYTHONPATH} /usr/bin/python3 -W ignore:setup.py install is deprecated -W ignore:easy_install command is deprecated setup.py egg_info --egg-base ../../build/pub_sub build --build-base /home/pritam/ros2_WS/build/pub_sub/build install --record /home/pritam/ros2_WS/build/pub_sub/install.log --single-version-externally-managed install_data
[1.039s] running egg_info
[1.040s] writing ../../build/pub_sub/pub_sub.egg-info/PKG-INFO
[1.041s] writing dependency_links to ../../build/pub_sub/pub_sub.egg-info/dependency_links.txt
[1.041s] writing entry points to ../../build/pub_sub/pub_sub.egg-info/entry_points.txt
[1.041s] writing requirements to ../../build/pub_sub/pub_sub.egg-info/requires.txt
[1.041s] writing top-level names to ../../build/pub_sub/pub_sub.egg-info/top_level.txt
[1.043s] reading manifest file '../../build/pub_sub/pub_sub.egg-info/SOURCES.txt'
[1.043s] writing manifest file '../../build/pub_sub/pub_sub.egg-info/SOURCES.txt'
[1.043s] running build
[1.044s] running build_py
[1.044s] running install
[1.044s] running install_lib
[1.045s] running install_data
[1.045s] running install_egg_info
[1.047s] removing '/home/pritam/ros2_WS/install/pub_sub/lib/python3.10/site-packages/pub_sub-0.0.0-py3.10.egg-info' (and everything under it)
[1.047s] Copying ../../build/pub_sub/pub_sub.egg-info to /home/pritam/ros2_WS/install/pub_sub/lib/python3.10/site-packages/pub_sub-0.0.0-py3.10.egg-info
[1.048s] running install_scripts
[1.065s] Installing listener script to /home/pritam/ros2_WS/install/pub_sub/lib/pub_sub
[1.066s] Installing talker script to /home/pritam/ros2_WS/install/pub_sub/lib/pub_sub
[1.066s] writing list of installed files to '/home/pritam/ros2_WS/build/pub_sub/install.log'
[1.089s] Invoked command in '/home/pritam/ros2_WS/src/pub_sub' returned '0': PYTHONPATH=/home/pritam/ros2_WS/build/pub_sub/prefix_override:/usr/lib/python3/dist-packages/colcon_core/task/python/colcon_distutils_commands:/home/pritam/ros2_WS/install/pub_sub/lib/python3.10/site-packages:${PYTHONPATH} /usr/bin/python3 -W ignore:setup.py install is deprecated -W ignore:easy_install command is deprecated setup.py egg_info --egg-base ../../build/pub_sub build --build-base /home/pritam/ros2_WS/build/pub_sub/build install --record /home/pritam/ros2_WS/build/pub_sub/install.log --single-version-externally-managed install_data
