[0.991s] Invoking command in '/home/pritam/ros2_WS/src/add_integers': AMENT_PREFIX_PATH=/home/pritam/ros2_WS/install/custom_interfaces:${AMENT_PREFIX_PATH} CMAKE_PREFIX_PATH=/home/pritam/ros2_WS/install/custom_interfaces LD_LIBRARY_PATH=/home/pritam/ros2_WS/install/custom_interfaces/lib:${LD_LIBRARY_PATH} PYTHONPATH=/home/pritam/ros2_WS/build/add_integers/prefix_override:/usr/lib/python3/dist-packages/colcon_core/task/python/colcon_distutils_commands:/home/pritam/ros2_WS/install/add_integers/lib/python3.10/site-packages:/home/pritam/ros2_WS/install/custom_interfaces/local/lib/python3.10/dist-packages:${PYTHONPATH} /usr/bin/python3 -W ignore:setup.py install is deprecated -W ignore:easy_install command is deprecated setup.py egg_info --egg-base ../../build/add_integers build --build-base /home/pritam/ros2_WS/build/add_integers/build install --record /home/pritam/ros2_WS/build/add_integers/install.log --single-version-externally-managed install_data
[1.246s] running egg_info
[1.247s] writing ../../build/add_integers/add_integers.egg-info/PKG-INFO
[1.248s] writing dependency_links to ../../build/add_integers/add_integers.egg-info/dependency_links.txt
[1.248s] writing entry points to ../../build/add_integers/add_integers.egg-info/entry_points.txt
[1.248s] writing requirements to ../../build/add_integers/add_integers.egg-info/requires.txt
[1.249s] writing top-level names to ../../build/add_integers/add_integers.egg-info/top_level.txt
[1.250s] reading manifest file '../../build/add_integers/add_integers.egg-info/SOURCES.txt'
[1.251s] writing manifest file '../../build/add_integers/add_integers.egg-info/SOURCES.txt'
[1.251s] running build
[1.252s] running build_py
[1.254s] copying add_integers/service_node.py -> /home/pritam/ros2_WS/build/add_integers/build/lib/add_integers
[1.254s] running install
[1.254s] running install_lib
[1.255s] copying /home/pritam/ros2_WS/build/add_integers/build/lib/add_integers/service_node.py -> /home/pritam/ros2_WS/install/add_integers/lib/python3.10/site-packages/add_integers
[1.257s] byte-compiling /home/pritam/ros2_WS/install/add_integers/lib/python3.10/site-packages/add_integers/service_node.py to service_node.cpython-310.pyc
[1.257s] running install_data
[1.259s] running install_egg_info
[1.261s] removing '/home/pritam/ros2_WS/install/add_integers/lib/python3.10/site-packages/add_integers-0.0.0-py3.10.egg-info' (and everything under it)
[1.262s] Copying ../../build/add_integers/add_integers.egg-info to /home/pritam/ros2_WS/install/add_integers/lib/python3.10/site-packages/add_integers-0.0.0-py3.10.egg-info
[1.264s] running install_scripts
[1.287s] Installing add_cli script to /home/pritam/ros2_WS/install/add_integers/lib/add_integers
[1.288s] Installing add_srv script to /home/pritam/ros2_WS/install/add_integers/lib/add_integers
[1.288s] writing list of installed files to '/home/pritam/ros2_WS/build/add_integers/install.log'
[1.317s] Invoked command in '/home/pritam/ros2_WS/src/add_integers' returned '0': AMENT_PREFIX_PATH=/home/pritam/ros2_WS/install/custom_interfaces:${AMENT_PREFIX_PATH} CMAKE_PREFIX_PATH=/home/pritam/ros2_WS/install/custom_interfaces LD_LIBRARY_PATH=/home/pritam/ros2_WS/install/custom_interfaces/lib:${LD_LIBRARY_PATH} PYTHONPATH=/home/pritam/ros2_WS/build/add_integers/prefix_override:/usr/lib/python3/dist-packages/colcon_core/task/python/colcon_distutils_commands:/home/pritam/ros2_WS/install/add_integers/lib/python3.10/site-packages:/home/pritam/ros2_WS/install/custom_interfaces/local/lib/python3.10/dist-packages:${PYTHONPATH} /usr/bin/python3 -W ignore:setup.py install is deprecated -W ignore:easy_install command is deprecated setup.py egg_info --egg-base ../../build/add_integers build --build-base /home/pritam/ros2_WS/build/add_integers/build install --record /home/pritam/ros2_WS/build/add_integers/install.log --single-version-externally-managed install_data
