[0.185s] DEBUG:colcon:Command line arguments: ['/usr/bin/colcon', 'build']
[0.185s] DEBUG:colcon:Parsed command line arguments: Namespace(log_base=None, log_level=None, verb_name='build', build_base='build', install_base='install', merge_install=False, symlink_install=False, test_result_base=None, continue_on_error=False, executor='parallel', parallel_workers=12, event_handlers=None, ignore_user_meta=False, metas=['./colcon.meta'], base_paths=['.'], packages_ignore=None, packages_ignore_regex=None, paths=None, packages_up_to=None, packages_up_to_regex=None, packages_above=None, packages_above_and_dependencies=None, packages_above_depth=None, packages_select_by_dep=None, packages_skip_by_dep=None, packages_skip_up_to=None, packages_select_build_failed=False, packages_skip_build_finished=False, packages_select_test_failures=False, packages_skip_test_passed=False, packages_select=None, packages_skip=None, packages_select_regex=None, packages_skip_regex=None, packages_start=None, packages_end=None, allow_overriding=[], cmake_args=None, cmake_target=None, cmake_target_skip_unavailable=False, cmake_clean_cache=False, cmake_clean_first=False, cmake_force_configure=False, ament_cmake_args=None, catkin_cmake_args=None, catkin_skip_building_tests=False, verb_parser=<colcon_defaults.argument_parser.defaults.DefaultArgumentsDecorator object at 0x7beb99950370>, verb_extension=<colcon_core.verb.build.BuildVerb object at 0x7beb99ac5090>, main=<bound method BuildVerb.main of <colcon_core.verb.build.BuildVerb object at 0x7beb99ac5090>>)
[0.315s] Level 1:colcon.colcon_core.package_discovery:discover_packages(colcon_meta) check parameters
[0.316s] Level 1:colcon.colcon_core.package_discovery:discover_packages(recursive) check parameters
[0.316s] Level 1:colcon.colcon_core.package_discovery:discover_packages(ignore) check parameters
[0.316s] Level 1:colcon.colcon_core.package_discovery:discover_packages(path) check parameters
[0.316s] Level 1:colcon.colcon_core.package_discovery:discover_packages(colcon_meta) discover
[0.316s] Level 1:colcon.colcon_core.package_discovery:discover_packages(recursive) discover
[0.316s] INFO:colcon.colcon_core.package_discovery:Crawling recursively for packages in '/home/pritam/ros2_WS'
[0.316s] Level 1:colcon.colcon_core.package_identification:_identify(.) by extensions ['ignore', 'ignore_ament_install']
[0.316s] Level 1:colcon.colcon_core.package_identification:_identify(.) by extension 'ignore'
[0.316s] Level 1:colcon.colcon_core.package_identification:_identify(.) by extension 'ignore_ament_install'
[0.316s] Level 1:colcon.colcon_core.package_identification:_identify(.) by extensions ['colcon_pkg']
[0.316s] Level 1:colcon.colcon_core.package_identification:_identify(.) by extension 'colcon_pkg'
[0.316s] Level 1:colcon.colcon_core.package_identification:_identify(.) by extensions ['colcon_meta']
[0.316s] Level 1:colcon.colcon_core.package_identification:_identify(.) by extension 'colcon_meta'
[0.316s] Level 1:colcon.colcon_core.package_identification:_identify(.) by extensions ['ros']
[0.316s] Level 1:colcon.colcon_core.package_identification:_identify(.) by extension 'ros'
[0.326s] Level 1:colcon.colcon_core.package_identification:_identify(.) by extensions ['cmake', 'python']
[0.326s] Level 1:colcon.colcon_core.package_identification:_identify(.) by extension 'cmake'
[0.326s] Level 1:colcon.colcon_core.package_identification:_identify(.) by extension 'python'
[0.326s] Level 1:colcon.colcon_core.package_identification:_identify(.) by extensions ['python_setup_py']
[0.326s] Level 1:colcon.colcon_core.package_identification:_identify(.) by extension 'python_setup_py'
[0.326s] Level 1:colcon.colcon_core.package_identification:_identify(build) by extensions ['ignore', 'ignore_ament_install']
[0.326s] Level 1:colcon.colcon_core.package_identification:_identify(build) by extension 'ignore'
[0.326s] Level 1:colcon.colcon_core.package_identification:_identify(build) ignored
[0.326s] Level 1:colcon.colcon_core.package_identification:_identify(install) by extensions ['ignore', 'ignore_ament_install']
[0.326s] Level 1:colcon.colcon_core.package_identification:_identify(install) by extension 'ignore'
[0.326s] Level 1:colcon.colcon_core.package_identification:_identify(install) ignored
[0.326s] Level 1:colcon.colcon_core.package_identification:_identify(log) by extensions ['ignore', 'ignore_ament_install']
[0.326s] Level 1:colcon.colcon_core.package_identification:_identify(log) by extension 'ignore'
[0.326s] Level 1:colcon.colcon_core.package_identification:_identify(log) ignored
[0.326s] Level 1:colcon.colcon_core.package_identification:_identify(src) by extensions ['ignore', 'ignore_ament_install']
[0.326s] Level 1:colcon.colcon_core.package_identification:_identify(src) by extension 'ignore'
[0.326s] Level 1:colcon.colcon_core.package_identification:_identify(src) by extension 'ignore_ament_install'
[0.326s] Level 1:colcon.colcon_core.package_identification:_identify(src) by extensions ['colcon_pkg']
[0.326s] Level 1:colcon.colcon_core.package_identification:_identify(src) by extension 'colcon_pkg'
[0.326s] Level 1:colcon.colcon_core.package_identification:_identify(src) by extensions ['colcon_meta']
[0.327s] Level 1:colcon.colcon_core.package_identification:_identify(src) by extension 'colcon_meta'
[0.327s] Level 1:colcon.colcon_core.package_identification:_identify(src) by extensions ['ros']
[0.327s] Level 1:colcon.colcon_core.package_identification:_identify(src) by extension 'ros'
[0.327s] Level 1:colcon.colcon_core.package_identification:_identify(src) by extensions ['cmake', 'python']
[0.327s] Level 1:colcon.colcon_core.package_identification:_identify(src) by extension 'cmake'
[0.327s] Level 1:colcon.colcon_core.package_identification:_identify(src) by extension 'python'
[0.327s] Level 1:colcon.colcon_core.package_identification:_identify(src) by extensions ['python_setup_py']
[0.327s] Level 1:colcon.colcon_core.package_identification:_identify(src) by extension 'python_setup_py'
[0.327s] Level 1:colcon.colcon_core.package_identification:_identify(src/demo_pkg) by extensions ['ignore', 'ignore_ament_install']
[0.327s] Level 1:colcon.colcon_core.package_identification:_identify(src/demo_pkg) by extension 'ignore'
[0.327s] Level 1:colcon.colcon_core.package_identification:_identify(src/demo_pkg) by extension 'ignore_ament_install'
[0.327s] Level 1:colcon.colcon_core.package_identification:_identify(src/demo_pkg) by extensions ['colcon_pkg']
[0.327s] Level 1:colcon.colcon_core.package_identification:_identify(src/demo_pkg) by extension 'colcon_pkg'
[0.327s] Level 1:colcon.colcon_core.package_identification:_identify(src/demo_pkg) by extensions ['colcon_meta']
[0.327s] Level 1:colcon.colcon_core.package_identification:_identify(src/demo_pkg) by extension 'colcon_meta'
[0.327s] Level 1:colcon.colcon_core.package_identification:_identify(src/demo_pkg) by extensions ['ros']
[0.327s] Level 1:colcon.colcon_core.package_identification:_identify(src/demo_pkg) by extension 'ros'
[0.329s] DEBUG:colcon.colcon_core.package_identification:Package 'src/demo_pkg' with type 'ros.ament_cmake' and name 'demo_pkg'
[0.329s] Level 1:colcon.colcon_core.package_identification:_identify(src/pub_sub) by extensions ['ignore', 'ignore_ament_install']
[0.329s] Level 1:colcon.colcon_core.package_identification:_identify(src/pub_sub) by extension 'ignore'
[0.329s] Level 1:colcon.colcon_core.package_identification:_identify(src/pub_sub) by extension 'ignore_ament_install'
[0.329s] Level 1:colcon.colcon_core.package_identification:_identify(src/pub_sub) by extensions ['colcon_pkg']
[0.329s] Level 1:colcon.colcon_core.package_identification:_identify(src/pub_sub) by extension 'colcon_pkg'
[0.329s] Level 1:colcon.colcon_core.package_identification:_identify(src/pub_sub) by extensions ['colcon_meta']
[0.329s] Level 1:colcon.colcon_core.package_identification:_identify(src/pub_sub) by extension 'colcon_meta'
[0.329s] Level 1:colcon.colcon_core.package_identification:_identify(src/pub_sub) by extensions ['ros']
[0.329s] Level 1:colcon.colcon_core.package_identification:_identify(src/pub_sub) by extension 'ros'
[0.330s] DEBUG:colcon.colcon_core.package_identification:Package 'src/pub_sub' with type 'ros.ament_python' and name 'pub_sub'
[0.330s] Level 1:colcon.colcon_core.package_identification:_identify(src/talker_listener) by extensions ['ignore', 'ignore_ament_install']
[0.330s] Level 1:colcon.colcon_core.package_identification:_identify(src/talker_listener) by extension 'ignore'
[0.330s] Level 1:colcon.colcon_core.package_identification:_identify(src/talker_listener) by extension 'ignore_ament_install'
[0.330s] Level 1:colcon.colcon_core.package_identification:_identify(src/talker_listener) by extensions ['colcon_pkg']
[0.330s] Level 1:colcon.colcon_core.package_identification:_identify(src/talker_listener) by extension 'colcon_pkg'
[0.330s] Level 1:colcon.colcon_core.package_identification:_identify(src/talker_listener) by extensions ['colcon_meta']
[0.330s] Level 1:colcon.colcon_core.package_identification:_identify(src/talker_listener) by extension 'colcon_meta'
[0.330s] Level 1:colcon.colcon_core.package_identification:_identify(src/talker_listener) by extensions ['ros']
[0.330s] Level 1:colcon.colcon_core.package_identification:_identify(src/talker_listener) by extension 'ros'
[0.331s] DEBUG:colcon.colcon_core.package_identification:Package 'src/talker_listener' with type 'ros.ament_cmake' and name 'talker_listener'
[0.331s] Level 1:colcon.colcon_core.package_discovery:discover_packages(recursive) using defaults
[0.331s] Level 1:colcon.colcon_core.package_discovery:discover_packages(ignore) discover
[0.331s] Level 1:colcon.colcon_core.package_discovery:discover_packages(ignore) using defaults
[0.331s] Level 1:colcon.colcon_core.package_discovery:discover_packages(path) discover
[0.331s] Level 1:colcon.colcon_core.package_discovery:discover_packages(path) using defaults
[0.349s] Level 1:colcon.colcon_core.package_discovery:discover_packages(prefix_path) check parameters
[0.349s] Level 1:colcon.colcon_core.package_discovery:discover_packages(prefix_path) discover
[0.349s] WARNING:colcon.colcon_ros.prefix_path.ament:The path '/home/pritam/ros2_WS/install/talker_listener' in the environment variable AMENT_PREFIX_PATH doesn't exist
[0.350s] WARNING:colcon.colcon_ros.prefix_path.ament:The path '/home/pritam/ros2_WS/install/pub_sub' in the environment variable AMENT_PREFIX_PATH doesn't exist
[0.350s] WARNING:colcon.colcon_ros.prefix_path.ament:The path '/home/pritam/ros2_WS/install/demo_pkg' in the environment variable AMENT_PREFIX_PATH doesn't exist
[0.350s] WARNING:colcon.colcon_ros.prefix_path.catkin:The path '/home/pritam/ros2_WS/install/talker_listener' in the environment variable CMAKE_PREFIX_PATH doesn't exist
[0.350s] WARNING:colcon.colcon_ros.prefix_path.catkin:The path '/home/pritam/ros2_WS/install/demo_pkg' in the environment variable CMAKE_PREFIX_PATH doesn't exist
[0.364s] DEBUG:colcon.colcon_installed_package_information.package_discovery:Found 0 installed packages in /home/pritam/ros2_WS/install
[0.365s] DEBUG:colcon.colcon_installed_package_information.package_discovery:Found 271 installed packages in /opt/ros/humble
[0.366s] Level 1:colcon.colcon_core.package_discovery:discover_packages(prefix_path) using defaults
[0.395s] Level 5:colcon.colcon_core.verb:set package 'demo_pkg' build argument 'cmake_args' from command line to 'None'
[0.395s] Level 5:colcon.colcon_core.verb:set package 'demo_pkg' build argument 'cmake_target' from command line to 'None'
[0.395s] Level 5:colcon.colcon_core.verb:set package 'demo_pkg' build argument 'cmake_target_skip_unavailable' from command line to 'False'
[0.395s] Level 5:colcon.colcon_core.verb:set package 'demo_pkg' build argument 'cmake_clean_cache' from command line to 'False'
[0.395s] Level 5:colcon.colcon_core.verb:set package 'demo_pkg' build argument 'cmake_clean_first' from command line to 'False'
[0.395s] Level 5:colcon.colcon_core.verb:set package 'demo_pkg' build argument 'cmake_force_configure' from command line to 'False'
[0.395s] Level 5:colcon.colcon_core.verb:set package 'demo_pkg' build argument 'ament_cmake_args' from command line to 'None'
[0.395s] Level 5:colcon.colcon_core.verb:set package 'demo_pkg' build argument 'catkin_cmake_args' from command line to 'None'
[0.395s] Level 5:colcon.colcon_core.verb:set package 'demo_pkg' build argument 'catkin_skip_building_tests' from command line to 'False'
[0.395s] DEBUG:colcon.colcon_core.verb:Building package 'demo_pkg' with the following arguments: {'ament_cmake_args': None, 'build_base': '/home/pritam/ros2_WS/build/demo_pkg', 'catkin_cmake_args': None, 'catkin_skip_building_tests': False, 'cmake_args': None, 'cmake_clean_cache': False, 'cmake_clean_first': False, 'cmake_force_configure': False, 'cmake_target': None, 'cmake_target_skip_unavailable': False, 'install_base': '/home/pritam/ros2_WS/install/demo_pkg', 'merge_install': False, 'path': '/home/pritam/ros2_WS/src/demo_pkg', 'symlink_install': False, 'test_result_base': None}
[0.395s] Level 5:colcon.colcon_core.verb:set package 'pub_sub' build argument 'cmake_args' from command line to 'None'
[0.396s] Level 5:colcon.colcon_core.verb:set package 'pub_sub' build argument 'cmake_target' from command line to 'None'
[0.396s] Level 5:colcon.colcon_core.verb:set package 'pub_sub' build argument 'cmake_target_skip_unavailable' from command line to 'False'
[0.396s] Level 5:colcon.colcon_core.verb:set package 'pub_sub' build argument 'cmake_clean_cache' from command line to 'False'
[0.396s] Level 5:colcon.colcon_core.verb:set package 'pub_sub' build argument 'cmake_clean_first' from command line to 'False'
[0.396s] Level 5:colcon.colcon_core.verb:set package 'pub_sub' build argument 'cmake_force_configure' from command line to 'False'
[0.396s] Level 5:colcon.colcon_core.verb:set package 'pub_sub' build argument 'ament_cmake_args' from command line to 'None'
[0.396s] Level 5:colcon.colcon_core.verb:set package 'pub_sub' build argument 'catkin_cmake_args' from command line to 'None'
[0.396s] Level 5:colcon.colcon_core.verb:set package 'pub_sub' build argument 'catkin_skip_building_tests' from command line to 'False'
[0.396s] DEBUG:colcon.colcon_core.verb:Building package 'pub_sub' with the following arguments: {'ament_cmake_args': None, 'build_base': '/home/pritam/ros2_WS/build/pub_sub', 'catkin_cmake_args': None, 'catkin_skip_building_tests': False, 'cmake_args': None, 'cmake_clean_cache': False, 'cmake_clean_first': False, 'cmake_force_configure': False, 'cmake_target': None, 'cmake_target_skip_unavailable': False, 'install_base': '/home/pritam/ros2_WS/install/pub_sub', 'merge_install': False, 'path': '/home/pritam/ros2_WS/src/pub_sub', 'symlink_install': False, 'test_result_base': None}
[0.396s] Level 5:colcon.colcon_core.verb:set package 'talker_listener' build argument 'cmake_args' from command line to 'None'
[0.396s] Level 5:colcon.colcon_core.verb:set package 'talker_listener' build argument 'cmake_target' from command line to 'None'
[0.396s] Level 5:colcon.colcon_core.verb:set package 'talker_listener' build argument 'cmake_target_skip_unavailable' from command line to 'False'
[0.396s] Level 5:colcon.colcon_core.verb:set package 'talker_listener' build argument 'cmake_clean_cache' from command line to 'False'
[0.396s] Level 5:colcon.colcon_core.verb:set package 'talker_listener' build argument 'cmake_clean_first' from command line to 'False'
[0.396s] Level 5:colcon.colcon_core.verb:set package 'talker_listener' build argument 'cmake_force_configure' from command line to 'False'
[0.396s] Level 5:colcon.colcon_core.verb:set package 'talker_listener' build argument 'ament_cmake_args' from command line to 'None'
[0.396s] Level 5:colcon.colcon_core.verb:set package 'talker_listener' build argument 'catkin_cmake_args' from command line to 'None'
[0.396s] Level 5:colcon.colcon_core.verb:set package 'talker_listener' build argument 'catkin_skip_building_tests' from command line to 'False'
[0.396s] DEBUG:colcon.colcon_core.verb:Building package 'talker_listener' with the following arguments: {'ament_cmake_args': None, 'build_base': '/home/pritam/ros2_WS/build/talker_listener', 'catkin_cmake_args': None, 'catkin_skip_building_tests': False, 'cmake_args': None, 'cmake_clean_cache': False, 'cmake_clean_first': False, 'cmake_force_configure': False, 'cmake_target': None, 'cmake_target_skip_unavailable': False, 'install_base': '/home/pritam/ros2_WS/install/talker_listener', 'merge_install': False, 'path': '/home/pritam/ros2_WS/src/talker_listener', 'symlink_install': False, 'test_result_base': None}
[0.396s] INFO:colcon.colcon_core.executor:Executing jobs using 'parallel' executor
[0.397s] DEBUG:colcon.colcon_parallel_executor.executor.parallel:run_until_complete
[0.397s] INFO:colcon.colcon_ros.task.ament_cmake.build:Building ROS package in '/home/pritam/ros2_WS/src/demo_pkg' with build type 'ament_cmake'
[0.397s] INFO:colcon.colcon_cmake.task.cmake.build:Building CMake package in '/home/pritam/ros2_WS/src/demo_pkg'
[0.400s] INFO:colcon.colcon_core.plugin_system:Skipping extension 'colcon_core.shell.bat': Not used on non-Windows systems
[0.400s] INFO:colcon.colcon_core.shell:Skip shell extension 'powershell' for command environment: Not usable outside of PowerShell
[0.400s] DEBUG:colcon.colcon_core.shell:Skip shell extension 'dsv' for command environment
[0.403s] INFO:colcon.colcon_ros.task.ament_python.build:Building ROS package in '/home/pritam/ros2_WS/src/pub_sub' with build type 'ament_python'
[0.403s] Level 1:colcon.colcon_core.shell:create_environment_hook('pub_sub', 'ament_prefix_path')
[0.403s] INFO:colcon.colcon_core.shell:Creating environment hook '/home/pritam/ros2_WS/install/pub_sub/share/pub_sub/hook/ament_prefix_path.ps1'
[0.405s] INFO:colcon.colcon_core.shell:Creating environment descriptor '/home/pritam/ros2_WS/install/pub_sub/share/pub_sub/hook/ament_prefix_path.dsv'
[0.405s] INFO:colcon.colcon_core.shell:Creating environment hook '/home/pritam/ros2_WS/install/pub_sub/share/pub_sub/hook/ament_prefix_path.sh'
[0.406s] INFO:colcon.colcon_core.shell:Skip shell extension 'powershell' for command environment: Not usable outside of PowerShell
[0.406s] DEBUG:colcon.colcon_core.shell:Skip shell extension 'dsv' for command environment
[0.408s] INFO:colcon.colcon_ros.task.ament_cmake.build:Building ROS package in '/home/pritam/ros2_WS/src/talker_listener' with build type 'ament_cmake'
[0.408s] INFO:colcon.colcon_cmake.task.cmake.build:Building CMake package in '/home/pritam/ros2_WS/src/talker_listener'
[0.409s] INFO:colcon.colcon_core.shell:Skip shell extension 'powershell' for command environment: Not usable outside of PowerShell
[0.409s] DEBUG:colcon.colcon_core.shell:Skip shell extension 'dsv' for command environment
[0.420s] DEBUG:colcon.colcon_core.event_handler.log_command:Invoking command in '/home/pritam/ros2_WS/build/demo_pkg': CMAKE_PREFIX_PATH=${CMAKE_PREFIX_PATH}:/home/pritam/ros2_WS/install/pub_sub:/opt/ros/humble /usr/bin/cmake /home/pritam/ros2_WS/src/demo_pkg -DCMAKE_INSTALL_PREFIX=/home/pritam/ros2_WS/install/demo_pkg
[0.646s] INFO:colcon.colcon_core.task.python.build:Building Python package in '/home/pritam/ros2_WS/src/pub_sub'
[0.646s] INFO:colcon.colcon_core.shell:Skip shell extension 'powershell' for command environment: Not usable outside of PowerShell
[0.646s] DEBUG:colcon.colcon_core.shell:Skip shell extension 'dsv' for command environment
[0.654s] DEBUG:colcon.colcon_core.event_handler.log_command:Invoking command in '/home/pritam/ros2_WS/build/talker_listener': CMAKE_PREFIX_PATH=${CMAKE_PREFIX_PATH}:/home/pritam/ros2_WS/install/pub_sub:/opt/ros/humble /usr/bin/cmake /home/pritam/ros2_WS/src/talker_listener -DCMAKE_INSTALL_PREFIX=/home/pritam/ros2_WS/install/talker_listener
[1.018s] DEBUG:colcon.colcon_core.event_handler.log_command:Invoking command in '/home/pritam/ros2_WS/src/pub_sub': PYTHONPATH=/home/pritam/ros2_WS/build/pub_sub/prefix_override:/usr/lib/python3/dist-packages/colcon_core/task/python/colcon_distutils_commands:/home/pritam/ros2_WS/install/pub_sub/lib/python3.10/site-packages:${PYTHONPATH} /usr/bin/python3 -W ignore:setup.py install is deprecated -W ignore:easy_install command is deprecated setup.py egg_info --egg-base ../../build/pub_sub build --build-base /home/pritam/ros2_WS/build/pub_sub/build install --record /home/pritam/ros2_WS/build/pub_sub/install.log --single-version-externally-managed install_data
[1.329s] DEBUG:colcon.colcon_core.event_handler.log_command:Invoked command in '/home/pritam/ros2_WS/src/pub_sub' returned '0': PYTHONPATH=/home/pritam/ros2_WS/build/pub_sub/prefix_override:/usr/lib/python3/dist-packages/colcon_core/task/python/colcon_distutils_commands:/home/pritam/ros2_WS/install/pub_sub/lib/python3.10/site-packages:${PYTHONPATH} /usr/bin/python3 -W ignore:setup.py install is deprecated -W ignore:easy_install command is deprecated setup.py egg_info --egg-base ../../build/pub_sub build --build-base /home/pritam/ros2_WS/build/pub_sub/build install --record /home/pritam/ros2_WS/build/pub_sub/install.log --single-version-externally-managed install_data
[1.331s] Level 1:colcon.colcon_core.environment:checking '/home/pritam/ros2_WS/install/pub_sub' for CMake module files
[1.331s] Level 1:colcon.colcon_core.environment:checking '/home/pritam/ros2_WS/install/pub_sub' for CMake config files
[1.332s] Level 1:colcon.colcon_core.environment:checking '/home/pritam/ros2_WS/install/pub_sub/lib'
[1.332s] Level 1:colcon.colcon_core.environment:checking '/home/pritam/ros2_WS/install/pub_sub/bin'
[1.332s] Level 1:colcon.colcon_core.environment:checking '/home/pritam/ros2_WS/install/pub_sub/lib/pkgconfig/pub_sub.pc'
[1.333s] Level 1:colcon.colcon_core.environment:checking '/home/pritam/ros2_WS/install/pub_sub/lib/python3.10/site-packages'
[1.333s] Level 1:colcon.colcon_core.shell:create_environment_hook('pub_sub', 'pythonpath')
[1.333s] INFO:colcon.colcon_core.shell:Creating environment hook '/home/pritam/ros2_WS/install/pub_sub/share/pub_sub/hook/pythonpath.ps1'
[1.334s] INFO:colcon.colcon_core.shell:Creating environment descriptor '/home/pritam/ros2_WS/install/pub_sub/share/pub_sub/hook/pythonpath.dsv'
[1.334s] INFO:colcon.colcon_core.shell:Creating environment hook '/home/pritam/ros2_WS/install/pub_sub/share/pub_sub/hook/pythonpath.sh'
[1.334s] Level 1:colcon.colcon_core.environment:checking '/home/pritam/ros2_WS/install/pub_sub/bin'
[1.335s] Level 1:colcon.colcon_core.environment:create_environment_scripts_only(pub_sub)
[1.335s] INFO:colcon.colcon_core.shell:Creating package script '/home/pritam/ros2_WS/install/pub_sub/share/pub_sub/package.ps1'
[1.336s] INFO:colcon.colcon_core.shell:Creating package descriptor '/home/pritam/ros2_WS/install/pub_sub/share/pub_sub/package.dsv'
[1.336s] INFO:colcon.colcon_core.shell:Creating package script '/home/pritam/ros2_WS/install/pub_sub/share/pub_sub/package.sh'
[1.337s] INFO:colcon.colcon_core.shell:Creating package script '/home/pritam/ros2_WS/install/pub_sub/share/pub_sub/package.bash'
[1.337s] INFO:colcon.colcon_core.shell:Creating package script '/home/pritam/ros2_WS/install/pub_sub/share/pub_sub/package.zsh'
[1.338s] Level 1:colcon.colcon_core.environment:create_file_with_runtime_dependencies(/home/pritam/ros2_WS/install/pub_sub/share/colcon-core/packages/pub_sub)
[2.341s] DEBUG:colcon.colcon_core.event_handler.log_command:Invoked command in '/home/pritam/ros2_WS/build/demo_pkg' returned '0': CMAKE_PREFIX_PATH=${CMAKE_PREFIX_PATH}:/home/pritam/ros2_WS/install/pub_sub:/opt/ros/humble /usr/bin/cmake /home/pritam/ros2_WS/src/demo_pkg -DCMAKE_INSTALL_PREFIX=/home/pritam/ros2_WS/install/demo_pkg
[2.342s] DEBUG:colcon.colcon_core.event_handler.log_command:Invoking command in '/home/pritam/ros2_WS/build/demo_pkg': CMAKE_PREFIX_PATH=${CMAKE_PREFIX_PATH}:/home/pritam/ros2_WS/install/pub_sub:/opt/ros/humble /usr/bin/cmake --build /home/pritam/ros2_WS/build/demo_pkg -- -j12 -l12
[2.375s] DEBUG:colcon.colcon_core.event_handler.log_command:Invoked command in '/home/pritam/ros2_WS/build/demo_pkg' returned '0': CMAKE_PREFIX_PATH=${CMAKE_PREFIX_PATH}:/home/pritam/ros2_WS/install/pub_sub:/opt/ros/humble /usr/bin/cmake --build /home/pritam/ros2_WS/build/demo_pkg -- -j12 -l12
[2.384s] DEBUG:colcon.colcon_core.event_handler.log_command:Invoking command in '/home/pritam/ros2_WS/build/demo_pkg': CMAKE_PREFIX_PATH=${CMAKE_PREFIX_PATH}:/home/pritam/ros2_WS/install/pub_sub:/opt/ros/humble /usr/bin/cmake --install /home/pritam/ros2_WS/build/demo_pkg
[2.398s] Level 1:colcon.colcon_core.environment:create_environment_scripts_only(demo_pkg)
[2.399s] Level 1:colcon.colcon_core.environment:checking '/home/pritam/ros2_WS/install/demo_pkg' for CMake module files
[2.399s] DEBUG:colcon.colcon_core.event_handler.log_command:Invoked command in '/home/pritam/ros2_WS/build/demo_pkg' returned '0': CMAKE_PREFIX_PATH=${CMAKE_PREFIX_PATH}:/home/pritam/ros2_WS/install/pub_sub:/opt/ros/humble /usr/bin/cmake --install /home/pritam/ros2_WS/build/demo_pkg
[2.400s] Level 1:colcon.colcon_core.environment:checking '/home/pritam/ros2_WS/install/demo_pkg' for CMake config files
[2.400s] Level 1:colcon.colcon_core.shell:create_environment_hook('demo_pkg', 'cmake_prefix_path')
[2.400s] INFO:colcon.colcon_core.shell:Creating environment hook '/home/pritam/ros2_WS/install/demo_pkg/share/demo_pkg/hook/cmake_prefix_path.ps1'
[2.400s] INFO:colcon.colcon_core.shell:Creating environment descriptor '/home/pritam/ros2_WS/install/demo_pkg/share/demo_pkg/hook/cmake_prefix_path.dsv'
[2.401s] INFO:colcon.colcon_core.shell:Creating environment hook '/home/pritam/ros2_WS/install/demo_pkg/share/demo_pkg/hook/cmake_prefix_path.sh'
[2.401s] Level 1:colcon.colcon_core.environment:checking '/home/pritam/ros2_WS/install/demo_pkg/lib'
[2.401s] Level 1:colcon.colcon_core.environment:checking '/home/pritam/ros2_WS/install/demo_pkg/bin'
[2.401s] Level 1:colcon.colcon_core.environment:checking '/home/pritam/ros2_WS/install/demo_pkg/lib/pkgconfig/demo_pkg.pc'
[2.401s] Level 1:colcon.colcon_core.environment:checking '/home/pritam/ros2_WS/install/demo_pkg/lib/python3.10/site-packages'
[2.402s] Level 1:colcon.colcon_core.environment:checking '/home/pritam/ros2_WS/install/demo_pkg/bin'
[2.402s] INFO:colcon.colcon_core.shell:Creating package script '/home/pritam/ros2_WS/install/demo_pkg/share/demo_pkg/package.ps1'
[2.402s] INFO:colcon.colcon_core.shell:Creating package descriptor '/home/pritam/ros2_WS/install/demo_pkg/share/demo_pkg/package.dsv'
[2.403s] INFO:colcon.colcon_core.shell:Creating package script '/home/pritam/ros2_WS/install/demo_pkg/share/demo_pkg/package.sh'
[2.403s] INFO:colcon.colcon_core.shell:Creating package script '/home/pritam/ros2_WS/install/demo_pkg/share/demo_pkg/package.bash'
[2.403s] INFO:colcon.colcon_core.shell:Creating package script '/home/pritam/ros2_WS/install/demo_pkg/share/demo_pkg/package.zsh'
[2.404s] Level 1:colcon.colcon_core.environment:create_file_with_runtime_dependencies(/home/pritam/ros2_WS/install/demo_pkg/share/colcon-core/packages/demo_pkg)
[2.404s] Level 1:colcon.colcon_core.environment:create_environment_scripts_only(demo_pkg)
[2.404s] Level 1:colcon.colcon_core.environment:checking '/home/pritam/ros2_WS/install/demo_pkg' for CMake module files
[2.405s] Level 1:colcon.colcon_core.environment:checking '/home/pritam/ros2_WS/install/demo_pkg' for CMake config files
[2.405s] Level 1:colcon.colcon_core.shell:create_environment_hook('demo_pkg', 'cmake_prefix_path')
[2.405s] INFO:colcon.colcon_core.shell:Creating environment hook '/home/pritam/ros2_WS/install/demo_pkg/share/demo_pkg/hook/cmake_prefix_path.ps1'
[2.405s] INFO:colcon.colcon_core.shell:Creating environment descriptor '/home/pritam/ros2_WS/install/demo_pkg/share/demo_pkg/hook/cmake_prefix_path.dsv'
[2.406s] INFO:colcon.colcon_core.shell:Creating environment hook '/home/pritam/ros2_WS/install/demo_pkg/share/demo_pkg/hook/cmake_prefix_path.sh'
[2.406s] Level 1:colcon.colcon_core.environment:checking '/home/pritam/ros2_WS/install/demo_pkg/lib'
[2.406s] Level 1:colcon.colcon_core.environment:checking '/home/pritam/ros2_WS/install/demo_pkg/bin'
[2.406s] Level 1:colcon.colcon_core.environment:checking '/home/pritam/ros2_WS/install/demo_pkg/lib/pkgconfig/demo_pkg.pc'
[2.406s] Level 1:colcon.colcon_core.environment:checking '/home/pritam/ros2_WS/install/demo_pkg/lib/python3.10/site-packages'
[2.406s] Level 1:colcon.colcon_core.environment:checking '/home/pritam/ros2_WS/install/demo_pkg/bin'
[2.407s] INFO:colcon.colcon_core.shell:Creating package script '/home/pritam/ros2_WS/install/demo_pkg/share/demo_pkg/package.ps1'
[2.407s] INFO:colcon.colcon_core.shell:Creating package descriptor '/home/pritam/ros2_WS/install/demo_pkg/share/demo_pkg/package.dsv'
[2.407s] INFO:colcon.colcon_core.shell:Creating package script '/home/pritam/ros2_WS/install/demo_pkg/share/demo_pkg/package.sh'
[2.408s] INFO:colcon.colcon_core.shell:Creating package script '/home/pritam/ros2_WS/install/demo_pkg/share/demo_pkg/package.bash'
[2.408s] INFO:colcon.colcon_core.shell:Creating package script '/home/pritam/ros2_WS/install/demo_pkg/share/demo_pkg/package.zsh'
[2.409s] Level 1:colcon.colcon_core.environment:create_file_with_runtime_dependencies(/home/pritam/ros2_WS/install/demo_pkg/share/colcon-core/packages/demo_pkg)
[13.048s] DEBUG:colcon.colcon_core.event_handler.log_command:Invoked command in '/home/pritam/ros2_WS/build/talker_listener' returned '0': CMAKE_PREFIX_PATH=${CMAKE_PREFIX_PATH}:/home/pritam/ros2_WS/install/pub_sub:/opt/ros/humble /usr/bin/cmake /home/pritam/ros2_WS/src/talker_listener -DCMAKE_INSTALL_PREFIX=/home/pritam/ros2_WS/install/talker_listener
[13.051s] DEBUG:colcon.colcon_core.event_handler.log_command:Invoking command in '/home/pritam/ros2_WS/build/talker_listener': CMAKE_PREFIX_PATH=${CMAKE_PREFIX_PATH}:/home/pritam/ros2_WS/install/pub_sub:/opt/ros/humble /usr/bin/cmake --build /home/pritam/ros2_WS/build/talker_listener -- -j12 -l12
[21.508s] DEBUG:colcon.colcon_core.event_handler.log_command:Invoked command in '/home/pritam/ros2_WS/build/talker_listener' returned '0': CMAKE_PREFIX_PATH=${CMAKE_PREFIX_PATH}:/home/pritam/ros2_WS/install/pub_sub:/opt/ros/humble /usr/bin/cmake --build /home/pritam/ros2_WS/build/talker_listener -- -j12 -l12
[21.511s] DEBUG:colcon.colcon_core.event_handler.log_command:Invoking command in '/home/pritam/ros2_WS/build/talker_listener': CMAKE_PREFIX_PATH=${CMAKE_PREFIX_PATH}:/home/pritam/ros2_WS/install/pub_sub:/opt/ros/humble /usr/bin/cmake --install /home/pritam/ros2_WS/build/talker_listener
[21.525s] Level 1:colcon.colcon_core.environment:create_environment_scripts_only(talker_listener)
[21.525s] DEBUG:colcon.colcon_core.event_handler.log_command:Invoked command in '/home/pritam/ros2_WS/build/talker_listener' returned '0': CMAKE_PREFIX_PATH=${CMAKE_PREFIX_PATH}:/home/pritam/ros2_WS/install/pub_sub:/opt/ros/humble /usr/bin/cmake --install /home/pritam/ros2_WS/build/talker_listener
[21.525s] Level 1:colcon.colcon_core.environment:checking '/home/pritam/ros2_WS/install/talker_listener' for CMake module files
[21.526s] Level 1:colcon.colcon_core.environment:checking '/home/pritam/ros2_WS/install/talker_listener' for CMake config files
[21.526s] Level 1:colcon.colcon_core.shell:create_environment_hook('talker_listener', 'cmake_prefix_path')
[21.526s] INFO:colcon.colcon_core.shell:Creating environment hook '/home/pritam/ros2_WS/install/talker_listener/share/talker_listener/hook/cmake_prefix_path.ps1'
[21.527s] INFO:colcon.colcon_core.shell:Creating environment descriptor '/home/pritam/ros2_WS/install/talker_listener/share/talker_listener/hook/cmake_prefix_path.dsv'
[21.527s] INFO:colcon.colcon_core.shell:Creating environment hook '/home/pritam/ros2_WS/install/talker_listener/share/talker_listener/hook/cmake_prefix_path.sh'
[21.528s] Level 1:colcon.colcon_core.environment:checking '/home/pritam/ros2_WS/install/talker_listener/lib'
[21.528s] Level 1:colcon.colcon_core.environment:checking '/home/pritam/ros2_WS/install/talker_listener/bin'
[21.528s] Level 1:colcon.colcon_core.environment:checking '/home/pritam/ros2_WS/install/talker_listener/lib/pkgconfig/talker_listener.pc'
[21.528s] Level 1:colcon.colcon_core.environment:checking '/home/pritam/ros2_WS/install/talker_listener/lib/python3.10/site-packages'
[21.528s] Level 1:colcon.colcon_core.environment:checking '/home/pritam/ros2_WS/install/talker_listener/bin'
[21.529s] INFO:colcon.colcon_core.shell:Creating package script '/home/pritam/ros2_WS/install/talker_listener/share/talker_listener/package.ps1'
[21.529s] INFO:colcon.colcon_core.shell:Creating package descriptor '/home/pritam/ros2_WS/install/talker_listener/share/talker_listener/package.dsv'
[21.529s] INFO:colcon.colcon_core.shell:Creating package script '/home/pritam/ros2_WS/install/talker_listener/share/talker_listener/package.sh'
[21.530s] INFO:colcon.colcon_core.shell:Creating package script '/home/pritam/ros2_WS/install/talker_listener/share/talker_listener/package.bash'
[21.530s] INFO:colcon.colcon_core.shell:Creating package script '/home/pritam/ros2_WS/install/talker_listener/share/talker_listener/package.zsh'
[21.530s] Level 1:colcon.colcon_core.environment:create_file_with_runtime_dependencies(/home/pritam/ros2_WS/install/talker_listener/share/colcon-core/packages/talker_listener)
[21.531s] Level 1:colcon.colcon_core.environment:create_environment_scripts_only(talker_listener)
[21.531s] Level 1:colcon.colcon_core.environment:checking '/home/pritam/ros2_WS/install/talker_listener' for CMake module files
[21.531s] Level 1:colcon.colcon_core.environment:checking '/home/pritam/ros2_WS/install/talker_listener' for CMake config files
[21.532s] Level 1:colcon.colcon_core.shell:create_environment_hook('talker_listener', 'cmake_prefix_path')
[21.532s] INFO:colcon.colcon_core.shell:Creating environment hook '/home/pritam/ros2_WS/install/talker_listener/share/talker_listener/hook/cmake_prefix_path.ps1'
[21.532s] INFO:colcon.colcon_core.shell:Creating environment descriptor '/home/pritam/ros2_WS/install/talker_listener/share/talker_listener/hook/cmake_prefix_path.dsv'
[21.532s] INFO:colcon.colcon_core.shell:Creating environment hook '/home/pritam/ros2_WS/install/talker_listener/share/talker_listener/hook/cmake_prefix_path.sh'
[21.533s] Level 1:colcon.colcon_core.environment:checking '/home/pritam/ros2_WS/install/talker_listener/lib'
[21.533s] Level 1:colcon.colcon_core.environment:checking '/home/pritam/ros2_WS/install/talker_listener/bin'
[21.533s] Level 1:colcon.colcon_core.environment:checking '/home/pritam/ros2_WS/install/talker_listener/lib/pkgconfig/talker_listener.pc'
[21.533s] Level 1:colcon.colcon_core.environment:checking '/home/pritam/ros2_WS/install/talker_listener/lib/python3.10/site-packages'
[21.533s] Level 1:colcon.colcon_core.environment:checking '/home/pritam/ros2_WS/install/talker_listener/bin'
[21.534s] INFO:colcon.colcon_core.shell:Creating package script '/home/pritam/ros2_WS/install/talker_listener/share/talker_listener/package.ps1'
[21.534s] INFO:colcon.colcon_core.shell:Creating package descriptor '/home/pritam/ros2_WS/install/talker_listener/share/talker_listener/package.dsv'
[21.534s] INFO:colcon.colcon_core.shell:Creating package script '/home/pritam/ros2_WS/install/talker_listener/share/talker_listener/package.sh'
[21.535s] INFO:colcon.colcon_core.shell:Creating package script '/home/pritam/ros2_WS/install/talker_listener/share/talker_listener/package.bash'
[21.535s] INFO:colcon.colcon_core.shell:Creating package script '/home/pritam/ros2_WS/install/talker_listener/share/talker_listener/package.zsh'
[21.535s] Level 1:colcon.colcon_core.environment:create_file_with_runtime_dependencies(/home/pritam/ros2_WS/install/talker_listener/share/colcon-core/packages/talker_listener)
[21.536s] DEBUG:colcon.colcon_parallel_executor.executor.parallel:closing loop
[21.536s] DEBUG:colcon.colcon_parallel_executor.executor.parallel:loop closed
[21.536s] DEBUG:colcon.colcon_parallel_executor.executor.parallel:run_until_complete finished with '0'
[21.537s] DEBUG:colcon.colcon_core.event_reactor:joining thread
[21.584s] INFO:colcon.colcon_core.plugin_system:Skipping extension 'colcon_notification.desktop_notification.notify_send': Could not find 'notify-send'
[21.584s] INFO:colcon.colcon_core.plugin_system:Skipping extension 'colcon_notification.desktop_notification.terminal_notifier': Not used on non-Darwin systems
[21.584s] INFO:colcon.colcon_core.plugin_system:Skipping extension 'colcon_notification.desktop_notification.win32': Not used on non-Windows systems
[21.584s] INFO:colcon.colcon_notification.desktop_notification:Sending desktop notification using 'notify2'
[21.585s] DEBUG:colcon.colcon_notification.desktop_notification.notify2:Failed to initialize notify2: org.freedesktop.DBus.Error.FileNotFound: Failed to connect to socket /run/user/1000/bus: No such file or directory
[21.585s] DEBUG:colcon.colcon_core.event_reactor:joined thread
[21.585s] INFO:colcon.colcon_core.shell:Creating prefix script '/home/pritam/ros2_WS/install/local_setup.ps1'
[21.586s] INFO:colcon.colcon_core.shell:Creating prefix util module '/home/pritam/ros2_WS/install/_local_setup_util_ps1.py'
[21.588s] INFO:colcon.colcon_core.shell:Creating prefix chain script '/home/pritam/ros2_WS/install/setup.ps1'
[21.590s] INFO:colcon.colcon_core.shell:Creating prefix script '/home/pritam/ros2_WS/install/local_setup.sh'
[21.590s] INFO:colcon.colcon_core.shell:Creating prefix util module '/home/pritam/ros2_WS/install/_local_setup_util_sh.py'
[21.591s] INFO:colcon.colcon_core.shell:Creating prefix chain script '/home/pritam/ros2_WS/install/setup.sh'
[21.592s] INFO:colcon.colcon_core.shell:Creating prefix script '/home/pritam/ros2_WS/install/local_setup.bash'
[21.593s] INFO:colcon.colcon_core.shell:Creating prefix chain script '/home/pritam/ros2_WS/install/setup.bash'
[21.594s] INFO:colcon.colcon_core.shell:Creating prefix script '/home/pritam/ros2_WS/install/local_setup.zsh'
[21.595s] INFO:colcon.colcon_core.shell:Creating prefix chain script '/home/pritam/ros2_WS/install/setup.zsh'
