[0.106s] Invoking command in '/home/pritam/ros2_WS/build/custom_interfaces': CMAKE_PREFIX_PATH=${CMAKE_PREFIX_PATH}:/home/pritam/ros2_WS/install/pub_sub:/home/pritam/ros2_WS/install/add_integers:/opt/ros/humble /usr/bin/cmake --build /home/pritam/ros2_WS/build/custom_interfaces -- -j12 -l12
[0.484s] [  3%] Built target custom_interfaces__cpp
[0.486s] [ 12%] Built target custom_interfaces__rosidl_generator_c
[0.486s] [ 12%] Built target ament_cmake_python_copy_custom_interfaces
[0.487s] [ 29%] Built target custom_interfaces__rosidl_typesupport_introspection_cpp
[0.487s] [ 32%] Built target custom_interfaces__rosidl_typesupport_cpp
[0.488s] [ 41%] Built target custom_interfaces__rosidl_typesupport_c
[0.488s] [ 51%] Built target custom_interfaces__rosidl_typesupport_introspection_c
[0.488s] [ 61%] Built target custom_interfaces__rosidl_typesupport_fastrtps_c
[0.488s] [ 70%] Built target custom_interfaces__rosidl_typesupport_fastrtps_cpp
[0.488s] [ 70%] Built target custom_interfaces
[0.489s] [ 74%] Built target custom_interfaces__py
[0.489s] [ 80%] Built target custom_interfaces__rosidl_generator_py
[0.497s] [ 87%] Built target custom_interfaces__rosidl_typesupport_c__pyext
[0.497s] [ 93%] Built target custom_interfaces__rosidl_typesupport_introspection_c__pyext
[0.498s] [100%] Built target custom_interfaces__rosidl_typesupport_fastrtps_c__pyext
[0.635s] running egg_info
[0.636s] writing custom_interfaces.egg-info/PKG-INFO
[0.637s] writing dependency_links to custom_interfaces.egg-info/dependency_links.txt
[0.637s] writing top-level names to custom_interfaces.egg-info/top_level.txt
[0.641s] reading manifest file 'custom_interfaces.egg-info/SOURCES.txt'
[0.643s] writing manifest file 'custom_interfaces.egg-info/SOURCES.txt'
[0.672s] [100%] Built target ament_cmake_python_build_custom_interfaces_egg
[0.699s] Invoked command in '/home/pritam/ros2_WS/build/custom_interfaces' returned '0': CMAKE_PREFIX_PATH=${CMAKE_PREFIX_PATH}:/home/pritam/ros2_WS/install/pub_sub:/home/pritam/ros2_WS/install/add_integers:/opt/ros/humble /usr/bin/cmake --build /home/pritam/ros2_WS/build/custom_interfaces -- -j12 -l12
[0.706s] Invoking command in '/home/pritam/ros2_WS/build/custom_interfaces': CMAKE_PREFIX_PATH=${CMAKE_PREFIX_PATH}:/home/pritam/ros2_WS/install/pub_sub:/home/pritam/ros2_WS/install/add_integers:/opt/ros/humble /usr/bin/cmake --install /home/pritam/ros2_WS/build/custom_interfaces
[0.715s] -- Install configuration: ""
[0.716s] -- Up-to-date: /home/pritam/ros2_WS/install/custom_interfaces/share/ament_index/resource_index/rosidl_interfaces/custom_interfaces
[0.717s] -- Up-to-date: /home/pritam/ros2_WS/install/custom_interfaces/include/custom_interfaces/custom_interfaces
[0.717s] -- Up-to-date: /home/pritam/ros2_WS/install/custom_interfaces/include/custom_interfaces/custom_interfaces/msg
[0.718s] -- Up-to-date: /home/pritam/ros2_WS/install/custom_interfaces/include/custom_interfaces/custom_interfaces/msg/rosidl_generator_c__visibility_control.h
[0.718s] -- Up-to-date: /home/pritam/ros2_WS/install/custom_interfaces/include/custom_interfaces/custom_interfaces/srv
[0.719s] -- Up-to-date: /home/pritam/ros2_WS/install/custom_interfaces/include/custom_interfaces/custom_interfaces/srv/detail
[0.719s] -- Up-to-date: /home/pritam/ros2_WS/install/custom_interfaces/include/custom_interfaces/custom_interfaces/srv/detail/add_two_ints__functions.h
[0.719s] -- Up-to-date: /home/pritam/ros2_WS/install/custom_interfaces/include/custom_interfaces/custom_interfaces/srv/detail/add_two_ints__struct.h
[0.720s] -- Up-to-date: /home/pritam/ros2_WS/install/custom_interfaces/include/custom_interfaces/custom_interfaces/srv/detail/add_two_ints__type_support.h
[0.720s] -- Up-to-date: /home/pritam/ros2_WS/install/custom_interfaces/include/custom_interfaces/custom_interfaces/srv/detail/add_two_ints__functions.c
[0.720s] -- Up-to-date: /home/pritam/ros2_WS/install/custom_interfaces/include/custom_interfaces/custom_interfaces/srv/add_two_ints.h
[0.721s] -- Up-to-date: /home/pritam/ros2_WS/install/custom_interfaces/share/custom_interfaces/environment/library_path.sh
[0.721s] -- Up-to-date: /home/pritam/ros2_WS/install/custom_interfaces/share/custom_interfaces/environment/library_path.dsv
[0.722s] -- Up-to-date: /home/pritam/ros2_WS/install/custom_interfaces/lib/libcustom_interfaces__rosidl_generator_c.so
[0.722s] -- Up-to-date: /home/pritam/ros2_WS/install/custom_interfaces/include/custom_interfaces/custom_interfaces
[0.723s] -- Up-to-date: /home/pritam/ros2_WS/install/custom_interfaces/include/custom_interfaces/custom_interfaces/msg
[0.723s] -- Up-to-date: /home/pritam/ros2_WS/install/custom_interfaces/include/custom_interfaces/custom_interfaces/msg/rosidl_typesupport_fastrtps_c__visibility_control.h
[0.723s] -- Up-to-date: /home/pritam/ros2_WS/install/custom_interfaces/include/custom_interfaces/custom_interfaces/srv
[0.723s] -- Up-to-date: /home/pritam/ros2_WS/install/custom_interfaces/include/custom_interfaces/custom_interfaces/srv/detail
[0.723s] -- Up-to-date: /home/pritam/ros2_WS/install/custom_interfaces/include/custom_interfaces/custom_interfaces/srv/detail/add_two_ints__rosidl_typesupport_fastrtps_c.h
[0.723s] -- Up-to-date: /home/pritam/ros2_WS/install/custom_interfaces/lib/libcustom_interfaces__rosidl_typesupport_fastrtps_c.so
[0.723s] -- Up-to-date: /home/pritam/ros2_WS/install/custom_interfaces/include/custom_interfaces/custom_interfaces
[0.724s] -- Up-to-date: /home/pritam/ros2_WS/install/custom_interfaces/include/custom_interfaces/custom_interfaces/msg
[0.724s] -- Up-to-date: /home/pritam/ros2_WS/install/custom_interfaces/include/custom_interfaces/custom_interfaces/msg/rosidl_typesupport_introspection_c__visibility_control.h
[0.724s] -- Up-to-date: /home/pritam/ros2_WS/install/custom_interfaces/include/custom_interfaces/custom_interfaces/srv
[0.724s] -- Up-to-date: /home/pritam/ros2_WS/install/custom_interfaces/include/custom_interfaces/custom_interfaces/srv/detail
[0.724s] -- Up-to-date: /home/pritam/ros2_WS/install/custom_interfaces/include/custom_interfaces/custom_interfaces/srv/detail/add_two_ints__rosidl_typesupport_introspection_c.h
[0.724s] -- Up-to-date: /home/pritam/ros2_WS/install/custom_interfaces/include/custom_interfaces/custom_interfaces/srv/detail/add_two_ints__type_support.c
[0.724s] -- Up-to-date: /home/pritam/ros2_WS/install/custom_interfaces/lib/libcustom_interfaces__rosidl_typesupport_introspection_c.so
[0.725s] -- Up-to-date: /home/pritam/ros2_WS/install/custom_interfaces/lib/libcustom_interfaces__rosidl_typesupport_c.so
[0.725s] -- Up-to-date: /home/pritam/ros2_WS/install/custom_interfaces/include/custom_interfaces/custom_interfaces
[0.725s] -- Up-to-date: /home/pritam/ros2_WS/install/custom_interfaces/include/custom_interfaces/custom_interfaces/msg
[0.725s] -- Up-to-date: /home/pritam/ros2_WS/install/custom_interfaces/include/custom_interfaces/custom_interfaces/msg/rosidl_generator_cpp__visibility_control.hpp
[0.726s] -- Up-to-date: /home/pritam/ros2_WS/install/custom_interfaces/include/custom_interfaces/custom_interfaces/srv
[0.726s] -- Up-to-date: /home/pritam/ros2_WS/install/custom_interfaces/include/custom_interfaces/custom_interfaces/srv/add_two_ints.hpp
[0.726s] -- Up-to-date: /home/pritam/ros2_WS/install/custom_interfaces/include/custom_interfaces/custom_interfaces/srv/detail
[0.726s] -- Up-to-date: /home/pritam/ros2_WS/install/custom_interfaces/include/custom_interfaces/custom_interfaces/srv/detail/add_two_ints__traits.hpp
[0.726s] -- Up-to-date: /home/pritam/ros2_WS/install/custom_interfaces/include/custom_interfaces/custom_interfaces/srv/detail/add_two_ints__struct.hpp
[0.726s] -- Up-to-date: /home/pritam/ros2_WS/install/custom_interfaces/include/custom_interfaces/custom_interfaces/srv/detail/add_two_ints__builder.hpp
[0.726s] -- Up-to-date: /home/pritam/ros2_WS/install/custom_interfaces/include/custom_interfaces/custom_interfaces/srv/detail/add_two_ints__type_support.hpp
[0.726s] -- Up-to-date: /home/pritam/ros2_WS/install/custom_interfaces/include/custom_interfaces/custom_interfaces
[0.726s] -- Up-to-date: /home/pritam/ros2_WS/install/custom_interfaces/include/custom_interfaces/custom_interfaces/msg
[0.726s] -- Up-to-date: /home/pritam/ros2_WS/install/custom_interfaces/include/custom_interfaces/custom_interfaces/msg/rosidl_typesupport_fastrtps_cpp__visibility_control.h
[0.726s] -- Up-to-date: /home/pritam/ros2_WS/install/custom_interfaces/include/custom_interfaces/custom_interfaces/srv
[0.726s] -- Up-to-date: /home/pritam/ros2_WS/install/custom_interfaces/include/custom_interfaces/custom_interfaces/srv/detail
[0.726s] -- Up-to-date: /home/pritam/ros2_WS/install/custom_interfaces/include/custom_interfaces/custom_interfaces/srv/detail/add_two_ints__rosidl_typesupport_fastrtps_cpp.hpp
[0.726s] -- Up-to-date: /home/pritam/ros2_WS/install/custom_interfaces/include/custom_interfaces/custom_interfaces/srv/detail/dds_fastrtps
[0.727s] -- Up-to-date: /home/pritam/ros2_WS/install/custom_interfaces/lib/libcustom_interfaces__rosidl_typesupport_fastrtps_cpp.so
[0.727s] -- Up-to-date: /home/pritam/ros2_WS/install/custom_interfaces/include/custom_interfaces/custom_interfaces
[0.727s] -- Up-to-date: /home/pritam/ros2_WS/install/custom_interfaces/include/custom_interfaces/custom_interfaces/srv
[0.727s] -- Up-to-date: /home/pritam/ros2_WS/install/custom_interfaces/include/custom_interfaces/custom_interfaces/srv/detail
[0.727s] -- Up-to-date: /home/pritam/ros2_WS/install/custom_interfaces/include/custom_interfaces/custom_interfaces/srv/detail/add_two_ints__type_support.cpp
[0.727s] -- Up-to-date: /home/pritam/ros2_WS/install/custom_interfaces/include/custom_interfaces/custom_interfaces/srv/detail/add_two_ints__rosidl_typesupport_introspection_cpp.hpp
[0.728s] -- Up-to-date: /home/pritam/ros2_WS/install/custom_interfaces/lib/libcustom_interfaces__rosidl_typesupport_introspection_cpp.so
[0.729s] -- Up-to-date: /home/pritam/ros2_WS/install/custom_interfaces/lib/libcustom_interfaces__rosidl_typesupport_cpp.so
[0.729s] -- Up-to-date: /home/pritam/ros2_WS/install/custom_interfaces/share/custom_interfaces/environment/pythonpath.sh
[0.729s] -- Up-to-date: /home/pritam/ros2_WS/install/custom_interfaces/share/custom_interfaces/environment/pythonpath.dsv
[0.729s] -- Up-to-date: /home/pritam/ros2_WS/install/custom_interfaces/local/lib/python3.10/dist-packages/custom_interfaces-0.0.0-py3.10.egg-info
[0.729s] -- Installing: /home/pritam/ros2_WS/install/custom_interfaces/local/lib/python3.10/dist-packages/custom_interfaces-0.0.0-py3.10.egg-info/top_level.txt
[0.730s] -- Installing: /home/pritam/ros2_WS/install/custom_interfaces/local/lib/python3.10/dist-packages/custom_interfaces-0.0.0-py3.10.egg-info/PKG-INFO
[0.730s] -- Installing: /home/pritam/ros2_WS/install/custom_interfaces/local/lib/python3.10/dist-packages/custom_interfaces-0.0.0-py3.10.egg-info/dependency_links.txt
[0.730s] -- Installing: /home/pritam/ros2_WS/install/custom_interfaces/local/lib/python3.10/dist-packages/custom_interfaces-0.0.0-py3.10.egg-info/SOURCES.txt
[0.730s] -- Up-to-date: /home/pritam/ros2_WS/install/custom_interfaces/local/lib/python3.10/dist-packages/custom_interfaces
[0.730s] -- Up-to-date: /home/pritam/ros2_WS/install/custom_interfaces/local/lib/python3.10/dist-packages/custom_interfaces/__init__.py
[0.732s] -- Up-to-date: /home/pritam/ros2_WS/install/custom_interfaces/local/lib/python3.10/dist-packages/custom_interfaces/custom_interfaces_s__rosidl_typesupport_fastrtps_c.cpython-310-x86_64-linux-gnu.so
[0.732s] -- Up-to-date: /home/pritam/ros2_WS/install/custom_interfaces/local/lib/python3.10/dist-packages/custom_interfaces/_custom_interfaces_s.ep.rosidl_typesupport_c.c
[0.732s] -- Up-to-date: /home/pritam/ros2_WS/install/custom_interfaces/local/lib/python3.10/dist-packages/custom_interfaces/_custom_interfaces_s.ep.rosidl_typesupport_introspection_c.c
[0.733s] -- Up-to-date: /home/pritam/ros2_WS/install/custom_interfaces/local/lib/python3.10/dist-packages/custom_interfaces/srv
[0.733s] -- Up-to-date: /home/pritam/ros2_WS/install/custom_interfaces/local/lib/python3.10/dist-packages/custom_interfaces/srv/__init__.py
[0.733s] -- Up-to-date: /home/pritam/ros2_WS/install/custom_interfaces/local/lib/python3.10/dist-packages/custom_interfaces/srv/_add_two_ints.py
[0.733s] -- Up-to-date: /home/pritam/ros2_WS/install/custom_interfaces/local/lib/python3.10/dist-packages/custom_interfaces/srv/_add_two_ints_s.c
[0.733s] -- Up-to-date: /home/pritam/ros2_WS/install/custom_interfaces/local/lib/python3.10/dist-packages/custom_interfaces/_custom_interfaces_s.ep.rosidl_typesupport_fastrtps_c.c
[0.733s] -- Up-to-date: /home/pritam/ros2_WS/install/custom_interfaces/local/lib/python3.10/dist-packages/custom_interfaces/custom_interfaces_s__rosidl_typesupport_introspection_c.cpython-310-x86_64-linux-gnu.so
[0.733s] -- Up-to-date: /home/pritam/ros2_WS/install/custom_interfaces/local/lib/python3.10/dist-packages/custom_interfaces/custom_interfaces_s__rosidl_typesupport_c.cpython-310-x86_64-linux-gnu.so
[0.733s] -- Up-to-date: /home/pritam/ros2_WS/install/custom_interfaces/local/lib/python3.10/dist-packages/custom_interfaces/libcustom_interfaces__rosidl_generator_py.so
[0.771s] Listing '/home/pritam/ros2_WS/install/custom_interfaces/local/lib/python3.10/dist-packages/custom_interfaces'...
[0.771s] Listing '/home/pritam/ros2_WS/install/custom_interfaces/local/lib/python3.10/dist-packages/custom_interfaces/srv'...
[0.777s] -- Up-to-date: /home/pritam/ros2_WS/install/custom_interfaces/local/lib/python3.10/dist-packages/custom_interfaces/custom_interfaces_s__rosidl_typesupport_fastrtps_c.cpython-310-x86_64-linux-gnu.so
[0.777s] -- Up-to-date: /home/pritam/ros2_WS/install/custom_interfaces/local/lib/python3.10/dist-packages/custom_interfaces/custom_interfaces_s__rosidl_typesupport_introspection_c.cpython-310-x86_64-linux-gnu.so
[0.778s] -- Up-to-date: /home/pritam/ros2_WS/install/custom_interfaces/local/lib/python3.10/dist-packages/custom_interfaces/custom_interfaces_s__rosidl_typesupport_c.cpython-310-x86_64-linux-gnu.so
[0.778s] -- Up-to-date: /home/pritam/ros2_WS/install/custom_interfaces/lib/libcustom_interfaces__rosidl_generator_py.so
[0.779s] -- Up-to-date: /home/pritam/ros2_WS/install/custom_interfaces/share/custom_interfaces/srv/AddTwoInts.idl
[0.779s] -- Up-to-date: /home/pritam/ros2_WS/install/custom_interfaces/share/custom_interfaces/srv/AddTwoInts.srv
[0.779s] -- Up-to-date: /home/pritam/ros2_WS/install/custom_interfaces/share/custom_interfaces/srv/AddTwoInts_Request.msg
[0.779s] -- Up-to-date: /home/pritam/ros2_WS/install/custom_interfaces/share/custom_interfaces/srv/AddTwoInts_Response.msg
[0.779s] -- Up-to-date: /home/pritam/ros2_WS/install/custom_interfaces/share/ament_index/resource_index/package_run_dependencies/custom_interfaces
[0.780s] -- Up-to-date: /home/pritam/ros2_WS/install/custom_interfaces/share/ament_index/resource_index/parent_prefix_path/custom_interfaces
[0.780s] -- Up-to-date: /home/pritam/ros2_WS/install/custom_interfaces/share/custom_interfaces/environment/ament_prefix_path.sh
[0.780s] -- Up-to-date: /home/pritam/ros2_WS/install/custom_interfaces/share/custom_interfaces/environment/ament_prefix_path.dsv
[0.780s] -- Up-to-date: /home/pritam/ros2_WS/install/custom_interfaces/share/custom_interfaces/environment/path.sh
[0.780s] -- Up-to-date: /home/pritam/ros2_WS/install/custom_interfaces/share/custom_interfaces/environment/path.dsv
[0.780s] -- Up-to-date: /home/pritam/ros2_WS/install/custom_interfaces/share/custom_interfaces/local_setup.bash
[0.781s] -- Up-to-date: /home/pritam/ros2_WS/install/custom_interfaces/share/custom_interfaces/local_setup.sh
[0.781s] -- Up-to-date: /home/pritam/ros2_WS/install/custom_interfaces/share/custom_interfaces/local_setup.zsh
[0.781s] -- Up-to-date: /home/pritam/ros2_WS/install/custom_interfaces/share/custom_interfaces/local_setup.dsv
[0.781s] -- Installing: /home/pritam/ros2_WS/install/custom_interfaces/share/custom_interfaces/package.dsv
[0.781s] -- Up-to-date: /home/pritam/ros2_WS/install/custom_interfaces/share/ament_index/resource_index/packages/custom_interfaces
[0.782s] -- Up-to-date: /home/pritam/ros2_WS/install/custom_interfaces/share/custom_interfaces/cmake/export_custom_interfaces__rosidl_generator_cExport.cmake
[0.782s] -- Up-to-date: /home/pritam/ros2_WS/install/custom_interfaces/share/custom_interfaces/cmake/export_custom_interfaces__rosidl_generator_cExport-noconfig.cmake
[0.783s] -- Up-to-date: /home/pritam/ros2_WS/install/custom_interfaces/share/custom_interfaces/cmake/export_custom_interfaces__rosidl_typesupport_fastrtps_cExport.cmake
[0.783s] -- Up-to-date: /home/pritam/ros2_WS/install/custom_interfaces/share/custom_interfaces/cmake/export_custom_interfaces__rosidl_typesupport_fastrtps_cExport-noconfig.cmake
[0.783s] -- Up-to-date: /home/pritam/ros2_WS/install/custom_interfaces/share/custom_interfaces/cmake/custom_interfaces__rosidl_typesupport_introspection_cExport.cmake
[0.783s] -- Up-to-date: /home/pritam/ros2_WS/install/custom_interfaces/share/custom_interfaces/cmake/custom_interfaces__rosidl_typesupport_introspection_cExport-noconfig.cmake
[0.784s] -- Up-to-date: /home/pritam/ros2_WS/install/custom_interfaces/share/custom_interfaces/cmake/custom_interfaces__rosidl_typesupport_cExport.cmake
[0.784s] -- Up-to-date: /home/pritam/ros2_WS/install/custom_interfaces/share/custom_interfaces/cmake/custom_interfaces__rosidl_typesupport_cExport-noconfig.cmake
[0.785s] -- Up-to-date: /home/pritam/ros2_WS/install/custom_interfaces/share/custom_interfaces/cmake/export_custom_interfaces__rosidl_generator_cppExport.cmake
[0.785s] -- Up-to-date: /home/pritam/ros2_WS/install/custom_interfaces/share/custom_interfaces/cmake/export_custom_interfaces__rosidl_typesupport_fastrtps_cppExport.cmake
[0.785s] -- Up-to-date: /home/pritam/ros2_WS/install/custom_interfaces/share/custom_interfaces/cmake/export_custom_interfaces__rosidl_typesupport_fastrtps_cppExport-noconfig.cmake
[0.786s] -- Up-to-date: /home/pritam/ros2_WS/install/custom_interfaces/share/custom_interfaces/cmake/custom_interfaces__rosidl_typesupport_introspection_cppExport.cmake
[0.786s] -- Up-to-date: /home/pritam/ros2_WS/install/custom_interfaces/share/custom_interfaces/cmake/custom_interfaces__rosidl_typesupport_introspection_cppExport-noconfig.cmake
[0.787s] -- Up-to-date: /home/pritam/ros2_WS/install/custom_interfaces/share/custom_interfaces/cmake/custom_interfaces__rosidl_typesupport_cppExport.cmake
[0.787s] -- Up-to-date: /home/pritam/ros2_WS/install/custom_interfaces/share/custom_interfaces/cmake/custom_interfaces__rosidl_typesupport_cppExport-noconfig.cmake
[0.788s] -- Up-to-date: /home/pritam/ros2_WS/install/custom_interfaces/share/custom_interfaces/cmake/export_custom_interfaces__rosidl_generator_pyExport.cmake
[0.789s] -- Up-to-date: /home/pritam/ros2_WS/install/custom_interfaces/share/custom_interfaces/cmake/export_custom_interfaces__rosidl_generator_pyExport-noconfig.cmake
[0.789s] -- Up-to-date: /home/pritam/ros2_WS/install/custom_interfaces/share/custom_interfaces/cmake/rosidl_cmake-extras.cmake
[0.789s] -- Up-to-date: /home/pritam/ros2_WS/install/custom_interfaces/share/custom_interfaces/cmake/ament_cmake_export_include_directories-extras.cmake
[0.790s] -- Up-to-date: /home/pritam/ros2_WS/install/custom_interfaces/share/custom_interfaces/cmake/ament_cmake_export_libraries-extras.cmake
[0.790s] -- Up-to-date: /home/pritam/ros2_WS/install/custom_interfaces/share/custom_interfaces/cmake/ament_cmake_export_targets-extras.cmake
[0.790s] -- Up-to-date: /home/pritam/ros2_WS/install/custom_interfaces/share/custom_interfaces/cmake/rosidl_cmake_export_typesupport_targets-extras.cmake
[0.790s] -- Up-to-date: /home/pritam/ros2_WS/install/custom_interfaces/share/custom_interfaces/cmake/ament_cmake_export_dependencies-extras.cmake
[0.790s] -- Up-to-date: /home/pritam/ros2_WS/install/custom_interfaces/share/custom_interfaces/cmake/rosidl_cmake_export_typesupport_libraries-extras.cmake
[0.790s] -- Up-to-date: /home/pritam/ros2_WS/install/custom_interfaces/share/custom_interfaces/cmake/custom_interfacesConfig.cmake
[0.790s] -- Up-to-date: /home/pritam/ros2_WS/install/custom_interfaces/share/custom_interfaces/cmake/custom_interfacesConfig-version.cmake
[0.790s] -- Up-to-date: /home/pritam/ros2_WS/install/custom_interfaces/share/custom_interfaces/package.xml
[0.794s] Invoked command in '/home/pritam/ros2_WS/build/custom_interfaces' returned '0': CMAKE_PREFIX_PATH=${CMAKE_PREFIX_PATH}:/home/pritam/ros2_WS/install/pub_sub:/home/pritam/ros2_WS/install/add_integers:/opt/ros/humble /usr/bin/cmake --install /home/pritam/ros2_WS/build/custom_interfaces
