[1.562s] Invoking command in '/home/pritam/ros2_WS/src/pub_sub': PYTHONPATH=/home/pritam/ros2_WS/build/pub_sub/prefix_override:/usr/lib/python3/dist-packages/colcon_core/task/python/colcon_distutils_commands:/home/pritam/ros2_WS/install/pub_sub/lib/python3.10/site-packages:${PYTHONPATH} /usr/bin/python3 -W ignore:setup.py install is deprecated -W ignore:easy_install command is deprecated setup.py egg_info --egg-base ../../build/pub_sub build --build-base /home/pritam/ros2_WS/build/pub_sub/build install --record /home/pritam/ros2_WS/build/pub_sub/install.log --single-version-externally-managed install_data
[2.015s] running egg_info
[2.016s] writing ../../build/pub_sub/pub_sub.egg-info/PKG-INFO
[2.019s] writing dependency_links to ../../build/pub_sub/pub_sub.egg-info/dependency_links.txt
[2.020s] writing entry points to ../../build/pub_sub/pub_sub.egg-info/entry_points.txt
[2.020s] writing requirements to ../../build/pub_sub/pub_sub.egg-info/requires.txt
[2.020s] writing top-level names to ../../build/pub_sub/pub_sub.egg-info/top_level.txt
[2.023s] reading manifest file '../../build/pub_sub/pub_sub.egg-info/SOURCES.txt'
[2.024s] writing manifest file '../../build/pub_sub/pub_sub.egg-info/SOURCES.txt'
[2.024s] running build
[2.024s] running build_py
[2.028s] running install
[2.029s] running install_lib
[2.034s] running install_data
[2.035s] creating /home/pritam/ros2_WS/install/pub_sub/share/pub_sub/launch
[2.036s] copying launch/talker_listener_launch.py -> /home/pritam/ros2_WS/install/pub_sub/share/pub_sub/launch/
[2.036s] running install_egg_info
[2.038s] removing '/home/pritam/ros2_WS/install/pub_sub/lib/python3.10/site-packages/pub_sub-0.0.0-py3.10.egg-info' (and everything under it)
[2.039s] Copying ../../build/pub_sub/pub_sub.egg-info to /home/pritam/ros2_WS/install/pub_sub/lib/python3.10/site-packages/pub_sub-0.0.0-py3.10.egg-info
[2.041s] running install_scripts
[2.066s] Installing listener script to /home/pritam/ros2_WS/install/pub_sub/lib/pub_sub
[2.067s] Installing talker script to /home/pritam/ros2_WS/install/pub_sub/lib/pub_sub
[2.068s] writing list of installed files to '/home/pritam/ros2_WS/build/pub_sub/install.log'
[2.104s] Invoked command in '/home/pritam/ros2_WS/src/pub_sub' returned '0': PYTHONPATH=/home/pritam/ros2_WS/build/pub_sub/prefix_override:/usr/lib/python3/dist-packages/colcon_core/task/python/colcon_distutils_commands:/home/pritam/ros2_WS/install/pub_sub/lib/python3.10/site-packages:${PYTHONPATH} /usr/bin/python3 -W ignore:setup.py install is deprecated -W ignore:easy_install command is deprecated setup.py egg_info --egg-base ../../build/pub_sub build --build-base /home/pritam/ros2_WS/build/pub_sub/build install --record /home/pritam/ros2_WS/build/pub_sub/install.log --single-version-externally-managed install_data
