[0.260s] Invoking command in '/home/pritam/ros2_WS/build/talker_listener': CMAKE_PREFIX_PATH=${CMAKE_PREFIX_PATH}:/home/pritam/ros2_WS/install/pub_sub:/opt/ros/humble /usr/bin/cmake /home/pritam/ros2_WS/src/talker_listener -DCMAKE_INSTALL_PREFIX=/home/pritam/ros2_WS/install/talker_listener
[0.392s] -- The C compiler identification is GNU 11.4.0
[0.951s] -- The CXX compiler identification is GNU 11.4.0
[1.341s] -- Detecting C compiler ABI info
[1.491s] -- Detecting C compiler ABI info - done
[1.497s] -- Check for working C compiler: /usr/bin/cc - skipped
[1.497s] -- Detecting C compile features
[1.498s] -- Detecting C compile features - done
[1.500s] -- Detecting CXX compiler ABI info
[1.665s] -- Detecting CXX compiler ABI info - done
[1.671s] -- Check for working CXX compiler: /usr/bin/c++ - skipped
[1.671s] -- Detecting CXX compile features
[1.672s] -- Detecting CXX compile features - done
[1.674s] -- Found ament_cmake: 1.3.12 (/opt/ros/humble/share/ament_cmake/cmake)
[1.810s] -- Found Python3: /usr/bin/python3 (found version "3.10.12") found components: Interpreter 
[1.890s] -- Found rclcpp: 16.0.15 (/opt/ros/humble/share/rclcpp/cmake)
[2.117s] -- Found rosidl_generator_c: 3.1.7 (/opt/ros/humble/share/rosidl_generator_c/cmake)
[2.124s] -- Found rosidl_adapter: 3.1.7 (/opt/ros/humble/share/rosidl_adapter/cmake)
[2.136s] -- Found rosidl_generator_cpp: 3.1.7 (/opt/ros/humble/share/rosidl_generator_cpp/cmake)
[2.156s] -- Using all available rosidl_typesupport_c: rosidl_typesupport_fastrtps_c;rosidl_typesupport_introspection_c
[2.176s] -- Using all available rosidl_typesupport_cpp: rosidl_typesupport_fastrtps_cpp;rosidl_typesupport_introspection_cpp
[2.238s] -- Found rmw_implementation_cmake: 6.1.2 (/opt/ros/humble/share/rmw_implementation_cmake/cmake)
[2.242s] -- Found rmw_fastrtps_cpp: 6.2.8 (/opt/ros/humble/share/rmw_fastrtps_cpp/cmake)
[3.757s] -- Found OpenSSL: /usr/lib/x86_64-linux-gnu/libcrypto.so (found version "3.0.2")  
[5.336s] -- Found FastRTPS: /opt/ros/humble/include  
[8.523s] -- Using RMW implementation 'rmw_fastrtps_cpp' as default
[8.544s] -- Looking for pthread.h
[8.743s] -- Looking for pthread.h - found
[8.744s] -- Performing Test CMAKE_HAVE_LIBC_PTHREAD
[8.955s] -- Performing Test CMAKE_HAVE_LIBC_PTHREAD - Success
[8.956s] -- Found Threads: TRUE  
[9.086s] -- Configuring done
[9.097s] -- Generating done
[9.102s] -- Build files have been written to: /home/pritam/ros2_WS/build/talker_listener
[9.111s] Invoked command in '/home/pritam/ros2_WS/build/talker_listener' returned '0': CMAKE_PREFIX_PATH=${CMAKE_PREFIX_PATH}:/home/pritam/ros2_WS/install/pub_sub:/opt/ros/humble /usr/bin/cmake /home/pritam/ros2_WS/src/talker_listener -DCMAKE_INSTALL_PREFIX=/home/pritam/ros2_WS/install/talker_listener
[9.113s] Invoking command in '/home/pritam/ros2_WS/build/talker_listener': CMAKE_PREFIX_PATH=${CMAKE_PREFIX_PATH}:/home/pritam/ros2_WS/install/pub_sub:/opt/ros/humble /usr/bin/cmake --build /home/pritam/ros2_WS/build/talker_listener -- -j12 -l12
[9.157s] [ 25%] [32mBuilding CXX object CMakeFiles/my_talker.dir/src/talker_node.cpp.o[0m
[9.158s] [ 50%] [32mBuilding CXX object CMakeFiles/my_listener.dir/src/listener_node.cpp.o[0m
[13.418s] [ 75%] [32m[1mLinking CXX executable my_talker[0m
[13.693s] [ 75%] Built target my_talker
[17.130s] [100%] [32m[1mLinking CXX executable my_listener[0m
[17.651s] [100%] Built target my_listener
[17.665s] Invoked command in '/home/pritam/ros2_WS/build/talker_listener' returned '0': CMAKE_PREFIX_PATH=${CMAKE_PREFIX_PATH}:/home/pritam/ros2_WS/install/pub_sub:/opt/ros/humble /usr/bin/cmake --build /home/pritam/ros2_WS/build/talker_listener -- -j12 -l12
[17.667s] Invoking command in '/home/pritam/ros2_WS/build/talker_listener': CMAKE_PREFIX_PATH=${CMAKE_PREFIX_PATH}:/home/pritam/ros2_WS/install/pub_sub:/opt/ros/humble /usr/bin/cmake --install /home/pritam/ros2_WS/build/talker_listener
[17.677s] -- Install configuration: ""
[17.677s] -- Installing: /home/pritam/ros2_WS/install/talker_listener/lib/talker_listener/my_talker
[17.679s] -- Set runtime path of "/home/pritam/ros2_WS/install/talker_listener/lib/talker_listener/my_talker" to ""
[17.680s] -- Installing: /home/pritam/ros2_WS/install/talker_listener/lib/talker_listener/my_listener
[17.682s] -- Set runtime path of "/home/pritam/ros2_WS/install/talker_listener/lib/talker_listener/my_listener" to ""
[17.683s] -- Installing: /home/pritam/ros2_WS/install/talker_listener/share/ament_index/resource_index/package_run_dependencies/talker_listener
[17.683s] -- Installing: /home/pritam/ros2_WS/install/talker_listener/share/ament_index/resource_index/parent_prefix_path/talker_listener
[17.683s] -- Up-to-date: /home/pritam/ros2_WS/install/talker_listener/share/talker_listener/environment/ament_prefix_path.sh
[17.683s] -- Installing: /home/pritam/ros2_WS/install/talker_listener/share/talker_listener/environment/ament_prefix_path.dsv
[17.683s] -- Up-to-date: /home/pritam/ros2_WS/install/talker_listener/share/talker_listener/environment/path.sh
[17.683s] -- Installing: /home/pritam/ros2_WS/install/talker_listener/share/talker_listener/environment/path.dsv
[17.684s] -- Installing: /home/pritam/ros2_WS/install/talker_listener/share/talker_listener/local_setup.bash
[17.684s] -- Installing: /home/pritam/ros2_WS/install/talker_listener/share/talker_listener/local_setup.sh
[17.684s] -- Installing: /home/pritam/ros2_WS/install/talker_listener/share/talker_listener/local_setup.zsh
[17.684s] -- Installing: /home/pritam/ros2_WS/install/talker_listener/share/talker_listener/local_setup.dsv
[17.684s] -- Installing: /home/pritam/ros2_WS/install/talker_listener/share/talker_listener/package.dsv
[17.684s] -- Installing: /home/pritam/ros2_WS/install/talker_listener/share/ament_index/resource_index/packages/talker_listener
[17.684s] -- Installing: /home/pritam/ros2_WS/install/talker_listener/share/talker_listener/cmake/talker_listenerConfig.cmake
[17.685s] -- Installing: /home/pritam/ros2_WS/install/talker_listener/share/talker_listener/cmake/talker_listenerConfig-version.cmake
[17.685s] -- Up-to-date: /home/pritam/ros2_WS/install/talker_listener/share/talker_listener/package.xml
[17.688s] Invoked command in '/home/pritam/ros2_WS/build/talker_listener' returned '0': CMAKE_PREFIX_PATH=${CMAKE_PREFIX_PATH}:/home/pritam/ros2_WS/install/pub_sub:/opt/ros/humble /usr/bin/cmake --install /home/pritam/ros2_WS/build/talker_listener
