[0.027s] Invoking command in '/home/pritam/ros2_WS/build/talker_listener': CMAKE_PREFIX_PATH=/opt/ros/humble /usr/bin/cmake /home/pritam/ros2_WS/src/talker_listener -DCMAKE_INSTALL_PREFIX=/home/pritam/ros2_WS/install/talker_listener
[0.458s] -- The C compiler identification is GNU 11.4.0
[0.968s] -- The CXX compiler identification is GNU 11.4.0
[1.263s] -- Detecting C compiler ABI info
[1.424s] -- Detecting C compiler ABI info - done
[1.430s] -- Check for working C compiler: /usr/bin/cc - skipped
[1.431s] -- Detecting C compile features
[1.432s] -- Detecting C compile features - done
[1.436s] -- Detecting CXX compiler ABI info
[1.564s] -- Detecting CXX compiler ABI info - done
[1.570s] -- Check for working CXX compiler: /usr/bin/c++ - skipped
[1.571s] -- Detecting CXX compile features
[1.571s] -- Detecting CXX compile features - done
[1.588s] -- Found ament_cmake: 1.3.12 (/opt/ros/humble/share/ament_cmake/cmake)
[1.733s] -- Found Python3: /usr/bin/python3 (found version "3.10.12") found components: Interpreter 
[1.868s] -- Found rclcpp: 16.0.15 (/opt/ros/humble/share/rclcpp/cmake)
[2.073s] -- Found rosidl_generator_c: 3.1.7 (/opt/ros/humble/share/rosidl_generator_c/cmake)
[2.079s] -- Found rosidl_adapter: 3.1.7 (/opt/ros/humble/share/rosidl_adapter/cmake)
[2.089s] -- Found rosidl_generator_cpp: 3.1.7 (/opt/ros/humble/share/rosidl_generator_cpp/cmake)
[2.111s] -- Using all available rosidl_typesupport_c: rosidl_typesupport_fastrtps_c;rosidl_typesupport_introspection_c
[2.140s] -- Using all available rosidl_typesupport_cpp: rosidl_typesupport_fastrtps_cpp;rosidl_typesupport_introspection_cpp
[2.202s] -- Found rmw_implementation_cmake: 6.1.2 (/opt/ros/humble/share/rmw_implementation_cmake/cmake)
[2.207s] -- Found rmw_fastrtps_cpp: 6.2.8 (/opt/ros/humble/share/rmw_fastrtps_cpp/cmake)
[3.681s] -- Found OpenSSL: /usr/lib/x86_64-linux-gnu/libcrypto.so (found version "3.0.2")  
[5.098s] -- Found FastRTPS: /opt/ros/humble/include  
[7.391s] -- Using RMW implementation 'rmw_fastrtps_cpp' as default
[7.402s] -- Looking for pthread.h
[7.559s] -- Looking for pthread.h - found
[7.559s] -- Performing Test CMAKE_HAVE_LIBC_PTHREAD
[7.700s] -- Performing Test CMAKE_HAVE_LIBC_PTHREAD - Success
[7.701s] -- Found Threads: TRUE  
[7.838s] -- Configuring done
[7.848s] -- Generating done
[7.851s] -- Build files have been written to: /home/pritam/ros2_WS/build/talker_listener
[7.859s] Invoked command in '/home/pritam/ros2_WS/build/talker_listener' returned '0': CMAKE_PREFIX_PATH=/opt/ros/humble /usr/bin/cmake /home/pritam/ros2_WS/src/talker_listener -DCMAKE_INSTALL_PREFIX=/home/pritam/ros2_WS/install/talker_listener
[7.861s] Invoking command in '/home/pritam/ros2_WS/build/talker_listener': CMAKE_PREFIX_PATH=/opt/ros/humble /usr/bin/cmake --build /home/pritam/ros2_WS/build/talker_listener -- -j12 -l12
[7.900s] [ 50%] [32mBuilding CXX object CMakeFiles/talker.dir/src/talker_node.cpp.o[0m
[10.342s] [01m[K/home/pritam/ros2_WS/src/talker_listener/src/talker_node.cpp:13:5:[m[K [01;31m[Kerror: [m[KISO C++ forbids declaration of ‘[01m[Kmy_talker[m[K’ with no type [[01;31m[K]8;;https://gcc.gnu.org/onlinedocs/gcc/Warning-Options.html#index-fpermissive-fpermissive]8;;[m[K]
[10.342s]    13 |     [01;31m[Kmy_talker[m[K() : Node("My_talker"), count_(0) {
[10.342s]       |     [01;31m[K^~~~~~~~~[m[K
[10.346s] [01m[K/home/pritam/ros2_WS/src/talker_listener/src/talker_node.cpp:[m[K In member function ‘[01m[Kint Talker_node::my_talker()[m[K’:
[10.346s] [01m[K/home/pritam/ros2_WS/src/talker_listener/src/talker_node.cpp:13:19:[m[K [01;31m[Kerror: [m[Konly constructors take member initializers
[10.347s]    13 |     my_talker() : [01;31m[KNode[m[K("My_talker"), count_(0) {
[10.347s]       |                   [01;31m[K^~~~[m[K
[10.357s] [01m[K/home/pritam/ros2_WS/src/talker_listener/src/talker_node.cpp:16:5:[m[K [01;35m[Kwarning: [m[Kno return statement in function returning non-void [[01;35m[K]8;;https://gcc.gnu.org/onlinedocs/gcc/Warning-Options.html#index-Wreturn-type-Wreturn-type]8;;[m[K]
[10.357s]    16 |     [01;35m[K}[m[K
[10.357s]       |     [01;35m[K^[m[K
[10.860s] In file included from [01m[K/usr/include/x86_64-linux-gnu/c++/11/bits/c++allocator.h:33[m[K,
[10.860s]                  from [01m[K/usr/include/c++/11/bits/allocator.h:46[m[K,
[10.860s]                  from [01m[K/usr/include/c++/11/unordered_map:40[m[K,
[10.860s]                  from [01m[K/usr/include/c++/11/functional:61[m[K,
[10.860s]                  from [01m[K/home/pritam/ros2_WS/src/talker_listener/src/talker_node.cpp:2[m[K:
[10.861s] /usr/include/c++/11/ext/new_allocator.h: In instantiation of ‘[01m[Kvoid __gnu_cxx::new_allocator<_Tp>::construct(_Up*, _Args&& ...) [with _Up = Talker_node; _Args = {}; _Tp = Talker_node][m[K’:
[10.861s] [01m[K/usr/include/c++/11/bits/alloc_traits.h:516:17:[m[K   required from ‘[01m[Kstatic void std::allocator_traits<std::allocator<_Tp1> >::construct(std::allocator_traits<std::allocator<_Tp1> >::allocator_type&, _Up*, _Args&& ...) [with _Up = Talker_node; _Args = {}; _Tp = Talker_node; std::allocator_traits<std::allocator<_Tp1> >::allocator_type = std::allocator<Talker_node>][m[K’
[10.861s] [01m[K/usr/include/c++/11/bits/shared_ptr_base.h:519:39:[m[K   required from ‘[01m[Kstd::_Sp_counted_ptr_inplace<_Tp, _Alloc, _Lp>::_Sp_counted_ptr_inplace(_Alloc, _Args&& ...) [with _Args = {}; _Tp = Talker_node; _Alloc = std::allocator<Talker_node>; __gnu_cxx::_Lock_policy _Lp = __gnu_cxx::_S_atomic][m[K’
[10.861s] [01m[K/usr/include/c++/11/bits/shared_ptr_base.h:650:16:[m[K   required from ‘[01m[Kstd::__shared_count<_Lp>::__shared_count(_Tp*&, std::_Sp_alloc_shared_tag<_Alloc>, _Args&& ...) [with _Tp = Talker_node; _Alloc = std::allocator<Talker_node>; _Args = {}; __gnu_cxx::_Lock_policy _Lp = __gnu_cxx::_S_atomic][m[K’
[10.861s] [01m[K/usr/include/c++/11/bits/shared_ptr_base.h:1342:14:[m[K   required from ‘[01m[Kstd::__shared_ptr<_Tp, _Lp>::__shared_ptr(std::_Sp_alloc_shared_tag<_Tp>, _Args&& ...) [with _Alloc = std::allocator<Talker_node>; _Args = {}; _Tp = Talker_node; __gnu_cxx::_Lock_policy _Lp = __gnu_cxx::_S_atomic][m[K’
[10.861s] [01m[K/usr/include/c++/11/bits/shared_ptr.h:409:59:[m[K   required from ‘[01m[Kstd::shared_ptr<_Tp>::shared_ptr(std::_Sp_alloc_shared_tag<_Tp>, _Args&& ...) [with _Alloc = std::allocator<Talker_node>; _Args = {}; _Tp = Talker_node][m[K’
[10.861s] [01m[K/usr/include/c++/11/bits/shared_ptr.h:862:14:[m[K   required from ‘[01m[Kstd::shared_ptr<_Tp> std::allocate_shared(const _Alloc&, _Args&& ...) [with _Tp = Talker_node; _Alloc = std::allocator<Talker_node>; _Args = {}][m[K’
[10.861s] [01m[K/usr/include/c++/11/bits/shared_ptr.h:878:39:[m[K   required from ‘[01m[Kstd::shared_ptr<_Tp> std::make_shared(_Args&& ...) [with _Tp = Talker_node; _Args = {}][m[K’
[10.861s] [01m[K/home/pritam/ros2_WS/src/talker_listener/src/talker_node.cpp:32:45:[m[K   required from here
[10.861s] [01m[K/usr/include/c++/11/ext/new_allocator.h:162:11:[m[K [01;31m[Kerror: [m[Kuse of deleted function ‘[01m[KTalker_node::Talker_node()[m[K’
[10.861s]   162 |         { [01;31m[K::new((void *)__p) _Up(std::forward<_Args>(__args)...)[m[K; }
[10.861s]       |           [01;31m[K^~~~~~~~~~~~~~~~~~~~~~~~~~~~~~~~~~~~~~~~~~~~~~~~~~~~~~[m[K
[10.861s] [01m[K/home/pritam/ros2_WS/src/talker_listener/src/talker_node.cpp:11:7:[m[K [01;36m[Knote: [m[K‘[01m[KTalker_node::Talker_node()[m[K’ is implicitly deleted because the default definition would be ill-formed:
[10.861s]    11 | class [01;36m[KTalker_node[m[K : public rclcpp::Node{
[10.861s]       |       [01;36m[K^~~~~~~~~~~[m[K
[10.861s] [01m[K/home/pritam/ros2_WS/src/talker_listener/src/talker_node.cpp:11:7:[m[K [01;31m[Kerror: [m[Kno matching function for call to ‘[01m[Krclcpp::Node::Node()[m[K’
[10.861s] In file included from [01m[K/opt/ros/humble/include/rclcpp/rclcpp/executors/single_threaded_executor.hpp:28[m[K,
[10.861s]                  from [01m[K/opt/ros/humble/include/rclcpp/rclcpp/executors.hpp:22[m[K,
[10.862s]                  from [01m[K/opt/ros/humble/include/rclcpp/rclcpp/rclcpp.hpp:155[m[K,
[10.862s]                  from [01m[K/home/pritam/ros2_WS/src/talker_listener/src/talker_node.cpp:6[m[K:
[10.862s] [01m[K/opt/ros/humble/include/rclcpp/rclcpp/node.hpp:1294:3:[m[K [01;36m[Knote: [m[Kcandidate: ‘[01m[Krclcpp::Node::Node(const rclcpp::Node&, const string&)[m[K’
[10.862s]  1294 |   [01;36m[KNode[m[K(
[10.862s]       |   [01;36m[K^~~~[m[K
[10.862s] [01m[K/opt/ros/humble/include/rclcpp/rclcpp/node.hpp:1294:3:[m[K [01;36m[Knote: [m[K  candidate expects 2 arguments, 0 provided
[10.862s] [01m[K/opt/ros/humble/include/rclcpp/rclcpp/node.hpp:101:12:[m[K [01;36m[Knote: [m[Kcandidate: ‘[01m[Krclcpp::Node::Node(const string&, const string&, const rclcpp::NodeOptions&)[m[K’
[10.862s]   101 |   explicit [01;36m[KNode[m[K(
[10.862s]       |            [01;36m[K^~~~[m[K
[10.862s] [01m[K/opt/ros/humble/include/rclcpp/rclcpp/node.hpp:101:12:[m[K [01;36m[Knote: [m[K  candidate expects 3 arguments, 0 provided
[10.862s] [01m[K/opt/ros/humble/include/rclcpp/rclcpp/node.hpp:89:12:[m[K [01;36m[Knote: [m[Kcandidate: ‘[01m[Krclcpp::Node::Node(const string&, const rclcpp::NodeOptions&)[m[K’
[10.862s]    89 |   explicit [01;36m[KNode[m[K(
[10.862s]       |            [01;36m[K^~~~[m[K
[10.862s] [01m[K/opt/ros/humble/include/rclcpp/rclcpp/node.hpp:89:12:[m[K [01;36m[Knote: [m[K  candidate expects 2 arguments, 0 provided
[11.164s] gmake[2]: *** [CMakeFiles/talker.dir/build.make:76: CMakeFiles/talker.dir/src/talker_node.cpp.o] Error 1
[11.165s] gmake[1]: *** [CMakeFiles/Makefile2:137: CMakeFiles/talker.dir/all] Error 2
[11.165s] gmake: *** [Makefile:146: all] Error 2
[11.167s] Invoked command in '/home/pritam/ros2_WS/build/talker_listener' returned '2': CMAKE_PREFIX_PATH=/opt/ros/humble /usr/bin/cmake --build /home/pritam/ros2_WS/build/talker_listener -- -j12 -l12
