[0.051s] Invoking command in '/home/pritam/ros2_WS/build/custom_interfaces': CMAKE_PREFIX_PATH=/opt/ros/humble /usr/bin/cmake /home/pritam/ros2_WS/src/custom_interfaces -DCMAKE_INSTALL_PREFIX=/home/pritam/ros2_WS/install/custom_interfaces
[0.372s] -- Found ament_cmake: 1.3.12 (/opt/ros/humble/share/ament_cmake/cmake)
[0.373s] -- Found rosidl_default_generators: 1.2.0 (/opt/ros/humble/share/rosidl_default_generators/cmake)
[0.373s] -- Using all available rosidl_typesupport_c: rosidl_typesupport_fastrtps_c;rosidl_typesupport_introspection_c
[0.374s] -- Found rosidl_adapter: 3.1.7 (/opt/ros/humble/share/rosidl_adapter/cmake)
[0.659s] -- Using all available rosidl_typesupport_cpp: rosidl_typesupport_fastrtps_cpp;rosidl_typesupport_introspection_cpp
[1.065s] -- Found ament_cmake_ros: 0.10.0 (/opt/ros/humble/share/ament_cmake_ros/cmake)
[1.311s] -- Using all available rosidl_typesupport_c: rosidl_typesupport_fastrtps_c;rosidl_typesupport_introspection_c
[1.616s] -- Using all available rosidl_typesupport_cpp: rosidl_typesupport_fastrtps_cpp;rosidl_typesupport_introspection_cpp
[2.266s] -- Found PythonInterp: /usr/bin/python3 (found suitable version "3.10.12", minimum required is "3.6") 
[2.273s] -- Found python_cmake_module: 0.10.0 (/opt/ros/humble/share/python_cmake_module/cmake)
[4.218s] -- Found PythonLibs: /usr/lib/x86_64-linux-gnu/libpython3.10.so (found suitable version "3.10.12", minimum required is "3.5") 
[4.218s] -- Using PYTHON_EXECUTABLE: /usr/bin/python3
[4.218s] -- Using PYTHON_INCLUDE_DIRS: /usr/include/python3.10
[4.218s] -- Using PYTHON_LIBRARIES: /usr/lib/x86_64-linux-gnu/libpython3.10.so
[4.255s] -- Found PythonExtra: .so  
[4.525s] -- Found ament_lint_auto: 0.12.14 (/opt/ros/humble/share/ament_lint_auto/cmake)
[4.624s] -- Added test 'lint_cmake' to check CMake code style
[4.628s] -- Added test 'xmllint' to check XML markup files
[4.634s] -- Configuring done
[4.707s] -- Generating done
[4.723s] -- Build files have been written to: /home/pritam/ros2_WS/build/custom_interfaces
[4.736s] Invoked command in '/home/pritam/ros2_WS/build/custom_interfaces' returned '0': CMAKE_PREFIX_PATH=/opt/ros/humble /usr/bin/cmake /home/pritam/ros2_WS/src/custom_interfaces -DCMAKE_INSTALL_PREFIX=/home/pritam/ros2_WS/install/custom_interfaces
[4.737s] Invoking command in '/home/pritam/ros2_WS/build/custom_interfaces': CMAKE_PREFIX_PATH=/opt/ros/humble /usr/bin/cmake --build /home/pritam/ros2_WS/build/custom_interfaces -- -j12 -l12
[4.807s] [  3%] [34m[1mGenerating C code for ROS interfaces[0m
[4.825s] [  6%] [34m[1mGenerating C++ code for ROS interfaces[0m
[4.836s] [  6%] Built target ament_cmake_python_copy_custom_interfaces
[5.109s] running egg_info
[5.110s] creating custom_interfaces.egg-info
[5.111s] writing custom_interfaces.egg-info/PKG-INFO
[5.111s] writing dependency_links to custom_interfaces.egg-info/dependency_links.txt
[5.111s] writing top-level names to custom_interfaces.egg-info/top_level.txt
[5.111s] writing manifest file 'custom_interfaces.egg-info/SOURCES.txt'
[5.113s] reading manifest file 'custom_interfaces.egg-info/SOURCES.txt'
[5.114s] writing manifest file 'custom_interfaces.egg-info/SOURCES.txt'
[5.139s] [  6%] Built target custom_interfaces__cpp
[5.148s] [  9%] [32mBuilding C object CMakeFiles/custom_interfaces__rosidl_generator_c.dir/rosidl_generator_c/custom_interfaces/srv/detail/add_two_ints__functions.c.o[0m
[5.150s] [ 12%] [34m[1mGenerating C++ type support dispatch for ROS interfaces[0m
[5.150s] [ 16%] [34m[1mGenerating C++ introspection for ROS interfaces[0m
[5.151s] [ 19%] [34m[1mGenerating C++ type support for eProsima Fast-RTPS[0m
[5.154s] [ 19%] Built target ament_cmake_python_build_custom_interfaces_egg
[5.333s] [ 22%] [32m[1mLinking C shared library libcustom_interfaces__rosidl_generator_c.so[0m
[5.431s] [ 25%] [32mBuilding CXX object CMakeFiles/custom_interfaces__rosidl_typesupport_cpp.dir/rosidl_typesupport_cpp/custom_interfaces/srv/add_two_ints__type_support.cpp.o[0m
[5.443s] [ 29%] [32mBuilding CXX object CMakeFiles/custom_interfaces__rosidl_typesupport_introspection_cpp.dir/rosidl_typesupport_introspection_cpp/custom_interfaces/srv/detail/add_two_ints__type_support.cpp.o[0m
[5.474s] [ 32%] [32mBuilding CXX object CMakeFiles/custom_interfaces__rosidl_typesupport_fastrtps_cpp.dir/rosidl_typesupport_fastrtps_cpp/custom_interfaces/srv/detail/dds_fastrtps/add_two_ints__type_support.cpp.o[0m
[5.641s] [ 32%] Built target custom_interfaces__rosidl_generator_c
[5.655s] [ 35%] [34m[1mGenerating C type support for eProsima Fast-RTPS[0m
[5.655s] [ 41%] [34m[1mGenerating C introspection for ROS interfaces[0m
[5.656s] [ 41%] [34m[1mGenerating C type support dispatch for ROS interfaces[0m
[5.911s] [ 45%] [32m[1mLinking CXX shared library libcustom_interfaces__rosidl_typesupport_cpp.so[0m
[5.964s] [ 48%] [32mBuilding CXX object CMakeFiles/custom_interfaces__rosidl_typesupport_c.dir/rosidl_typesupport_c/custom_interfaces/srv/add_two_ints__type_support.cpp.o[0m
[6.009s] [ 51%] [32m[1mLinking CXX shared library libcustom_interfaces__rosidl_typesupport_c.so[0m
[6.014s] [ 54%] [32mBuilding CXX object CMakeFiles/custom_interfaces__rosidl_typesupport_fastrtps_c.dir/rosidl_typesupport_fastrtps_c/custom_interfaces/srv/detail/add_two_ints__type_support_c.cpp.o[0m
[6.038s] [ 58%] [32mBuilding C object CMakeFiles/custom_interfaces__rosidl_typesupport_introspection_c.dir/rosidl_typesupport_introspection_c/custom_interfaces/srv/detail/add_two_ints__type_support.c.o[0m
[6.043s] [ 61%] [32m[1mLinking CXX shared library libcustom_interfaces__rosidl_typesupport_fastrtps_cpp.so[0m
[6.061s] [ 64%] [32m[1mLinking CXX shared library libcustom_interfaces__rosidl_typesupport_introspection_cpp.so[0m
[6.083s] [ 67%] [32m[1mLinking C shared library libcustom_interfaces__rosidl_typesupport_introspection_c.so[0m
[6.169s] [ 67%] Built target custom_interfaces__rosidl_typesupport_cpp
[6.246s] [ 67%] Built target custom_interfaces__rosidl_typesupport_c
[6.283s] [ 67%] Built target custom_interfaces__rosidl_typesupport_introspection_cpp
[6.287s] [ 67%] Built target custom_interfaces__rosidl_typesupport_introspection_c
[6.314s] [ 67%] Built target custom_interfaces__rosidl_typesupport_fastrtps_cpp
[6.404s] [ 70%] [32m[1mLinking CXX shared library libcustom_interfaces__rosidl_typesupport_fastrtps_c.so[0m
[6.891s] [ 70%] Built target custom_interfaces__rosidl_typesupport_fastrtps_c
[6.932s] [ 70%] Built target custom_interfaces
[6.967s] [ 74%] [34m[1mGenerating Python code for ROS interfaces[0m
[7.516s] [ 74%] Built target custom_interfaces__py
[7.543s] [ 77%] [32mBuilding C object CMakeFiles/custom_interfaces__rosidl_generator_py.dir/rosidl_generator_py/custom_interfaces/srv/_add_two_ints_s.c.o[0m
[7.899s] [ 80%] [32m[1mLinking C shared library rosidl_generator_py/custom_interfaces/libcustom_interfaces__rosidl_generator_py.so[0m
[8.298s] [ 80%] Built target custom_interfaces__rosidl_generator_py
[8.338s] [ 87%] [32mBuilding C object CMakeFiles/custom_interfaces__rosidl_typesupport_fastrtps_c__pyext.dir/rosidl_generator_py/custom_interfaces/_custom_interfaces_s.ep.rosidl_typesupport_fastrtps_c.c.o[0m
[8.338s] [ 87%] [32mBuilding C object CMakeFiles/custom_interfaces__rosidl_typesupport_introspection_c__pyext.dir/rosidl_generator_py/custom_interfaces/_custom_interfaces_s.ep.rosidl_typesupport_introspection_c.c.o[0m
[8.338s] [ 90%] [32mBuilding C object CMakeFiles/custom_interfaces__rosidl_typesupport_c__pyext.dir/rosidl_generator_py/custom_interfaces/_custom_interfaces_s.ep.rosidl_typesupport_c.c.o[0m
[8.442s] [ 93%] [32m[1mLinking C shared library rosidl_generator_py/custom_interfaces/custom_interfaces_s__rosidl_typesupport_introspection_c.cpython-310-x86_64-linux-gnu.so[0m
[8.445s] [ 96%] [32m[1mLinking C shared library rosidl_generator_py/custom_interfaces/custom_interfaces_s__rosidl_typesupport_c.cpython-310-x86_64-linux-gnu.so[0m
[8.449s] [100%] [32m[1mLinking C shared library rosidl_generator_py/custom_interfaces/custom_interfaces_s__rosidl_typesupport_fastrtps_c.cpython-310-x86_64-linux-gnu.so[0m
[8.669s] [100%] Built target custom_interfaces__rosidl_typesupport_c__pyext
[8.679s] [100%] Built target custom_interfaces__rosidl_typesupport_introspection_c__pyext
[8.778s] [100%] Built target custom_interfaces__rosidl_typesupport_fastrtps_c__pyext
[8.794s] Invoked command in '/home/pritam/ros2_WS/build/custom_interfaces' returned '0': CMAKE_PREFIX_PATH=/opt/ros/humble /usr/bin/cmake --build /home/pritam/ros2_WS/build/custom_interfaces -- -j12 -l12
[8.797s] Invoking command in '/home/pritam/ros2_WS/build/custom_interfaces': CMAKE_PREFIX_PATH=/opt/ros/humble /usr/bin/cmake --install /home/pritam/ros2_WS/build/custom_interfaces
[8.807s] -- Install configuration: ""
[8.808s] -- Installing: /home/pritam/ros2_WS/install/custom_interfaces/share/ament_index/resource_index/rosidl_interfaces/custom_interfaces
[8.808s] -- Installing: /home/pritam/ros2_WS/install/custom_interfaces/include/custom_interfaces/custom_interfaces
[8.808s] -- Installing: /home/pritam/ros2_WS/install/custom_interfaces/include/custom_interfaces/custom_interfaces/msg
[8.809s] -- Installing: /home/pritam/ros2_WS/install/custom_interfaces/include/custom_interfaces/custom_interfaces/msg/rosidl_generator_c__visibility_control.h
[8.809s] -- Installing: /home/pritam/ros2_WS/install/custom_interfaces/include/custom_interfaces/custom_interfaces/srv
[8.810s] -- Installing: /home/pritam/ros2_WS/install/custom_interfaces/include/custom_interfaces/custom_interfaces/srv/detail
[8.810s] -- Installing: /home/pritam/ros2_WS/install/custom_interfaces/include/custom_interfaces/custom_interfaces/srv/detail/add_two_ints__functions.h
[8.810s] -- Installing: /home/pritam/ros2_WS/install/custom_interfaces/include/custom_interfaces/custom_interfaces/srv/detail/add_two_ints__struct.h
[8.810s] -- Installing: /home/pritam/ros2_WS/install/custom_interfaces/include/custom_interfaces/custom_interfaces/srv/detail/add_two_ints__type_support.h
[8.810s] -- Installing: /home/pritam/ros2_WS/install/custom_interfaces/include/custom_interfaces/custom_interfaces/srv/detail/add_two_ints__functions.c
[8.810s] -- Installing: /home/pritam/ros2_WS/install/custom_interfaces/include/custom_interfaces/custom_interfaces/srv/add_two_ints.h
[8.812s] -- Installing: /home/pritam/ros2_WS/install/custom_interfaces/share/custom_interfaces/environment/library_path.sh
[8.812s] -- Installing: /home/pritam/ros2_WS/install/custom_interfaces/share/custom_interfaces/environment/library_path.dsv
[8.812s] -- Installing: /home/pritam/ros2_WS/install/custom_interfaces/lib/libcustom_interfaces__rosidl_generator_c.so
[8.813s] -- Set runtime path of "/home/pritam/ros2_WS/install/custom_interfaces/lib/libcustom_interfaces__rosidl_generator_c.so" to ""
[8.813s] -- Up-to-date: /home/pritam/ros2_WS/install/custom_interfaces/include/custom_interfaces/custom_interfaces
[8.813s] -- Up-to-date: /home/pritam/ros2_WS/install/custom_interfaces/include/custom_interfaces/custom_interfaces/msg
[8.813s] -- Installing: /home/pritam/ros2_WS/install/custom_interfaces/include/custom_interfaces/custom_interfaces/msg/rosidl_typesupport_fastrtps_c__visibility_control.h
[8.813s] -- Up-to-date: /home/pritam/ros2_WS/install/custom_interfaces/include/custom_interfaces/custom_interfaces/srv
[8.813s] -- Up-to-date: /home/pritam/ros2_WS/install/custom_interfaces/include/custom_interfaces/custom_interfaces/srv/detail
[8.813s] -- Installing: /home/pritam/ros2_WS/install/custom_interfaces/include/custom_interfaces/custom_interfaces/srv/detail/add_two_ints__rosidl_typesupport_fastrtps_c.h
[8.814s] -- Installing: /home/pritam/ros2_WS/install/custom_interfaces/lib/libcustom_interfaces__rosidl_typesupport_fastrtps_c.so
[8.814s] -- Set runtime path of "/home/pritam/ros2_WS/install/custom_interfaces/lib/libcustom_interfaces__rosidl_typesupport_fastrtps_c.so" to ""
[8.814s] -- Up-to-date: /home/pritam/ros2_WS/install/custom_interfaces/include/custom_interfaces/custom_interfaces
[8.814s] -- Up-to-date: /home/pritam/ros2_WS/install/custom_interfaces/include/custom_interfaces/custom_interfaces/msg
[8.814s] -- Installing: /home/pritam/ros2_WS/install/custom_interfaces/include/custom_interfaces/custom_interfaces/msg/rosidl_typesupport_introspection_c__visibility_control.h
[8.814s] -- Up-to-date: /home/pritam/ros2_WS/install/custom_interfaces/include/custom_interfaces/custom_interfaces/srv
[8.814s] -- Up-to-date: /home/pritam/ros2_WS/install/custom_interfaces/include/custom_interfaces/custom_interfaces/srv/detail
[8.814s] -- Installing: /home/pritam/ros2_WS/install/custom_interfaces/include/custom_interfaces/custom_interfaces/srv/detail/add_two_ints__rosidl_typesupport_introspection_c.h
[8.815s] -- Installing: /home/pritam/ros2_WS/install/custom_interfaces/include/custom_interfaces/custom_interfaces/srv/detail/add_two_ints__type_support.c
[8.815s] -- Installing: /home/pritam/ros2_WS/install/custom_interfaces/lib/libcustom_interfaces__rosidl_typesupport_introspection_c.so
[8.815s] -- Set runtime path of "/home/pritam/ros2_WS/install/custom_interfaces/lib/libcustom_interfaces__rosidl_typesupport_introspection_c.so" to ""
[8.815s] -- Installing: /home/pritam/ros2_WS/install/custom_interfaces/lib/libcustom_interfaces__rosidl_typesupport_c.so
[8.815s] -- Set runtime path of "/home/pritam/ros2_WS/install/custom_interfaces/lib/libcustom_interfaces__rosidl_typesupport_c.so" to ""
[8.815s] -- Up-to-date: /home/pritam/ros2_WS/install/custom_interfaces/include/custom_interfaces/custom_interfaces
[8.815s] -- Up-to-date: /home/pritam/ros2_WS/install/custom_interfaces/include/custom_interfaces/custom_interfaces/msg
[8.816s] -- Installing: /home/pritam/ros2_WS/install/custom_interfaces/include/custom_interfaces/custom_interfaces/msg/rosidl_generator_cpp__visibility_control.hpp
[8.816s] -- Up-to-date: /home/pritam/ros2_WS/install/custom_interfaces/include/custom_interfaces/custom_interfaces/srv
[8.816s] -- Installing: /home/pritam/ros2_WS/install/custom_interfaces/include/custom_interfaces/custom_interfaces/srv/add_two_ints.hpp
[8.816s] -- Up-to-date: /home/pritam/ros2_WS/install/custom_interfaces/include/custom_interfaces/custom_interfaces/srv/detail
[8.816s] -- Installing: /home/pritam/ros2_WS/install/custom_interfaces/include/custom_interfaces/custom_interfaces/srv/detail/add_two_ints__traits.hpp
[8.816s] -- Installing: /home/pritam/ros2_WS/install/custom_interfaces/include/custom_interfaces/custom_interfaces/srv/detail/add_two_ints__struct.hpp
[8.816s] -- Installing: /home/pritam/ros2_WS/install/custom_interfaces/include/custom_interfaces/custom_interfaces/srv/detail/add_two_ints__builder.hpp
[8.816s] -- Installing: /home/pritam/ros2_WS/install/custom_interfaces/include/custom_interfaces/custom_interfaces/srv/detail/add_two_ints__type_support.hpp
[8.816s] -- Up-to-date: /home/pritam/ros2_WS/install/custom_interfaces/include/custom_interfaces/custom_interfaces
[8.817s] -- Up-to-date: /home/pritam/ros2_WS/install/custom_interfaces/include/custom_interfaces/custom_interfaces/msg
[8.817s] -- Installing: /home/pritam/ros2_WS/install/custom_interfaces/include/custom_interfaces/custom_interfaces/msg/rosidl_typesupport_fastrtps_cpp__visibility_control.h
[8.817s] -- Up-to-date: /home/pritam/ros2_WS/install/custom_interfaces/include/custom_interfaces/custom_interfaces/srv
[8.818s] -- Up-to-date: /home/pritam/ros2_WS/install/custom_interfaces/include/custom_interfaces/custom_interfaces/srv/detail
[8.818s] -- Installing: /home/pritam/ros2_WS/install/custom_interfaces/include/custom_interfaces/custom_interfaces/srv/detail/add_two_ints__rosidl_typesupport_fastrtps_cpp.hpp
[8.818s] -- Installing: /home/pritam/ros2_WS/install/custom_interfaces/include/custom_interfaces/custom_interfaces/srv/detail/dds_fastrtps
[8.818s] -- Installing: /home/pritam/ros2_WS/install/custom_interfaces/lib/libcustom_interfaces__rosidl_typesupport_fastrtps_cpp.so
[8.818s] -- Set runtime path of "/home/pritam/ros2_WS/install/custom_interfaces/lib/libcustom_interfaces__rosidl_typesupport_fastrtps_cpp.so" to ""
[8.818s] -- Up-to-date: /home/pritam/ros2_WS/install/custom_interfaces/include/custom_interfaces/custom_interfaces
[8.818s] -- Up-to-date: /home/pritam/ros2_WS/install/custom_interfaces/include/custom_interfaces/custom_interfaces/srv
[8.819s] -- Up-to-date: /home/pritam/ros2_WS/install/custom_interfaces/include/custom_interfaces/custom_interfaces/srv/detail
[8.819s] -- Installing: /home/pritam/ros2_WS/install/custom_interfaces/include/custom_interfaces/custom_interfaces/srv/detail/add_two_ints__type_support.cpp
[8.819s] -- Installing: /home/pritam/ros2_WS/install/custom_interfaces/include/custom_interfaces/custom_interfaces/srv/detail/add_two_ints__rosidl_typesupport_introspection_cpp.hpp
[8.819s] -- Installing: /home/pritam/ros2_WS/install/custom_interfaces/lib/libcustom_interfaces__rosidl_typesupport_introspection_cpp.so
[8.820s] -- Set runtime path of "/home/pritam/ros2_WS/install/custom_interfaces/lib/libcustom_interfaces__rosidl_typesupport_introspection_cpp.so" to ""
[8.821s] -- Installing: /home/pritam/ros2_WS/install/custom_interfaces/lib/libcustom_interfaces__rosidl_typesupport_cpp.so
[8.821s] -- Set runtime path of "/home/pritam/ros2_WS/install/custom_interfaces/lib/libcustom_interfaces__rosidl_typesupport_cpp.so" to ""
[8.821s] -- Installing: /home/pritam/ros2_WS/install/custom_interfaces/share/custom_interfaces/environment/pythonpath.sh
[8.821s] -- Installing: /home/pritam/ros2_WS/install/custom_interfaces/share/custom_interfaces/environment/pythonpath.dsv
[8.821s] -- Installing: /home/pritam/ros2_WS/install/custom_interfaces/local/lib/python3.10/dist-packages/custom_interfaces-0.0.0-py3.10.egg-info
[8.821s] -- Installing: /home/pritam/ros2_WS/install/custom_interfaces/local/lib/python3.10/dist-packages/custom_interfaces-0.0.0-py3.10.egg-info/top_level.txt
[8.821s] -- Installing: /home/pritam/ros2_WS/install/custom_interfaces/local/lib/python3.10/dist-packages/custom_interfaces-0.0.0-py3.10.egg-info/PKG-INFO
[8.821s] -- Installing: /home/pritam/ros2_WS/install/custom_interfaces/local/lib/python3.10/dist-packages/custom_interfaces-0.0.0-py3.10.egg-info/dependency_links.txt
[8.822s] -- Installing: /home/pritam/ros2_WS/install/custom_interfaces/local/lib/python3.10/dist-packages/custom_interfaces-0.0.0-py3.10.egg-info/SOURCES.txt
[8.822s] -- Installing: /home/pritam/ros2_WS/install/custom_interfaces/local/lib/python3.10/dist-packages/custom_interfaces
[8.822s] -- Installing: /home/pritam/ros2_WS/install/custom_interfaces/local/lib/python3.10/dist-packages/custom_interfaces/__init__.py
[8.822s] -- Installing: /home/pritam/ros2_WS/install/custom_interfaces/local/lib/python3.10/dist-packages/custom_interfaces/custom_interfaces_s__rosidl_typesupport_fastrtps_c.cpython-310-x86_64-linux-gnu.so
[8.822s] -- Installing: /home/pritam/ros2_WS/install/custom_interfaces/local/lib/python3.10/dist-packages/custom_interfaces/_custom_interfaces_s.ep.rosidl_typesupport_c.c
[8.823s] -- Installing: /home/pritam/ros2_WS/install/custom_interfaces/local/lib/python3.10/dist-packages/custom_interfaces/_custom_interfaces_s.ep.rosidl_typesupport_introspection_c.c
[8.823s] -- Installing: /home/pritam/ros2_WS/install/custom_interfaces/local/lib/python3.10/dist-packages/custom_interfaces/srv
[8.823s] -- Installing: /home/pritam/ros2_WS/install/custom_interfaces/local/lib/python3.10/dist-packages/custom_interfaces/srv/__init__.py
[8.823s] -- Installing: /home/pritam/ros2_WS/install/custom_interfaces/local/lib/python3.10/dist-packages/custom_interfaces/srv/_add_two_ints.py
[8.823s] -- Installing: /home/pritam/ros2_WS/install/custom_interfaces/local/lib/python3.10/dist-packages/custom_interfaces/srv/_add_two_ints_s.c
[8.823s] -- Installing: /home/pritam/ros2_WS/install/custom_interfaces/local/lib/python3.10/dist-packages/custom_interfaces/_custom_interfaces_s.ep.rosidl_typesupport_fastrtps_c.c
[8.823s] -- Installing: /home/pritam/ros2_WS/install/custom_interfaces/local/lib/python3.10/dist-packages/custom_interfaces/custom_interfaces_s__rosidl_typesupport_introspection_c.cpython-310-x86_64-linux-gnu.so
[8.823s] -- Installing: /home/pritam/ros2_WS/install/custom_interfaces/local/lib/python3.10/dist-packages/custom_interfaces/custom_interfaces_s__rosidl_typesupport_c.cpython-310-x86_64-linux-gnu.so
[8.824s] -- Installing: /home/pritam/ros2_WS/install/custom_interfaces/local/lib/python3.10/dist-packages/custom_interfaces/libcustom_interfaces__rosidl_generator_py.so
[8.879s] Listing '/home/pritam/ros2_WS/install/custom_interfaces/local/lib/python3.10/dist-packages/custom_interfaces'...
[8.879s] Compiling '/home/pritam/ros2_WS/install/custom_interfaces/local/lib/python3.10/dist-packages/custom_interfaces/__init__.py'...
[8.879s] Listing '/home/pritam/ros2_WS/install/custom_interfaces/local/lib/python3.10/dist-packages/custom_interfaces/srv'...
[8.879s] Compiling '/home/pritam/ros2_WS/install/custom_interfaces/local/lib/python3.10/dist-packages/custom_interfaces/srv/__init__.py'...
[8.879s] Compiling '/home/pritam/ros2_WS/install/custom_interfaces/local/lib/python3.10/dist-packages/custom_interfaces/srv/_add_two_ints.py'...
[8.887s] -- Installing: /home/pritam/ros2_WS/install/custom_interfaces/local/lib/python3.10/dist-packages/custom_interfaces/custom_interfaces_s__rosidl_typesupport_fastrtps_c.cpython-310-x86_64-linux-gnu.so
[8.888s] -- Set runtime path of "/home/pritam/ros2_WS/install/custom_interfaces/local/lib/python3.10/dist-packages/custom_interfaces/custom_interfaces_s__rosidl_typesupport_fastrtps_c.cpython-310-x86_64-linux-gnu.so" to ""
[8.888s] -- Installing: /home/pritam/ros2_WS/install/custom_interfaces/local/lib/python3.10/dist-packages/custom_interfaces/custom_interfaces_s__rosidl_typesupport_introspection_c.cpython-310-x86_64-linux-gnu.so
[8.888s] -- Set runtime path of "/home/pritam/ros2_WS/install/custom_interfaces/local/lib/python3.10/dist-packages/custom_interfaces/custom_interfaces_s__rosidl_typesupport_introspection_c.cpython-310-x86_64-linux-gnu.so" to ""
[8.888s] -- Installing: /home/pritam/ros2_WS/install/custom_interfaces/local/lib/python3.10/dist-packages/custom_interfaces/custom_interfaces_s__rosidl_typesupport_c.cpython-310-x86_64-linux-gnu.so
[8.889s] -- Set runtime path of "/home/pritam/ros2_WS/install/custom_interfaces/local/lib/python3.10/dist-packages/custom_interfaces/custom_interfaces_s__rosidl_typesupport_c.cpython-310-x86_64-linux-gnu.so" to ""
[8.889s] -- Installing: /home/pritam/ros2_WS/install/custom_interfaces/lib/libcustom_interfaces__rosidl_generator_py.so
[8.889s] -- Set runtime path of "/home/pritam/ros2_WS/install/custom_interfaces/lib/libcustom_interfaces__rosidl_generator_py.so" to ""
[8.889s] -- Installing: /home/pritam/ros2_WS/install/custom_interfaces/share/custom_interfaces/srv/AddTwoInts.idl
[8.890s] -- Installing: /home/pritam/ros2_WS/install/custom_interfaces/share/custom_interfaces/srv/AddTwoInts.srv
[8.890s] -- Installing: /home/pritam/ros2_WS/install/custom_interfaces/share/custom_interfaces/srv/AddTwoInts_Request.msg
[8.891s] -- Installing: /home/pritam/ros2_WS/install/custom_interfaces/share/custom_interfaces/srv/AddTwoInts_Response.msg
[8.891s] -- Installing: /home/pritam/ros2_WS/install/custom_interfaces/share/ament_index/resource_index/package_run_dependencies/custom_interfaces
[8.891s] -- Installing: /home/pritam/ros2_WS/install/custom_interfaces/share/ament_index/resource_index/parent_prefix_path/custom_interfaces
[8.892s] -- Installing: /home/pritam/ros2_WS/install/custom_interfaces/share/custom_interfaces/environment/ament_prefix_path.sh
[8.892s] -- Installing: /home/pritam/ros2_WS/install/custom_interfaces/share/custom_interfaces/environment/ament_prefix_path.dsv
[8.892s] -- Installing: /home/pritam/ros2_WS/install/custom_interfaces/share/custom_interfaces/environment/path.sh
[8.892s] -- Installing: /home/pritam/ros2_WS/install/custom_interfaces/share/custom_interfaces/environment/path.dsv
[8.893s] -- Installing: /home/pritam/ros2_WS/install/custom_interfaces/share/custom_interfaces/local_setup.bash
[8.893s] -- Installing: /home/pritam/ros2_WS/install/custom_interfaces/share/custom_interfaces/local_setup.sh
[8.893s] -- Installing: /home/pritam/ros2_WS/install/custom_interfaces/share/custom_interfaces/local_setup.zsh
[8.893s] -- Installing: /home/pritam/ros2_WS/install/custom_interfaces/share/custom_interfaces/local_setup.dsv
[8.894s] -- Installing: /home/pritam/ros2_WS/install/custom_interfaces/share/custom_interfaces/package.dsv
[8.894s] -- Installing: /home/pritam/ros2_WS/install/custom_interfaces/share/ament_index/resource_index/packages/custom_interfaces
[8.894s] -- Installing: /home/pritam/ros2_WS/install/custom_interfaces/share/custom_interfaces/cmake/export_custom_interfaces__rosidl_generator_cExport.cmake
[8.895s] -- Installing: /home/pritam/ros2_WS/install/custom_interfaces/share/custom_interfaces/cmake/export_custom_interfaces__rosidl_generator_cExport-noconfig.cmake
[8.895s] -- Installing: /home/pritam/ros2_WS/install/custom_interfaces/share/custom_interfaces/cmake/export_custom_interfaces__rosidl_typesupport_fastrtps_cExport.cmake
[8.896s] -- Installing: /home/pritam/ros2_WS/install/custom_interfaces/share/custom_interfaces/cmake/export_custom_interfaces__rosidl_typesupport_fastrtps_cExport-noconfig.cmake
[8.896s] -- Installing: /home/pritam/ros2_WS/install/custom_interfaces/share/custom_interfaces/cmake/custom_interfaces__rosidl_typesupport_introspection_cExport.cmake
[8.897s] -- Installing: /home/pritam/ros2_WS/install/custom_interfaces/share/custom_interfaces/cmake/custom_interfaces__rosidl_typesupport_introspection_cExport-noconfig.cmake
[8.897s] -- Installing: /home/pritam/ros2_WS/install/custom_interfaces/share/custom_interfaces/cmake/custom_interfaces__rosidl_typesupport_cExport.cmake
[8.897s] -- Installing: /home/pritam/ros2_WS/install/custom_interfaces/share/custom_interfaces/cmake/custom_interfaces__rosidl_typesupport_cExport-noconfig.cmake
[8.898s] -- Installing: /home/pritam/ros2_WS/install/custom_interfaces/share/custom_interfaces/cmake/export_custom_interfaces__rosidl_generator_cppExport.cmake
[8.898s] -- Installing: /home/pritam/ros2_WS/install/custom_interfaces/share/custom_interfaces/cmake/export_custom_interfaces__rosidl_typesupport_fastrtps_cppExport.cmake
[8.898s] -- Installing: /home/pritam/ros2_WS/install/custom_interfaces/share/custom_interfaces/cmake/export_custom_interfaces__rosidl_typesupport_fastrtps_cppExport-noconfig.cmake
[8.898s] -- Installing: /home/pritam/ros2_WS/install/custom_interfaces/share/custom_interfaces/cmake/custom_interfaces__rosidl_typesupport_introspection_cppExport.cmake
[8.898s] -- Installing: /home/pritam/ros2_WS/install/custom_interfaces/share/custom_interfaces/cmake/custom_interfaces__rosidl_typesupport_introspection_cppExport-noconfig.cmake
[8.898s] -- Installing: /home/pritam/ros2_WS/install/custom_interfaces/share/custom_interfaces/cmake/custom_interfaces__rosidl_typesupport_cppExport.cmake
[8.899s] -- Installing: /home/pritam/ros2_WS/install/custom_interfaces/share/custom_interfaces/cmake/custom_interfaces__rosidl_typesupport_cppExport-noconfig.cmake
[8.899s] -- Installing: /home/pritam/ros2_WS/install/custom_interfaces/share/custom_interfaces/cmake/export_custom_interfaces__rosidl_generator_pyExport.cmake
[8.899s] -- Installing: /home/pritam/ros2_WS/install/custom_interfaces/share/custom_interfaces/cmake/export_custom_interfaces__rosidl_generator_pyExport-noconfig.cmake
[8.899s] -- Installing: /home/pritam/ros2_WS/install/custom_interfaces/share/custom_interfaces/cmake/rosidl_cmake-extras.cmake
[8.900s] -- Installing: /home/pritam/ros2_WS/install/custom_interfaces/share/custom_interfaces/cmake/ament_cmake_export_include_directories-extras.cmake
[8.900s] -- Installing: /home/pritam/ros2_WS/install/custom_interfaces/share/custom_interfaces/cmake/ament_cmake_export_libraries-extras.cmake
[8.900s] -- Installing: /home/pritam/ros2_WS/install/custom_interfaces/share/custom_interfaces/cmake/ament_cmake_export_targets-extras.cmake
[8.901s] -- Installing: /home/pritam/ros2_WS/install/custom_interfaces/share/custom_interfaces/cmake/rosidl_cmake_export_typesupport_targets-extras.cmake
[8.901s] -- Installing: /home/pritam/ros2_WS/install/custom_interfaces/share/custom_interfaces/cmake/ament_cmake_export_dependencies-extras.cmake
[8.902s] -- Installing: /home/pritam/ros2_WS/install/custom_interfaces/share/custom_interfaces/cmake/rosidl_cmake_export_typesupport_libraries-extras.cmake
[8.902s] -- Installing: /home/pritam/ros2_WS/install/custom_interfaces/share/custom_interfaces/cmake/custom_interfacesConfig.cmake
[8.902s] -- Installing: /home/pritam/ros2_WS/install/custom_interfaces/share/custom_interfaces/cmake/custom_interfacesConfig-version.cmake
[8.902s] -- Installing: /home/pritam/ros2_WS/install/custom_interfaces/share/custom_interfaces/package.xml
[8.906s] Invoked command in '/home/pritam/ros2_WS/build/custom_interfaces' returned '0': CMAKE_PREFIX_PATH=/opt/ros/humble /usr/bin/cmake --install /home/pritam/ros2_WS/build/custom_interfaces
