[0.926s] Invoking command in '/home/pritam/ros2_WS/src/add_integers': AMENT_PREFIX_PATH=/home/pritam/ros2_WS/install/custom_interfaces:${AMENT_PREFIX_PATH} CMAKE_PREFIX_PATH=/home/pritam/ros2_WS/install/custom_interfaces LD_LIBRARY_PATH=/home/pritam/ros2_WS/install/custom_interfaces/lib:${LD_LIBRARY_PATH} PYTHONPATH=/home/pritam/ros2_WS/build/add_integers/prefix_override:/usr/lib/python3/dist-packages/colcon_core/task/python/colcon_distutils_commands:/home/pritam/ros2_WS/install/add_integers/lib/python3.10/site-packages:/home/pritam/ros2_WS/install/custom_interfaces/local/lib/python3.10/dist-packages:${PYTHONPATH} /usr/bin/python3 -W ignore:setup.py install is deprecated -W ignore:easy_install command is deprecated setup.py egg_info --egg-base ../../build/add_integers build --build-base /home/pritam/ros2_WS/build/add_integers/build install --record /home/pritam/ros2_WS/build/add_integers/install.log --single-version-externally-managed install_data
[1.162s] running egg_info
[1.162s] creating ../../build/add_integers/add_integers.egg-info
[1.162s] writing ../../build/add_integers/add_integers.egg-info/PKG-INFO
[1.163s] writing dependency_links to ../../build/add_integers/add_integers.egg-info/dependency_links.txt
[1.163s] writing entry points to ../../build/add_integers/add_integers.egg-info/entry_points.txt
[1.163s] writing requirements to ../../build/add_integers/add_integers.egg-info/requires.txt
[1.163s] writing top-level names to ../../build/add_integers/add_integers.egg-info/top_level.txt
[1.163s] writing manifest file '../../build/add_integers/add_integers.egg-info/SOURCES.txt'
[1.165s] reading manifest file '../../build/add_integers/add_integers.egg-info/SOURCES.txt'
[1.166s] writing manifest file '../../build/add_integers/add_integers.egg-info/SOURCES.txt'
[1.166s] running build
[1.166s] running build_py
[1.166s] creating /home/pritam/ros2_WS/build/add_integers/build
[1.166s] creating /home/pritam/ros2_WS/build/add_integers/build/lib
[1.166s] creating /home/pritam/ros2_WS/build/add_integers/build/lib/add_integers
[1.166s] copying add_integers/__init__.py -> /home/pritam/ros2_WS/build/add_integers/build/lib/add_integers
[1.167s] copying add_integers/client_node.py -> /home/pritam/ros2_WS/build/add_integers/build/lib/add_integers
[1.167s] copying add_integers/service_node.py -> /home/pritam/ros2_WS/build/add_integers/build/lib/add_integers
[1.167s] running install
[1.167s] running install_lib
[1.168s] creating /home/pritam/ros2_WS/install/add_integers/lib/python3.10/site-packages/add_integers
[1.168s] copying /home/pritam/ros2_WS/build/add_integers/build/lib/add_integers/__init__.py -> /home/pritam/ros2_WS/install/add_integers/lib/python3.10/site-packages/add_integers
[1.168s] copying /home/pritam/ros2_WS/build/add_integers/build/lib/add_integers/client_node.py -> /home/pritam/ros2_WS/install/add_integers/lib/python3.10/site-packages/add_integers
[1.168s] copying /home/pritam/ros2_WS/build/add_integers/build/lib/add_integers/service_node.py -> /home/pritam/ros2_WS/install/add_integers/lib/python3.10/site-packages/add_integers
[1.169s] byte-compiling /home/pritam/ros2_WS/install/add_integers/lib/python3.10/site-packages/add_integers/__init__.py to __init__.cpython-310.pyc
[1.169s] byte-compiling /home/pritam/ros2_WS/install/add_integers/lib/python3.10/site-packages/add_integers/client_node.py to client_node.cpython-310.pyc
[1.170s] byte-compiling /home/pritam/ros2_WS/install/add_integers/lib/python3.10/site-packages/add_integers/service_node.py to service_node.cpython-310.pyc
[1.170s] running install_data
[1.170s] creating /home/pritam/ros2_WS/install/add_integers/share/ament_index
[1.170s] creating /home/pritam/ros2_WS/install/add_integers/share/ament_index/resource_index
[1.171s] creating /home/pritam/ros2_WS/install/add_integers/share/ament_index/resource_index/packages
[1.171s] copying resource/add_integers -> /home/pritam/ros2_WS/install/add_integers/share/ament_index/resource_index/packages
[1.171s] copying package.xml -> /home/pritam/ros2_WS/install/add_integers/share/add_integers
[1.171s] running install_egg_info
[1.173s] Copying ../../build/add_integers/add_integers.egg-info to /home/pritam/ros2_WS/install/add_integers/lib/python3.10/site-packages/add_integers-0.0.0-py3.10.egg-info
[1.174s] running install_scripts
[1.200s] Installing add_cli script to /home/pritam/ros2_WS/install/add_integers/lib/add_integers
[1.200s] Installing add_srv script to /home/pritam/ros2_WS/install/add_integers/lib/add_integers
[1.200s] writing list of installed files to '/home/pritam/ros2_WS/build/add_integers/install.log'
[1.227s] Invoked command in '/home/pritam/ros2_WS/src/add_integers' returned '0': AMENT_PREFIX_PATH=/home/pritam/ros2_WS/install/custom_interfaces:${AMENT_PREFIX_PATH} CMAKE_PREFIX_PATH=/home/pritam/ros2_WS/install/custom_interfaces LD_LIBRARY_PATH=/home/pritam/ros2_WS/install/custom_interfaces/lib:${LD_LIBRARY_PATH} PYTHONPATH=/home/pritam/ros2_WS/build/add_integers/prefix_override:/usr/lib/python3/dist-packages/colcon_core/task/python/colcon_distutils_commands:/home/pritam/ros2_WS/install/add_integers/lib/python3.10/site-packages:/home/pritam/ros2_WS/install/custom_interfaces/local/lib/python3.10/dist-packages:${PYTHONPATH} /usr/bin/python3 -W ignore:setup.py install is deprecated -W ignore:easy_install command is deprecated setup.py egg_info --egg-base ../../build/add_integers build --build-base /home/pritam/ros2_WS/build/add_integers/build install --record /home/pritam/ros2_WS/build/add_integers/install.log --single-version-externally-managed install_data
