[0.097s] Invoking command in '/home/pritam/ros2_WS/build/demo_pkg': CMAKE_PREFIX_PATH=${CMAKE_PREFIX_PATH}:/home/pritam/ros2_WS/install/pub_sub:/home/pritam/ros2_WS/install/add_integers:/opt/ros/humble /usr/bin/cmake --build /home/pritam/ros2_WS/build/demo_pkg -- -j12 -l12
[0.464s] Invoked command in '/home/pritam/ros2_WS/build/demo_pkg' returned '0': CMAKE_PREFIX_PATH=${CMAKE_PREFIX_PATH}:/home/pritam/ros2_WS/install/pub_sub:/home/pritam/ros2_WS/install/add_integers:/opt/ros/humble /usr/bin/cmake --build /home/pritam/ros2_WS/build/demo_pkg -- -j12 -l12
[0.479s] Invoking command in '/home/pritam/ros2_WS/build/demo_pkg': CMAKE_PREFIX_PATH=${CMAKE_PREFIX_PATH}:/home/pritam/ros2_WS/install/pub_sub:/home/pritam/ros2_WS/install/add_integers:/opt/ros/humble /usr/bin/cmake --install /home/pritam/ros2_WS/build/demo_pkg
[0.487s] -- Install configuration: ""
[0.489s] -- Up-to-date: /home/pritam/ros2_WS/install/demo_pkg/lib/demo_pkg/circle.py
[0.490s] -- Up-to-date: /home/pritam/ros2_WS/install/demo_pkg/lib/demo_pkg/node_A.py
[0.490s] -- Up-to-date: /home/pritam/ros2_WS/install/demo_pkg/lib/demo_pkg/node_B.py
[0.490s] -- Up-to-date: /home/pritam/ros2_WS/install/demo_pkg/lib/demo_pkg/pub.py
[0.490s] -- Up-to-date: /home/pritam/ros2_WS/install/demo_pkg/lib/demo_pkg/square_loop.py
[0.490s] -- Up-to-date: /home/pritam/ros2_WS/install/demo_pkg/lib/demo_pkg/square_open.py
[0.490s] -- Up-to-date: /home/pritam/ros2_WS/install/demo_pkg/lib/demo_pkg/sub.py
[0.491s] -- Up-to-date: /home/pritam/ros2_WS/install/demo_pkg/share/demo_pkg/launch
[0.491s] -- Up-to-date: /home/pritam/ros2_WS/install/demo_pkg/share/demo_pkg/launch/main.launch.py
[0.491s] -- Up-to-date: /home/pritam/ros2_WS/install/demo_pkg/share/ament_index/resource_index/package_run_dependencies/demo_pkg
[0.491s] -- Up-to-date: /home/pritam/ros2_WS/install/demo_pkg/share/ament_index/resource_index/parent_prefix_path/demo_pkg
[0.492s] -- Up-to-date: /home/pritam/ros2_WS/install/demo_pkg/share/demo_pkg/environment/ament_prefix_path.sh
[0.492s] -- Up-to-date: /home/pritam/ros2_WS/install/demo_pkg/share/demo_pkg/environment/ament_prefix_path.dsv
[0.493s] -- Up-to-date: /home/pritam/ros2_WS/install/demo_pkg/share/demo_pkg/environment/path.sh
[0.493s] -- Up-to-date: /home/pritam/ros2_WS/install/demo_pkg/share/demo_pkg/environment/path.dsv
[0.493s] -- Up-to-date: /home/pritam/ros2_WS/install/demo_pkg/share/demo_pkg/local_setup.bash
[0.493s] -- Up-to-date: /home/pritam/ros2_WS/install/demo_pkg/share/demo_pkg/local_setup.sh
[0.493s] -- Up-to-date: /home/pritam/ros2_WS/install/demo_pkg/share/demo_pkg/local_setup.zsh
[0.493s] -- Up-to-date: /home/pritam/ros2_WS/install/demo_pkg/share/demo_pkg/local_setup.dsv
[0.494s] -- Installing: /home/pritam/ros2_WS/install/demo_pkg/share/demo_pkg/package.dsv
[0.494s] -- Up-to-date: /home/pritam/ros2_WS/install/demo_pkg/share/ament_index/resource_index/packages/demo_pkg
[0.494s] -- Up-to-date: /home/pritam/ros2_WS/install/demo_pkg/share/demo_pkg/cmake/demo_pkgConfig.cmake
[0.494s] -- Up-to-date: /home/pritam/ros2_WS/install/demo_pkg/share/demo_pkg/cmake/demo_pkgConfig-version.cmake
[0.495s] -- Up-to-date: /home/pritam/ros2_WS/install/demo_pkg/share/demo_pkg/package.xml
[0.496s] Invoked command in '/home/pritam/ros2_WS/build/demo_pkg' returned '0': CMAKE_PREFIX_PATH=${CMAKE_PREFIX_PATH}:/home/pritam/ros2_WS/install/pub_sub:/home/pritam/ros2_WS/install/add_integers:/opt/ros/humble /usr/bin/cmake --install /home/pritam/ros2_WS/build/demo_pkg
