[0.065s] Invoking command in '/home/pritam/ros2_WS/build/demo_pkg': CMAKE_PREFIX_PATH=/opt/ros/humble /usr/bin/cmake --build /home/pritam/ros2_WS/build/demo_pkg -- -j12 -l12
[0.454s] Invoked command in '/home/pritam/ros2_WS/build/demo_pkg' returned '0': CMAKE_PREFIX_PATH=/opt/ros/humble /usr/bin/cmake --build /home/pritam/ros2_WS/build/demo_pkg -- -j12 -l12
[0.475s] Invoking command in '/home/pritam/ros2_WS/build/demo_pkg': CMAKE_PREFIX_PATH=/opt/ros/humble /usr/bin/cmake --install /home/pritam/ros2_WS/build/demo_pkg
[0.496s] -- Install configuration: ""
[0.497s] -- Up-to-date: /home/pritam/ros2_WS/install/demo_pkg/lib/demo_pkg/circle.py
[0.498s] -- Up-to-date: /home/pritam/ros2_WS/install/demo_pkg/lib/demo_pkg/node_A.py
[0.498s] -- Up-to-date: /home/pritam/ros2_WS/install/demo_pkg/lib/demo_pkg/node_B.py
[0.499s] -- Up-to-date: /home/pritam/ros2_WS/install/demo_pkg/lib/demo_pkg/pub.py
[0.499s] -- Up-to-date: /home/pritam/ros2_WS/install/demo_pkg/lib/demo_pkg/square_loop.py
[0.499s] -- Up-to-date: /home/pritam/ros2_WS/install/demo_pkg/lib/demo_pkg/square_open.py
[0.500s] -- Up-to-date: /home/pritam/ros2_WS/install/demo_pkg/lib/demo_pkg/sub.py
[0.500s] -- Up-to-date: /home/pritam/ros2_WS/install/demo_pkg/share/demo_pkg/launch
[0.500s] -- Up-to-date: /home/pritam/ros2_WS/install/demo_pkg/share/demo_pkg/launch/main.launch.py
[0.501s] -- Up-to-date: /home/pritam/ros2_WS/install/demo_pkg/share/ament_index/resource_index/package_run_dependencies/demo_pkg
[0.501s] -- Up-to-date: /home/pritam/ros2_WS/install/demo_pkg/share/ament_index/resource_index/parent_prefix_path/demo_pkg
[0.501s] -- Up-to-date: /home/pritam/ros2_WS/install/demo_pkg/share/demo_pkg/environment/ament_prefix_path.sh
[0.505s] -- Up-to-date: /home/pritam/ros2_WS/install/demo_pkg/share/demo_pkg/environment/ament_prefix_path.dsv
[0.506s] -- Up-to-date: /home/pritam/ros2_WS/install/demo_pkg/share/demo_pkg/environment/path.sh
[0.507s] -- Up-to-date: /home/pritam/ros2_WS/install/demo_pkg/share/demo_pkg/environment/path.dsv
[0.508s] -- Up-to-date: /home/pritam/ros2_WS/install/demo_pkg/share/demo_pkg/local_setup.bash
[0.514s] -- Up-to-date: /home/pritam/ros2_WS/install/demo_pkg/share/demo_pkg/local_setup.sh
[0.516s] -- Up-to-date: /home/pritam/ros2_WS/install/demo_pkg/share/demo_pkg/local_setup.zsh
[0.517s] -- Up-to-date: /home/pritam/ros2_WS/install/demo_pkg/share/demo_pkg/local_setup.dsv
[0.518s] -- Installing: /home/pritam/ros2_WS/install/demo_pkg/share/demo_pkg/package.dsv
[0.519s] -- Up-to-date: /home/pritam/ros2_WS/install/demo_pkg/share/ament_index/resource_index/packages/demo_pkg
[0.520s] -- Up-to-date: /home/pritam/ros2_WS/install/demo_pkg/share/demo_pkg/cmake/demo_pkgConfig.cmake
[0.522s] -- Up-to-date: /home/pritam/ros2_WS/install/demo_pkg/share/demo_pkg/cmake/demo_pkgConfig-version.cmake
[0.522s] -- Up-to-date: /home/pritam/ros2_WS/install/demo_pkg/share/demo_pkg/package.xml
[0.529s] Invoked command in '/home/pritam/ros2_WS/build/demo_pkg' returned '0': CMAKE_PREFIX_PATH=/opt/ros/humble /usr/bin/cmake --install /home/pritam/ros2_WS/build/demo_pkg
